#
# There is insufficient memory for the Java Runtime Environment to continue.
# Native memory allocation (malloc) failed to allocate 2769728 bytes for Chunk::new
# Possible reasons:
#   The system is out of physical RAM or swap space
#   The process is running with CompressedOops enabled, and the Java Heap may be blocking the growth of the native heap
# Possible solutions:
#   Reduce memory load on the system
#   Increase physical memory or swap space
#   Check if swap backing store is full
#   Decrease Java heap size (-Xmx/-Xms)
#   Decrease number of Java threads
#   Decrease Java thread stack sizes (-Xss)
#   Set larger code cache with -XX:ReservedCodeCacheSize=
#   JVM is running with Unscaled Compressed Oops mode in which the Java heap is
#     placed in the first 4GB address space. The Java Heap base address is the
#     maximum limit for the native heap growth. Please use -XX:HeapBaseMinAddress
#     to set the Java Heap base and to place the Java Heap above 4GB virtual address.
# This output file may be truncated or incomplete.
#
#  Out of Memory Error (arena.cpp:184), pid=16360, tid=14764
#
# JRE version: OpenJDK Runtime Environment (20.0.1+9) (build 20.0.1+9-29)
# Java VM: OpenJDK 64-Bit Server VM (20.0.1+9-29, mixed mode, sharing, tiered, compressed oops, compressed class ptrs, g1 gc, windows-amd64)
# No core dump will be written. Minidumps are not enabled by default on client versions of Windows
#

---------------  S U M M A R Y ------------

Command Line: -Dmaven.multiModuleProjectDirectory=D:\Customer -Djansi.passthrough=true -Dmaven.home=C:\Users\hp\.m2\wrapper\dists\apache-maven-3.8.7-bin\1ktonn2lleg549uah6ngl1r74r\apache-maven-3.8.7 -Dclassworlds.conf=C:\Users\hp\.m2\wrapper\dists\apache-maven-3.8.7-bin\1ktonn2lleg549uah6ngl1r74r\apache-maven-3.8.7\bin\m2.conf -Dmaven.ext.class.path=C:\Users\hp\IntelliJ IDEA Community Edition 2023.1\plugins\maven\lib\maven-event-listener.jar -javaagent:C:\Users\hp\IntelliJ IDEA Community Edition 2023.1\lib\idea_rt.jar=52511:C:\Users\hp\IntelliJ IDEA Community Edition 2023.1\bin -Dfile.encoding=UTF-8 -Dsun.stdout.encoding=UTF-8 -Dsun.stderr.encoding=UTF-8 org.codehaus.classworlds.Launcher -Didea.version=2023.1 install

Host: Intel(R) Core(TM) i5-10210U CPU @ 1.60GHz, 8 cores, 7G,  Windows 10 , 64 bit Build 19041 (10.0.19041.2546)
Time: Sat Apr 22 16:19:55 2023 Pacific Daylight Time elapsed time: 41.322763 seconds (0d 0h 0m 41s)

---------------  T H R E A D  ---------------

Current thread (0x0000013efb975930):  JavaThread "C2 CompilerThread0" daemon [_thread_in_native, id=14764, stack(0x0000001cabe00000,0x0000001cabf00000)]


Current CompileTask:
C2:  41322 7385       4       org.codehaus.plexus.classworlds.realm.ClassRealm::loadClass (7 bytes)

Stack: [0x0000001cabe00000,0x0000001cabf00000]
Native frames: (J=compiled Java code, j=interpreted, Vv=VM code, C=native code)
V  [jvm.dll+0x6bb95a]
V  [jvm.dll+0x8485fa]
V  [jvm.dll+0x84a1f5]
V  [jvm.dll+0x84a8f3]
V  [jvm.dll+0x280b0f]
V  [jvm.dll+0xc2b11]
V  [jvm.dll+0xc2e35]
V  [jvm.dll+0x3bb17c]
V  [jvm.dll+0x1e6aba]
V  [jvm.dll+0x24b3ab]
V  [jvm.dll+0x24a651]
V  [jvm.dll+0x1ce491]
V  [jvm.dll+0x259e1b]
V  [jvm.dll+0x2584f0]
V  [jvm.dll+0x3f2895]
V  [jvm.dll+0x7f4b56]
V  [jvm.dll+0x6ba5cb]
C  [ucrtbase.dll+0x21bb2]
C  [KERNEL32.DLL+0x17614]
C  [ntdll.dll+0x526a1]


---------------  P R O C E S S  ---------------

Threads class SMR info:
_java_thread_list=0x0000013e832e3160, length=12, elements={
0x0000013edd09b600, 0x0000013efb967710, 0x0000013efb9686b0, 0x0000013efb96d700,
0x0000013efb96f1f0, 0x0000013efb96fcd0, 0x0000013efb970610, 0x0000013efb975930,
0x0000013efb979ee0, 0x0000013efb9363e0, 0x0000013effd93140, 0x0000013effd93690
}

Java Threads: ( => current thread )
  0x0000013edd09b600 JavaThread "main" [_thread_in_native, id=16288, stack(0x0000001cab100000,0x0000001cab200000)]
  0x0000013efb967710 JavaThread "Reference Handler" daemon [_thread_blocked, id=2936, stack(0x0000001cab800000,0x0000001cab900000)]
  0x0000013efb9686b0 JavaThread "Finalizer" daemon [_thread_blocked, id=11712, stack(0x0000001cab900000,0x0000001caba00000)]
  0x0000013efb96d700 JavaThread "Signal Dispatcher" daemon [_thread_blocked, id=19264, stack(0x0000001caba00000,0x0000001cabb00000)]
  0x0000013efb96f1f0 JavaThread "Attach Listener" daemon [_thread_blocked, id=15088, stack(0x0000001cabb00000,0x0000001cabc00000)]
  0x0000013efb96fcd0 JavaThread "Service Thread" daemon [_thread_blocked, id=19912, stack(0x0000001cabc00000,0x0000001cabd00000)]
  0x0000013efb970610 JavaThread "Monitor Deflation Thread" daemon [_thread_blocked, id=1308, stack(0x0000001cabd00000,0x0000001cabe00000)]
=>0x0000013efb975930 JavaThread "C2 CompilerThread0" daemon [_thread_in_native, id=14764, stack(0x0000001cabe00000,0x0000001cabf00000)]
  0x0000013efb979ee0 JavaThread "C1 CompilerThread0" daemon [_thread_blocked, id=16404, stack(0x0000001cabf00000,0x0000001cac000000)]
  0x0000013efb9363e0 JavaThread "Common-Cleaner" daemon [_thread_blocked, id=17552, stack(0x0000001cac000000,0x0000001cac100000)]
  0x0000013effd93140 JavaThread "Monitor Ctrl-Break" daemon [_thread_in_native, id=18500, stack(0x0000001cac100000,0x0000001cac200000)]
  0x0000013effd93690 JavaThread "Notification Thread" daemon [_thread_blocked, id=2940, stack(0x0000001cac200000,0x0000001cac300000)]

Other Threads:
  0x0000013efb94e670 VMThread "VM Thread" [stack: 0x0000001cab700000,0x0000001cab800000] [id=13144]
  0x0000013effe40ab0 WatcherThread "VM Periodic Task Thread" [stack: 0x0000001cac300000,0x0000001cac400000] [id=19468]
  0x0000013edd0f7950 WorkerThread "GC Thread#0" [stack: 0x0000001cab200000,0x0000001cab300000] [id=20304]
  0x0000013e80755d10 WorkerThread "GC Thread#1" [stack: 0x0000001cac500000,0x0000001cac600000] [id=15252]
  0x0000013e807562b0 WorkerThread "GC Thread#2" [stack: 0x0000001cac600000,0x0000001cac700000] [id=19876]
  0x0000013e80756b20 WorkerThread "GC Thread#3" [stack: 0x0000001cac700000,0x0000001cac800000] [id=316]
  0x0000013e80756df0 WorkerThread "GC Thread#4" [stack: 0x0000001cac800000,0x0000001cac900000] [id=13468]
  0x0000013e80756580 WorkerThread "GC Thread#5" [stack: 0x0000001cac900000,0x0000001caca00000] [id=19568]
  0x0000013e80755fe0 WorkerThread "GC Thread#6" [stack: 0x0000001caca00000,0x0000001cacb00000] [id=19952]
  0x0000013e80756850 WorkerThread "GC Thread#7" [stack: 0x0000001cacb00000,0x0000001cacc00000] [id=14528]
  0x0000013edd107b40 ConcurrentGCThread "G1 Main Marker" [stack: 0x0000001cab300000,0x0000001cab400000] [id=16796]
  0x0000013edcf8d680 WorkerThread "G1 Conc#0" [stack: 0x0000001cab400000,0x0000001cab500000] [id=17616]
  0x0000013e811e6d50 WorkerThread "G1 Conc#1" [stack: 0x0000001cac400000,0x0000001cac500000] [id=18832]
  0x0000013efb809500 ConcurrentGCThread "G1 Refine#0" [stack: 0x0000001cab500000,0x0000001cab600000] [id=12204]
  0x0000013efb809db0 ConcurrentGCThread "G1 Service" [stack: 0x0000001cab600000,0x0000001cab700000] [id=20260]

Threads with active compile tasks:
C2 CompilerThread0    42340 7385       4       org.codehaus.plexus.classworlds.realm.ClassRealm::loadClass (7 bytes)

VM state: not at safepoint (normal execution)

VM Mutex/Monitor currently owned by a thread: None

Heap address: 0x0000000083000000, size: 2000 MB, Compressed Oops mode: 32-bit

CDS archive(s) mapped at: [0x0000000800000000-0x0000000800c60000-0x0000000800c60000), size 12976128, SharedBaseAddress: 0x0000000800000000, ArchiveRelocationMode: 0.
Compressed class space mapped at: 0x0000000801000000-0x0000000841000000, reserved size: 1073741824
Narrow klass base: 0x0000000800000000, Narrow klass shift: 0, Narrow klass range: 0x100000000

GC Precious Log:
 CardTable entry size: 512
 Card Set container configuration: InlinePtr #cards 5 size 8 Array Of Cards #cards 12 size 40 Howl #buckets 4 coarsen threshold 1843 Howl Bitmap #cards 512 size 80 coarsen threshold 460 Card regions per heap region 1 cards per card region 2048
 CPUs: 8 total, 8 available
 Memory: 7996M
 Large Page Support: Disabled
 NUMA Support: Disabled
 Compressed Oops: Enabled (32-bit)
 Heap Region Size: 1M
 Heap Min Capacity: 8M
 Heap Initial Capacity: 126M
 Heap Max Capacity: 2000M
 Pre-touch: Disabled
 Parallel Workers: 8
 Concurrent Workers: 2
 Concurrent Refinement Workers: 8
 Periodic GC: Disabled

Heap:
 garbage-first heap   total 100352K, used 78848K [0x0000000083000000, 0x0000000100000000)
  region size 1024K, 43 young (44032K), 5 survivors (5120K)
 Metaspace       used 32123K, committed 32768K, reserved 1114112K
  class space    used 3573K, committed 3840K, reserved 1048576K

Heap Regions: E=young(eden), S=young(survivor), O=old, HS=humongous(starts), HC=humongous(continues), CS=collection set, F=free, OA=open archive, CA=closed archive, TAMS=top-at-mark-start, PB=parsable bottom
|   0|0x0000000083000000, 0x0000000083100000, 0x0000000083100000|100%| O|  |TAMS 0x0000000083000000| PB 0x0000000083000000| Untracked 
|   1|0x0000000083100000, 0x0000000083200000, 0x0000000083200000|100%| O|  |TAMS 0x0000000083100000| PB 0x0000000083100000| Untracked 
|   2|0x0000000083200000, 0x0000000083300000, 0x0000000083300000|100%| O|  |TAMS 0x0000000083200000| PB 0x0000000083200000| Untracked 
|   3|0x0000000083300000, 0x0000000083400000, 0x0000000083400000|100%| O|  |TAMS 0x0000000083300000| PB 0x0000000083300000| Untracked 
|   4|0x0000000083400000, 0x0000000083500000, 0x0000000083500000|100%|HS|  |TAMS 0x0000000083400000| PB 0x0000000083400000| Complete 
|   5|0x0000000083500000, 0x0000000083600000, 0x0000000083600000|100%| O|  |TAMS 0x0000000083500000| PB 0x0000000083500000| Untracked 
|   6|0x0000000083600000, 0x0000000083700000, 0x0000000083700000|100%| O|  |TAMS 0x0000000083600000| PB 0x0000000083600000| Untracked 
|   7|0x0000000083700000, 0x0000000083800000, 0x0000000083800000|100%| O|  |TAMS 0x0000000083700000| PB 0x0000000083700000| Untracked 
|   8|0x0000000083800000, 0x0000000083900000, 0x0000000083900000|100%| O|  |TAMS 0x0000000083800000| PB 0x0000000083800000| Untracked 
|   9|0x0000000083900000, 0x0000000083a00000, 0x0000000083a00000|100%| O|  |TAMS 0x0000000083900000| PB 0x0000000083900000| Untracked 
|  10|0x0000000083a00000, 0x0000000083b00000, 0x0000000083b00000|100%| O|  |TAMS 0x0000000083a00000| PB 0x0000000083a00000| Untracked 
|  11|0x0000000083b00000, 0x0000000083c00000, 0x0000000083c00000|100%| O|  |TAMS 0x0000000083b00000| PB 0x0000000083b00000| Untracked 
|  12|0x0000000083c00000, 0x0000000083d00000, 0x0000000083d00000|100%| O|  |TAMS 0x0000000083c00000| PB 0x0000000083c00000| Untracked 
|  13|0x0000000083d00000, 0x0000000083e00000, 0x0000000083e00000|100%| O|  |TAMS 0x0000000083d00000| PB 0x0000000083d00000| Untracked 
|  14|0x0000000083e00000, 0x0000000083f00000, 0x0000000083f00000|100%|HS|  |TAMS 0x0000000083e00000| PB 0x0000000083e00000| Complete 
|  15|0x0000000083f00000, 0x0000000084000000, 0x0000000084000000|100%|HS|  |TAMS 0x0000000083f00000| PB 0x0000000083f00000| Complete 
|  16|0x0000000084000000, 0x0000000084100000, 0x0000000084100000|100%| O|  |TAMS 0x0000000084000000| PB 0x0000000084000000| Untracked 
|  17|0x0000000084100000, 0x0000000084200000, 0x0000000084200000|100%| O|  |TAMS 0x0000000084100000| PB 0x0000000084100000| Complete 
|  18|0x0000000084200000, 0x0000000084300000, 0x0000000084300000|100%| O|  |TAMS 0x0000000084200000| PB 0x0000000084200000| Complete 
|  19|0x0000000084300000, 0x0000000084400000, 0x0000000084400000|100%| O|  |TAMS 0x0000000084300000| PB 0x0000000084300000| Complete 
|  20|0x0000000084400000, 0x0000000084500000, 0x0000000084500000|100%| O|  |TAMS 0x0000000084400000| PB 0x0000000084400000| Untracked 
|  21|0x0000000084500000, 0x0000000084600000, 0x0000000084600000|100%| O|  |TAMS 0x0000000084500000| PB 0x0000000084500000| Untracked 
|  22|0x0000000084600000, 0x0000000084700000, 0x0000000084700000|100%| O|  |TAMS 0x0000000084600000| PB 0x0000000084600000| Complete 
|  23|0x0000000084700000, 0x0000000084800000, 0x0000000084800000|100%| O|  |TAMS 0x0000000084700000| PB 0x0000000084700000| Complete 
|  24|0x0000000084800000, 0x0000000084900000, 0x0000000084900000|100%| O|  |TAMS 0x0000000084800000| PB 0x0000000084800000| Untracked 
|  25|0x0000000084900000, 0x0000000084a00000, 0x0000000084a00000|100%| O|  |TAMS 0x0000000084900000| PB 0x0000000084900000| Untracked 
|  26|0x0000000084a00000, 0x0000000084b00000, 0x0000000084b00000|100%| O|  |TAMS 0x0000000084a00000| PB 0x0000000084a00000| Untracked 
|  27|0x0000000084b00000, 0x0000000084b00000, 0x0000000084c00000|  0%| F|  |TAMS 0x0000000084b00000| PB 0x0000000084b00000| Untracked 
|  28|0x0000000084c00000, 0x0000000084c00000, 0x0000000084d00000|  0%| F|  |TAMS 0x0000000084c00000| PB 0x0000000084c00000| Untracked 
|  29|0x0000000084d00000, 0x0000000084d00000, 0x0000000084e00000|  0%| F|  |TAMS 0x0000000084d00000| PB 0x0000000084d00000| Untracked 
|  30|0x0000000084e00000, 0x0000000084f00000, 0x0000000084f00000|100%| O|  |TAMS 0x0000000084e00000| PB 0x0000000084e00000| Untracked 
|  31|0x0000000084f00000, 0x0000000084f00000, 0x0000000085000000|  0%| F|  |TAMS 0x0000000084f00000| PB 0x0000000084f00000| Untracked 
|  32|0x0000000085000000, 0x0000000085000000, 0x0000000085100000|  0%| F|  |TAMS 0x0000000085000000| PB 0x0000000085000000| Untracked 
|  33|0x0000000085100000, 0x0000000085100000, 0x0000000085200000|  0%| F|  |TAMS 0x0000000085100000| PB 0x0000000085100000| Untracked 
|  34|0x0000000085200000, 0x0000000085200000, 0x0000000085300000|  0%| F|  |TAMS 0x0000000085200000| PB 0x0000000085200000| Untracked 
|  35|0x0000000085300000, 0x0000000085300000, 0x0000000085400000|  0%| F|  |TAMS 0x0000000085300000| PB 0x0000000085300000| Untracked 
|  36|0x0000000085400000, 0x0000000085400000, 0x0000000085500000|  0%| F|  |TAMS 0x0000000085400000| PB 0x0000000085400000| Untracked 
|  37|0x0000000085500000, 0x0000000085500000, 0x0000000085600000|  0%| F|  |TAMS 0x0000000085500000| PB 0x0000000085500000| Untracked 
|  38|0x0000000085600000, 0x0000000085600000, 0x0000000085700000|  0%| F|  |TAMS 0x0000000085600000| PB 0x0000000085600000| Untracked 
|  39|0x0000000085700000, 0x0000000085700000, 0x0000000085800000|  0%| F|  |TAMS 0x0000000085700000| PB 0x0000000085700000| Untracked 
|  40|0x0000000085800000, 0x0000000085800000, 0x0000000085900000|  0%| F|  |TAMS 0x0000000085800000| PB 0x0000000085800000| Untracked 
|  41|0x0000000085900000, 0x0000000085900000, 0x0000000085a00000|  0%| F|  |TAMS 0x0000000085900000| PB 0x0000000085900000| Untracked 
|  42|0x0000000085a00000, 0x0000000085a00000, 0x0000000085b00000|  0%| F|  |TAMS 0x0000000085a00000| PB 0x0000000085a00000| Untracked 
|  43|0x0000000085b00000, 0x0000000085b00000, 0x0000000085c00000|  0%| F|  |TAMS 0x0000000085b00000| PB 0x0000000085b00000| Untracked 
|  44|0x0000000085c00000, 0x0000000085c00000, 0x0000000085d00000|  0%| F|  |TAMS 0x0000000085c00000| PB 0x0000000085c00000| Untracked 
|  45|0x0000000085d00000, 0x0000000085d00000, 0x0000000085e00000|  0%| F|  |TAMS 0x0000000085d00000| PB 0x0000000085d00000| Untracked 
|  46|0x0000000085e00000, 0x0000000085e00000, 0x0000000085f00000|  0%| F|  |TAMS 0x0000000085e00000| PB 0x0000000085e00000| Untracked 
|  47|0x0000000085f00000, 0x0000000085f00000, 0x0000000086000000|  0%| F|  |TAMS 0x0000000085f00000| PB 0x0000000085f00000| Untracked 
|  48|0x0000000086000000, 0x00000000860d0e28, 0x0000000086100000| 81%| E|  |TAMS 0x0000000086000000| PB 0x0000000086000000| Complete 
|  49|0x0000000086100000, 0x0000000086200000, 0x0000000086200000|100%| E|CS|TAMS 0x0000000086100000| PB 0x0000000086100000| Complete 
|  50|0x0000000086200000, 0x0000000086300000, 0x0000000086300000|100%| E|CS|TAMS 0x0000000086200000| PB 0x0000000086200000| Complete 
|  51|0x0000000086300000, 0x0000000086400000, 0x0000000086400000|100%| E|CS|TAMS 0x0000000086300000| PB 0x0000000086300000| Complete 
|  52|0x0000000086400000, 0x0000000086500000, 0x0000000086500000|100%| E|CS|TAMS 0x0000000086400000| PB 0x0000000086400000| Complete 
|  53|0x0000000086500000, 0x0000000086600000, 0x0000000086600000|100%| E|CS|TAMS 0x0000000086500000| PB 0x0000000086500000| Complete 
|  54|0x0000000086600000, 0x0000000086700000, 0x0000000086700000|100%| E|CS|TAMS 0x0000000086600000| PB 0x0000000086600000| Complete 
|  55|0x0000000086700000, 0x0000000086800000, 0x0000000086800000|100%| E|CS|TAMS 0x0000000086700000| PB 0x0000000086700000| Complete 
|  56|0x0000000086800000, 0x0000000086900000, 0x0000000086900000|100%| E|CS|TAMS 0x0000000086800000| PB 0x0000000086800000| Complete 
|  57|0x0000000086900000, 0x0000000086a00000, 0x0000000086a00000|100%| E|CS|TAMS 0x0000000086900000| PB 0x0000000086900000| Complete 
|  58|0x0000000086a00000, 0x0000000086b00000, 0x0000000086b00000|100%| E|CS|TAMS 0x0000000086a00000| PB 0x0000000086a00000| Complete 
|  59|0x0000000086b00000, 0x0000000086c00000, 0x0000000086c00000|100%| E|CS|TAMS 0x0000000086b00000| PB 0x0000000086b00000| Complete 
|  60|0x0000000086c00000, 0x0000000086d00000, 0x0000000086d00000|100%| E|CS|TAMS 0x0000000086c00000| PB 0x0000000086c00000| Complete 
|  61|0x0000000086d00000, 0x0000000086e00000, 0x0000000086e00000|100%| E|CS|TAMS 0x0000000086d00000| PB 0x0000000086d00000| Complete 
|  62|0x0000000086e00000, 0x0000000086f00000, 0x0000000086f00000|100%| E|CS|TAMS 0x0000000086e00000| PB 0x0000000086e00000| Complete 
|  63|0x0000000086f00000, 0x0000000087000000, 0x0000000087000000|100%| E|CS|TAMS 0x0000000086f00000| PB 0x0000000086f00000| Complete 
|  64|0x0000000087000000, 0x0000000087100000, 0x0000000087100000|100%| E|CS|TAMS 0x0000000087000000| PB 0x0000000087000000| Complete 
|  65|0x0000000087100000, 0x0000000087200000, 0x0000000087200000|100%| E|CS|TAMS 0x0000000087100000| PB 0x0000000087100000| Complete 
|  66|0x0000000087200000, 0x0000000087300000, 0x0000000087300000|100%| E|CS|TAMS 0x0000000087200000| PB 0x0000000087200000| Complete 
|  67|0x0000000087300000, 0x0000000087400000, 0x0000000087400000|100%| E|CS|TAMS 0x0000000087300000| PB 0x0000000087300000| Complete 
|  68|0x0000000087400000, 0x0000000087500000, 0x0000000087500000|100%| E|CS|TAMS 0x0000000087400000| PB 0x0000000087400000| Complete 
|  69|0x0000000087500000, 0x0000000087600000, 0x0000000087600000|100%| E|CS|TAMS 0x0000000087500000| PB 0x0000000087500000| Complete 
|  70|0x0000000087600000, 0x0000000087700000, 0x0000000087700000|100%| E|CS|TAMS 0x0000000087600000| PB 0x0000000087600000| Complete 
|  71|0x0000000087700000, 0x0000000087800000, 0x0000000087800000|100%| E|CS|TAMS 0x0000000087700000| PB 0x0000000087700000| Complete 
|  72|0x0000000087800000, 0x0000000087900000, 0x0000000087900000|100%| E|CS|TAMS 0x0000000087800000| PB 0x0000000087800000| Complete 
|  73|0x0000000087900000, 0x0000000087a00000, 0x0000000087a00000|100%| E|CS|TAMS 0x0000000087900000| PB 0x0000000087900000| Complete 
|  74|0x0000000087a00000, 0x0000000087b00000, 0x0000000087b00000|100%| E|CS|TAMS 0x0000000087a00000| PB 0x0000000087a00000| Complete 
|  75|0x0000000087b00000, 0x0000000087c00000, 0x0000000087c00000|100%| E|CS|TAMS 0x0000000087b00000| PB 0x0000000087b00000| Complete 
|  76|0x0000000087c00000, 0x0000000087d00000, 0x0000000087d00000|100%| E|CS|TAMS 0x0000000087c00000| PB 0x0000000087c00000| Complete 
|  77|0x0000000087d00000, 0x0000000087e00000, 0x0000000087e00000|100%| E|CS|TAMS 0x0000000087d00000| PB 0x0000000087d00000| Complete 
|  78|0x0000000087e00000, 0x0000000087f00000, 0x0000000087f00000|100%| E|CS|TAMS 0x0000000087e00000| PB 0x0000000087e00000| Complete 
|  79|0x0000000087f00000, 0x0000000088000000, 0x0000000088000000|100%| E|CS|TAMS 0x0000000087f00000| PB 0x0000000087f00000| Complete 
|  80|0x0000000088000000, 0x0000000088100000, 0x0000000088100000|100%| E|CS|TAMS 0x0000000088000000| PB 0x0000000088000000| Complete 
|  81|0x0000000088100000, 0x0000000088200000, 0x0000000088200000|100%| S|CS|TAMS 0x0000000088100000| PB 0x0000000088100000| Complete 
|  82|0x0000000088200000, 0x0000000088300000, 0x0000000088300000|100%| E|CS|TAMS 0x0000000088200000| PB 0x0000000088200000| Complete 
|  83|0x0000000088300000, 0x0000000088400000, 0x0000000088400000|100%| E|CS|TAMS 0x0000000088300000| PB 0x0000000088300000| Complete 
|  84|0x0000000088400000, 0x0000000088500000, 0x0000000088500000|100%| E|CS|TAMS 0x0000000088400000| PB 0x0000000088400000| Complete 
|  85|0x0000000088500000, 0x0000000088600000, 0x0000000088600000|100%| E|CS|TAMS 0x0000000088500000| PB 0x0000000088500000| Complete 
|  86|0x0000000088600000, 0x0000000088700000, 0x0000000088700000|100%| S|CS|TAMS 0x0000000088600000| PB 0x0000000088600000| Complete 
|  87|0x0000000088700000, 0x0000000088800000, 0x0000000088800000|100%| S|CS|TAMS 0x0000000088700000| PB 0x0000000088700000| Complete 
|  88|0x0000000088800000, 0x0000000088900000, 0x0000000088900000|100%| S|CS|TAMS 0x0000000088800000| PB 0x0000000088800000| Complete 
|  89|0x0000000088900000, 0x0000000088a00000, 0x0000000088a00000|100%| S|CS|TAMS 0x0000000088900000| PB 0x0000000088900000| Complete 
| 125|0x000000008ad00000, 0x000000008ae00000, 0x000000008ae00000|100%| E|CS|TAMS 0x000000008ad00000| PB 0x000000008ad00000| Complete 
|1993|0x00000000ff900000, 0x00000000ffa00000, 0x00000000ffa00000|100%| O|  |TAMS 0x00000000ff900000| PB 0x00000000ff900000| Complete 
|1994|0x00000000ffa00000, 0x00000000ffb00000, 0x00000000ffb00000|100%| O|  |TAMS 0x00000000ffa00000| PB 0x00000000ffa00000| Untracked 
|1995|0x00000000ffb00000, 0x00000000ffc00000, 0x00000000ffc00000|100%| O|  |TAMS 0x00000000ffb00000| PB 0x00000000ffb00000| Untracked 
|1996|0x00000000ffc00000, 0x00000000ffd00000, 0x00000000ffd00000|100%| O|  |TAMS 0x00000000ffc00000| PB 0x00000000ffc00000| Untracked 
|1997|0x00000000ffd00000, 0x00000000ffe00000, 0x00000000ffe00000|100%| O|  |TAMS 0x00000000ffd00000| PB 0x00000000ffd00000| Untracked 
|1998|0x00000000ffe00000, 0x00000000fff00000, 0x00000000fff00000|100%| O|  |TAMS 0x00000000ffe00000| PB 0x00000000ffe00000| Untracked 
|1999|0x00000000fff00000, 0x0000000100000000, 0x0000000100000000|100%| O|  |TAMS 0x00000000fff00000| PB 0x00000000fff00000| Complete 

Card table byte_map: [0x0000013ef67a0000,0x0000013ef6b90000] _byte_map_base: 0x0000013ef6388000

Marking Bits: (CMBitMap*) 0x0000013edcf8afd0
 Bits: [0x0000013ef6f80000, 0x0000013ef8ec0000)

Polling page: 0x0000013edd160000

Metaspace:

Usage:
  Non-class:     27.88 MB used.
      Class:      3.49 MB used.
       Both:     31.37 MB used.

Virtual space:
  Non-class space:       64.00 MB reserved,      28.25 MB ( 44%) committed,  1 nodes.
      Class space:        1.00 GB reserved,       3.75 MB ( <1%) committed,  1 nodes.
             Both:        1.06 GB reserved,      32.00 MB (  3%) committed. 

Chunk freelists:
   Non-Class:  3.61 MB
       Class:  286.00 KB
        Both:  3.89 MB

MaxMetaspaceSize: unlimited
CompressedClassSpaceSize: 1.00 GB
Initial GC threshold: 21.00 MB
Current GC threshold: 47.62 MB
CDS: on
MetaspaceReclaimPolicy: balanced
 - commit_granule_bytes: 65536.
 - commit_granule_words: 8192.
 - virtual_space_node_default_size: 8388608.
 - enlarge_chunks_in_place: 1.
 - new_chunks_are_fully_committed: 0.
 - uncommit_free_chunks: 1.
 - use_allocation_guard: 0.


Internal statistics:

num_allocs_failed_limit: 3.
num_arena_births: 630.
num_arena_deaths: 0.
num_vsnodes_births: 2.
num_vsnodes_deaths: 0.
num_space_committed: 512.
num_space_uncommitted: 0.
num_chunks_returned_to_freelist: 3.
num_chunks_taken_from_freelist: 1804.
num_chunk_merges: 3.
num_chunk_splits: 1252.
num_chunks_enlarged: 945.
num_inconsistent_stats: 0.

CodeHeap 'non-profiled nmethods': size=120000Kb used=3899Kb max_used=3899Kb free=116100Kb
 bounds [0x0000013eee420000, 0x0000013eee7f0000, 0x0000013ef5950000]
CodeHeap 'profiled nmethods': size=120000Kb used=14595Kb max_used=14825Kb free=105404Kb
 bounds [0x0000013ee6950000, 0x0000013ee77d0000, 0x0000013eede80000]
CodeHeap 'non-nmethods': size=5760Kb used=1566Kb max_used=1660Kb free=4193Kb
 bounds [0x0000013eede80000, 0x0000013eee0f0000, 0x0000013eee420000]
 total_blobs=7398 nmethods=6819 adapters=489
 compilation: enabled
              stopped_count=0, restarted_count=0
 full_count=0

Compilation events (20 events):
Event: 39.461 Thread 0x0000013efb979ee0 7394       1       java.util.logging.Level::intValue (5 bytes)
Event: 39.461 Thread 0x0000013efb979ee0 nmethod 7394 0x0000013eee7ec290 code [0x0000013eee7ec400, 0x0000013eee7ec4c8]
Event: 39.605 Thread 0x0000013efb979ee0 7400       3       com.google.inject.internal.BindingImpl::getProvider (44 bytes)
Event: 39.606 Thread 0x0000013efb979ee0 nmethod 7400 0x0000013ee6b4db90 code [0x0000013ee6b4dd40, 0x0000013ee6b4e038]
Event: 39.615 Thread 0x0000013efb979ee0 7406       3       java.lang.invoke.InvokerBytecodeGenerator::<init> (126 bytes)
Event: 39.618 Thread 0x0000013efb979ee0 nmethod 7406 0x0000013ee69c5d10 code [0x0000013ee69c5fe0, 0x0000013ee69c7078]
Event: 39.622 Thread 0x0000013efb979ee0 7417       3       java.lang.invoke.InvokerBytecodeGenerator::emitReturnInsn (122 bytes)
Event: 39.624 Thread 0x0000013efb979ee0 nmethod 7417 0x0000013ee6db4e90 code [0x0000013ee6db50e0, 0x0000013ee6db5a90]
Event: 39.624 Thread 0x0000013efb979ee0 7418       3       jdk.internal.org.objectweb.asm.SymbolTable::addTypeInternal (85 bytes)
Event: 39.624 Thread 0x0000013efb979ee0 nmethod 7418 0x0000013ee69c5310 code [0x0000013ee69c54e0, 0x0000013ee69c5b10]
Event: 39.625 Thread 0x0000013efb979ee0 7419       3       java.lang.invoke.LambdaFormBuffer::endEdit (313 bytes)
Event: 39.627 Thread 0x0000013efb979ee0 nmethod 7419 0x0000013ee69c3f10 code [0x0000013ee69c4160, 0x0000013ee69c4f50]
Event: 39.627 Thread 0x0000013efb979ee0 7420       3       java.lang.invoke.MethodHandles$Lookup::resolveOrFail (44 bytes)
Event: 39.628 Thread 0x0000013efb979ee0 nmethod 7420 0x0000013ee69c2c90 code [0x0000013ee69c2f20, 0x0000013ee69c3b08]
Event: 39.633 Thread 0x0000013efb979ee0 7421   !   3       java.lang.invoke.MethodHandles$Lookup::canBeCached (150 bytes)
Event: 39.636 Thread 0x0000013efb979ee0 nmethod 7421 0x0000013ee69c0f10 code [0x0000013ee69c1220, 0x0000013ee69c25b0]
Event: 39.694 Thread 0x0000013efb979ee0 7422       3       java.util.zip.ZipFile$Source::close (50 bytes)
Event: 39.695 Thread 0x0000013efb979ee0 nmethod 7422 0x0000013ee69c0990 code [0x0000013ee69c0b40, 0x0000013ee69c0e00]
Event: 40.357 Thread 0x0000013efb979ee0 7423       3       java.io.ByteArrayOutputStream::<init> (7 bytes)
Event: 40.357 Thread 0x0000013efb979ee0 nmethod 7423 0x0000013ee6ed3c10 code [0x0000013ee6ed3da0, 0x0000013ee6ed3ee0]

GC Heap History (18 events):
Event: 1.098 GC heap before
{Heap before GC invocations=0 (full 0):
 garbage-first heap   total 129024K, used 23552K [0x0000000083000000, 0x0000000100000000)
  region size 1024K, 23 young (23552K), 0 survivors (0K)
 Metaspace       used 5320K, committed 5440K, reserved 1114112K
  class space    used 601K, committed 640K, reserved 1048576K
}
Event: 1.111 GC heap after
{Heap after GC invocations=1 (full 0):
 garbage-first heap   total 129024K, used 3709K [0x0000000083000000, 0x0000000100000000)
  region size 1024K, 3 young (3072K), 3 survivors (3072K)
 Metaspace       used 5320K, committed 5440K, reserved 1114112K
  class space    used 601K, committed 640K, reserved 1048576K
}
Event: 1.999 GC heap before
{Heap before GC invocations=1 (full 0):
 garbage-first heap   total 129024K, used 34429K [0x0000000083000000, 0x0000000100000000)
  region size 1024K, 33 young (33792K), 3 survivors (3072K)
 Metaspace       used 10368K, committed 10624K, reserved 1114112K
  class space    used 1244K, committed 1344K, reserved 1048576K
}
Event: 2.008 GC heap after
{Heap after GC invocations=2 (full 0):
 garbage-first heap   total 129024K, used 5800K [0x0000000083000000, 0x0000000100000000)
  region size 1024K, 3 young (3072K), 3 survivors (3072K)
 Metaspace       used 10368K, committed 10624K, reserved 1114112K
  class space    used 1244K, committed 1344K, reserved 1048576K
}
Event: 4.210 GC heap before
{Heap before GC invocations=2 (full 0):
 garbage-first heap   total 129024K, used 79528K [0x0000000083000000, 0x0000000100000000)
  region size 1024K, 75 young (76800K), 3 survivors (3072K)
 Metaspace       used 13891K, committed 14144K, reserved 1114112K
  class space    used 1535K, committed 1664K, reserved 1048576K
}
Event: 4.229 GC heap after
{Heap after GC invocations=3 (full 0):
 garbage-first heap   total 129024K, used 13361K [0x0000000083000000, 0x0000000100000000)
  region size 1024K, 10 young (10240K), 10 survivors (10240K)
 Metaspace       used 13891K, committed 14144K, reserved 1114112K
  class space    used 1535K, committed 1664K, reserved 1048576K
}
Event: 5.541 GC heap before
{Heap before GC invocations=3 (full 0):
 garbage-first heap   total 129024K, used 54321K [0x0000000083000000, 0x0000000100000000)
  region size 1024K, 50 young (51200K), 10 survivors (10240K)
 Metaspace       used 21210K, committed 21504K, reserved 1114112K
  class space    used 2335K, committed 2496K, reserved 1048576K
}
Event: 5.565 GC heap after
{Heap after GC invocations=4 (full 0):
 garbage-first heap   total 129024K, used 16095K [0x0000000083000000, 0x0000000100000000)
  region size 1024K, 4 young (4096K), 4 survivors (4096K)
 Metaspace       used 21210K, committed 21504K, reserved 1114112K
  class space    used 2335K, committed 2496K, reserved 1048576K
}
Event: 7.904 GC heap before
{Heap before GC invocations=5 (full 0):
 garbage-first heap   total 61440K, used 60127K [0x0000000083000000, 0x0000000100000000)
  region size 1024K, 45 young (46080K), 4 survivors (4096K)
 Metaspace       used 24096K, committed 24448K, reserved 1114112K
  class space    used 2662K, committed 2816K, reserved 1048576K
}
Event: 7.947 GC heap after
{Heap after GC invocations=6 (full 0):
 garbage-first heap   total 78848K, used 31997K [0x0000000083000000, 0x0000000100000000)
  region size 1024K, 10 young (10240K), 10 survivors (10240K)
 Metaspace       used 24096K, committed 24448K, reserved 1114112K
  class space    used 2662K, committed 2816K, reserved 1048576K
}
Event: 9.565 GC heap before
{Heap before GC invocations=6 (full 0):
 garbage-first heap   total 78848K, used 62717K [0x0000000083000000, 0x0000000100000000)
  region size 1024K, 40 young (40960K), 10 survivors (10240K)
 Metaspace       used 25680K, committed 26112K, reserved 1114112K
  class space    used 2821K, committed 3008K, reserved 1048576K
}
Event: 9.598 GC heap after
{Heap after GC invocations=7 (full 0):
 garbage-first heap   total 78848K, used 35840K [0x0000000083000000, 0x0000000100000000)
  region size 1024K, 3 young (3072K), 3 survivors (3072K)
 Metaspace       used 25680K, committed 26112K, reserved 1114112K
  class space    used 2821K, committed 3008K, reserved 1048576K
}
Event: 11.075 GC heap before
{Heap before GC invocations=7 (full 0):
 garbage-first heap   total 78848K, used 65536K [0x0000000083000000, 0x0000000100000000)
  region size 1024K, 32 young (32768K), 3 survivors (3072K)
 Metaspace       used 27543K, committed 28032K, reserved 1114112K
  class space    used 3044K, committed 3264K, reserved 1048576K
}
Event: 11.097 GC heap after
{Heap after GC invocations=8 (full 0):
 garbage-first heap   total 78848K, used 37234K [0x0000000083000000, 0x0000000100000000)
  region size 1024K, 2 young (2048K), 2 survivors (2048K)
 Metaspace       used 27543K, committed 28032K, reserved 1114112K
  class space    used 3044K, committed 3264K, reserved 1048576K
}
Event: 19.230 GC heap before
{Heap before GC invocations=8 (full 0):
 garbage-first heap   total 78848K, used 66930K [0x0000000083000000, 0x0000000100000000)
  region size 1024K, 31 young (31744K), 2 survivors (2048K)
 Metaspace       used 28624K, committed 29120K, reserved 1114112K
  class space    used 3156K, committed 3392K, reserved 1048576K
}
Event: 19.245 GC heap after
{Heap after GC invocations=9 (full 0):
 garbage-first heap   total 95232K, used 37888K [0x0000000083000000, 0x0000000100000000)
  region size 1024K, 3 young (3072K), 3 survivors (3072K)
 Metaspace       used 28624K, committed 29120K, reserved 1114112K
  class space    used 3156K, committed 3392K, reserved 1048576K
}
Event: 26.536 GC heap before
{Heap before GC invocations=10 (full 0):
 garbage-first heap   total 95232K, used 95232K [0x0000000083000000, 0x0000000100000000)
  region size 1024K, 35 young (35840K), 3 survivors (3072K)
 Metaspace       used 31338K, committed 31872K, reserved 1114112K
  class space    used 3480K, committed 3712K, reserved 1048576K
}
Event: 26.553 GC heap after
{Heap after GC invocations=11 (full 0):
 garbage-first heap   total 100352K, used 39936K [0x0000000083000000, 0x0000000100000000)
  region size 1024K, 5 young (5120K), 5 survivors (5120K)
 Metaspace       used 31338K, committed 31872K, reserved 1114112K
  class space    used 3480K, committed 3712K, reserved 1048576K
}

Dll operation events (12 events):
Event: 0.050 Loaded shared library C:\Users\hp\.jdks\openjdk-20.0.1\bin\java.dll
Event: 0.064 Loaded shared library C:\Users\hp\.jdks\openjdk-20.0.1\bin\jsvml.dll
Event: 0.176 Loaded shared library C:\Users\hp\.jdks\openjdk-20.0.1\bin\zip.dll
Event: 0.181 Loaded shared library C:\Users\hp\.jdks\openjdk-20.0.1\bin\instrument.dll
Event: 0.190 Loaded shared library C:\Users\hp\.jdks\openjdk-20.0.1\bin\net.dll
Event: 0.196 Loaded shared library C:\Users\hp\.jdks\openjdk-20.0.1\bin\nio.dll
Event: 0.201 Loaded shared library C:\Users\hp\.jdks\openjdk-20.0.1\bin\zip.dll
Event: 0.219 Loaded shared library C:\Users\hp\IntelliJ IDEA Community Edition 2023.1\bin\breakgen64.dll
Event: 0.233 Loaded shared library C:\Users\hp\.jdks\openjdk-20.0.1\bin\extnet.dll
Event: 0.346 Loaded shared library C:\Users\hp\.jdks\openjdk-20.0.1\bin\jimage.dll
Event: 0.399 Loaded shared library C:\Users\hp\AppData\Local\Temp\jansi-2.4.0-b87ed96c85078731-jansi.dll
Event: 0.420 Loaded shared library C:\Users\hp\.jdks\openjdk-20.0.1\bin\verify.dll

Deoptimization events (20 events):
Event: 23.370 Thread 0x0000013e8256c500 DEOPT PACKING pc=0x0000013eee6152bc sp=0x0000001cacffee10
Event: 23.370 Thread 0x0000013e8256c500 DEOPT UNPACKING pc=0x0000013eedee9d22 sp=0x0000001cacffedd8 mode 2
Event: 23.370 Thread 0x0000013e82568fe0 Uncommon trap: trap_request=0xffffffc6 fr.pc=0x0000013eee6152bc relative=0x000000000000021c
Event: 23.370 Thread 0x0000013e82568fe0 Uncommon trap: reason=bimorphic_or_optimized_type_check action=maybe_recompile pc=0x0000013eee6152bc method=java.util.concurrent.locks.AbstractQueuedSynchronizer.release(I)Z @ 2 c2
Event: 23.370 Thread 0x0000013e82568fe0 DEOPT PACKING pc=0x0000013eee6152bc sp=0x0000001cad0feff0
Event: 23.370 Thread 0x0000013e82568fe0 DEOPT UNPACKING pc=0x0000013eedee9d22 sp=0x0000001cad0fefb8 mode 2
Event: 27.373 Thread 0x0000013edd09b600 DEOPT PACKING pc=0x0000013ee713ca74 sp=0x0000001cab1fc3c0
Event: 27.373 Thread 0x0000013edd09b600 DEOPT UNPACKING pc=0x0000013eedeea4c2 sp=0x0000001cab1fb918 mode 0
Event: 33.151 Thread 0x0000013edd09b600 Uncommon trap: trap_request=0xffffff45 fr.pc=0x0000013eee7cd280 relative=0x0000000000001cc0
Event: 33.151 Thread 0x0000013edd09b600 Uncommon trap: reason=unstable_if action=reinterpret pc=0x0000013eee7cd280 method=org.apache.maven.model.interpolation.StringVisitorModelInterpolator$ModelVisitor.visit(Lorg/apache/maven/model/Dependency;)V @ 159 c2
Event: 33.151 Thread 0x0000013edd09b600 DEOPT PACKING pc=0x0000013eee7cd280 sp=0x0000001cab1fd510
Event: 33.151 Thread 0x0000013edd09b600 DEOPT UNPACKING pc=0x0000013eedee9d22 sp=0x0000001cab1fd4c8 mode 2
Event: 33.152 Thread 0x0000013edd09b600 Uncommon trap: trap_request=0xffffff45 fr.pc=0x0000013eee739aac relative=0x000000000000142c
Event: 33.152 Thread 0x0000013edd09b600 Uncommon trap: reason=unstable_if action=reinterpret pc=0x0000013eee739aac method=org.apache.maven.model.validation.DefaultModelValidator.validateEffectiveDependency(Lorg/apache/maven/model/building/ModelProblemCollector;Lorg/apache/maven/model/Dependency
Event: 33.152 Thread 0x0000013edd09b600 DEOPT PACKING pc=0x0000013eee739aac sp=0x0000001cab1fd5a0
Event: 33.152 Thread 0x0000013edd09b600 DEOPT UNPACKING pc=0x0000013eedee9d22 sp=0x0000001cab1fd570 mode 2
Event: 33.664 Thread 0x0000013edd09b600 DEOPT PACKING pc=0x0000013ee74850be sp=0x0000001cab1fe080
Event: 33.664 Thread 0x0000013edd09b600 DEOPT UNPACKING pc=0x0000013eedeea4c2 sp=0x0000001cab1fd568 mode 0
Event: 37.544 Thread 0x0000013edd09b600 DEOPT PACKING pc=0x0000013ee77ae175 sp=0x0000001cab1fd710
Event: 37.544 Thread 0x0000013edd09b600 DEOPT UNPACKING pc=0x0000013eedeea4c2 sp=0x0000001cab1fccd0 mode 0

Classes loaded (20 events):
Event: 23.374 Loading class java/util/concurrent/ConcurrentLinkedQueue$Itr
Event: 23.374 Loading class java/util/concurrent/ConcurrentLinkedQueue$Itr done
Event: 23.407 Loading class java/nio/StringCharBuffer
Event: 23.435 Loading class java/nio/StringCharBuffer done
Event: 23.499 Loading class java/util/concurrent/ConcurrentLinkedDeque$Itr
Event: 23.499 Loading class java/util/concurrent/ConcurrentLinkedDeque$AbstractItr
Event: 23.502 Loading class java/util/concurrent/ConcurrentLinkedDeque$AbstractItr done
Event: 23.502 Loading class java/util/concurrent/ConcurrentLinkedDeque$Itr done
Event: 39.193 Loading class javax/management/InstanceNotFoundException
Event: 39.273 Loading class javax/management/OperationsException
Event: 39.273 Loading class javax/management/JMException
Event: 39.274 Loading class javax/management/JMException done
Event: 39.274 Loading class javax/management/OperationsException done
Event: 39.274 Loading class javax/management/InstanceNotFoundException done
Event: 39.274 Loading class javax/management/MBeanServerConnection
Event: 39.274 Loading class javax/management/MBeanServerConnection done
Event: 39.359 Loading class javax/management/ReflectionException
Event: 39.359 Loading class javax/management/ReflectionException done
Event: 39.428 Loading class java/util/jar/JarOutputStream
Event: 39.429 Loading class java/util/jar/JarOutputStream done

Classes unloaded (0 events):
No events

Classes redefined (0 events):
No events

Internal exceptions (20 events):
Event: 11.861 Thread 0x0000013edd09b600 Exception <a 'sun/nio/fs/WindowsException'{0x0000000086e039c8}> (0x0000000086e039c8) 
thrown [s\open\src\hotspot\share\prims\jni.cpp, line 519]
Event: 11.861 Thread 0x0000013edd09b600 Exception <a 'sun/nio/fs/WindowsException'{0x0000000086e04060}> (0x0000000086e04060) 
thrown [s\open\src\hotspot\share\prims\jni.cpp, line 519]
Event: 11.861 Thread 0x0000013edd09b600 Exception <a 'sun/nio/fs/WindowsException'{0x0000000086e047d8}> (0x0000000086e047d8) 
thrown [s\open\src\hotspot\share\prims\jni.cpp, line 519]
Event: 11.861 Thread 0x0000013edd09b600 Exception <a 'sun/nio/fs/WindowsException'{0x0000000086e04ed8}> (0x0000000086e04ed8) 
thrown [s\open\src\hotspot\share\prims\jni.cpp, line 519]
Event: 11.867 Thread 0x0000013edd09b600 Exception <a 'sun/nio/fs/WindowsException'{0x0000000086e15690}> (0x0000000086e15690) 
thrown [s\open\src\hotspot\share\prims\jni.cpp, line 519]
Event: 11.867 Thread 0x0000013edd09b600 Exception <a 'sun/nio/fs/WindowsException'{0x0000000086e15d08}> (0x0000000086e15d08) 
thrown [s\open\src\hotspot\share\prims\jni.cpp, line 519]
Event: 11.867 Thread 0x0000013edd09b600 Exception <a 'sun/nio/fs/WindowsException'{0x0000000086e163d0}> (0x0000000086e163d0) 
thrown [s\open\src\hotspot\share\prims\jni.cpp, line 519]
Event: 11.868 Thread 0x0000013edd09b600 Exception <a 'sun/nio/fs/WindowsException'{0x0000000086e16ac0}> (0x0000000086e16ac0) 
thrown [s\open\src\hotspot\share\prims\jni.cpp, line 519]
Event: 11.874 Thread 0x0000013edd09b600 Exception <a 'sun/nio/fs/WindowsException'{0x0000000086e2c878}> (0x0000000086e2c878) 
thrown [s\open\src\hotspot\share\prims\jni.cpp, line 519]
Event: 11.875 Thread 0x0000013edd09b600 Exception <a 'sun/nio/fs/WindowsException'{0x0000000086e2cf00}> (0x0000000086e2cf00) 
thrown [s\open\src\hotspot\share\prims\jni.cpp, line 519]
Event: 11.875 Thread 0x0000013edd09b600 Exception <a 'sun/nio/fs/WindowsException'{0x0000000086e2d620}> (0x0000000086e2d620) 
thrown [s\open\src\hotspot\share\prims\jni.cpp, line 519]
Event: 19.370 Thread 0x0000013edd09b600 Implicit null exception at 0x0000013eee6c9151 to 0x0000013eee6c9344
Event: 19.554 Thread 0x0000013edd09b600 Exception <a 'java/lang/NoSuchMethodError'{0x00000000882cc5c8}: 'java.lang.String org.apache.maven.execution.MavenExecutionRequest.getFailureBehavior()'> (0x00000000882cc5c8) 
thrown [s\open\src\hotspot\share\interpreter\linkResolver.cpp, line 869]
Event: 19.794 Thread 0x0000013e806ca040 Exception <a 'java/lang/NoSuchMethodError'{0x000000008833b488}: 'java.lang.Object java.lang.invoke.DirectMethodHandle$Holder.invokeStatic(java.lang.Object, long, java.lang.Object)'> (0x000000008833b488) 
thrown [s\open\src\hotspot\share\interpreter\linkResolver.cpp, line 773]
Event: 19.795 Thread 0x0000013e806ca040 Exception <a 'java/lang/NoSuchMethodError'{0x000000008833e830}: 'java.lang.Object java.lang.invoke.DirectMethodHandle$Holder.invokeStaticInit(java.lang.Object, long, java.lang.Object)'> (0x000000008833e830) 
thrown [s\open\src\hotspot\share\interpreter\linkResolver.cpp, line 773]
Event: 19.797 Thread 0x0000013e806ca040 Exception <a 'java/lang/NoSuchMethodError'{0x00000000883441b0}: 'java.lang.Object java.lang.invoke.DirectMethodHandle$Holder.newInvokeSpecial(java.lang.Object, long)'> (0x00000000883441b0) 
thrown [s\open\src\hotspot\share\interpreter\linkResolver.cpp, line 773]
Event: 19.832 Thread 0x0000013e806ca040 Exception <a 'java/lang/NoSuchMethodError'{0x0000000088002310}: 'long java.lang.invoke.DirectMethodHandle$Holder.invokeInterface(java.lang.Object, java.lang.Object)'> (0x0000000088002310) 
thrown [s\open\src\hotspot\share\interpreter\linkResolver.cpp, line 773]
Event: 19.833 Thread 0x0000013e806ca040 Exception <a 'java/lang/NoSuchMethodError'{0x0000000088005978}: 'long java.lang.invoke.DelegatingMethodHandle$Holder.reinvoke_L(java.lang.Object, java.lang.Object)'> (0x0000000088005978) 
thrown [s\open\src\hotspot\share\interpreter\linkResolver.cpp, line 773]
Event: 23.211 Thread 0x0000013edd09b600 Exception <a 'java/lang/NoSuchMethodError'{0x0000000086d36ed8}: 'void java.lang.invoke.DirectMethodHandle$Holder.invokeStaticInit(java.lang.Object, java.lang.Object)'> (0x0000000086d36ed8) 
thrown [s\open\src\hotspot\share\interpreter\linkResolver.cpp, line 773]
Event: 39.389 Thread 0x0000013edd09b600 Exception <a 'java/lang/NoClassDefFoundError'{0x000000008663ede8}: org/sonatype/aether/graph/DependencyNode> (0x000000008663ede8) 
thrown [s\open\src\hotspot\share\classfile\systemDictionary.cpp, line 294]

VM Operations (20 events):
Event: 25.501 Executing VM operation: Cleanup
Event: 25.501 Executing VM operation: Cleanup done
Event: 26.508 Executing VM operation: Cleanup
Event: 26.508 Executing VM operation: Cleanup done
Event: 26.536 Executing VM operation: G1CollectForAllocation
Event: 26.553 Executing VM operation: G1CollectForAllocation done
Event: 27.560 Executing VM operation: Cleanup
Event: 27.561 Executing VM operation: Cleanup done
Event: 30.577 Executing VM operation: Cleanup
Event: 30.577 Executing VM operation: Cleanup done
Event: 31.578 Executing VM operation: Cleanup
Event: 31.579 Executing VM operation: Cleanup done
Event: 32.594 Executing VM operation: Cleanup
Event: 32.594 Executing VM operation: Cleanup done
Event: 33.607 Executing VM operation: Cleanup
Event: 33.607 Executing VM operation: Cleanup done
Event: 34.613 Executing VM operation: Cleanup
Event: 34.614 Executing VM operation: Cleanup done
Event: 39.659 Executing VM operation: Cleanup
Event: 39.659 Executing VM operation: Cleanup done

Events (20 events):
Event: 19.362 Thread 0x0000013e806ca040 Thread added: 0x0000013e806ca040
Event: 19.837 Thread 0x0000013e806ca040 Thread exited: 0x0000013e806ca040
Event: 20.103 Thread 0x0000013e82278f30 Thread added: 0x0000013e82278f30
Event: 22.582 Thread 0x0000013e82278f30 Thread exited: 0x0000013e82278f30
Event: 23.367 Thread 0x0000013e8256cfa0 Thread added: 0x0000013e8256cfa0
Event: 23.368 Thread 0x0000013e8256bfb0 Thread added: 0x0000013e8256bfb0
Event: 23.368 Thread 0x0000013e8256ca50 Thread added: 0x0000013e8256ca50
Event: 23.369 Thread 0x0000013e8256c500 Thread added: 0x0000013e8256c500
Event: 23.369 Thread 0x0000013e82568fe0 Thread added: 0x0000013e82568fe0
Event: 23.370 Thread 0x0000013e8256ef80 Thread added: 0x0000013e8256ef80
Event: 23.370 Thread 0x0000013e82569fd0 Thread added: 0x0000013e82569fd0
Event: 23.371 Thread 0x0000013e82569530 Thread added: 0x0000013e82569530
Event: 23.874 Thread 0x0000013e8256cfa0 Thread exited: 0x0000013e8256cfa0
Event: 23.874 Thread 0x0000013e8256bfb0 Thread exited: 0x0000013e8256bfb0
Event: 23.874 Thread 0x0000013e82569530 Thread exited: 0x0000013e82569530
Event: 23.874 Thread 0x0000013e8256c500 Thread exited: 0x0000013e8256c500
Event: 23.874 Thread 0x0000013e82569fd0 Thread exited: 0x0000013e82569fd0
Event: 23.874 Thread 0x0000013e8256ef80 Thread exited: 0x0000013e8256ef80
Event: 23.874 Thread 0x0000013e8256ca50 Thread exited: 0x0000013e8256ca50
Event: 23.875 Thread 0x0000013e82568fe0 Thread exited: 0x0000013e82568fe0


Dynamic libraries:
0x00007ff74e6b0000 - 0x00007ff74e6be000 	C:\Users\hp\.jdks\openjdk-20.0.1\bin\java.exe
0x00007fffd3a30000 - 0x00007fffd3c28000 	C:\Windows\SYSTEM32\ntdll.dll
0x00007fff9f970000 - 0x00007fff9f989000 	C:\Program Files\Avast Software\Avast\aswhook.dll
0x00007fffd1b10000 - 0x00007fffd1bcf000 	C:\Windows\System32\KERNEL32.DLL
0x00007fffd1130000 - 0x00007fffd1402000 	C:\Windows\System32\KERNELBASE.dll
0x00007fffd1630000 - 0x00007fffd1730000 	C:\Windows\System32\ucrtbase.dll
0x00007fffcc770000 - 0x00007fffcc787000 	C:\Users\hp\.jdks\openjdk-20.0.1\bin\jli.dll
0x00007fffa58f0000 - 0x00007fffa590b000 	C:\Users\hp\.jdks\openjdk-20.0.1\bin\VCRUNTIME140.dll
0x00007fffd2650000 - 0x00007fffd27f1000 	C:\Windows\System32\USER32.dll
0x00007fffd1840000 - 0x00007fffd1862000 	C:\Windows\System32\win32u.dll
0x00007fffb5760000 - 0x00007fffb59fa000 	C:\Windows\WinSxS\amd64_microsoft.windows.common-controls_6595b64144ccf1df_6.0.19041.1110_none_60b5254171f9507e\COMCTL32.dll
0x00007fffd1bd0000 - 0x00007fffd1bfb000 	C:\Windows\System32\GDI32.dll
0x00007fffd2290000 - 0x00007fffd232e000 	C:\Windows\System32\msvcrt.dll
0x00007fffd1730000 - 0x00007fffd183f000 	C:\Windows\System32\gdi32full.dll
0x00007fffd1410000 - 0x00007fffd14ad000 	C:\Windows\System32\msvcp_win.dll
0x00007fffd1c60000 - 0x00007fffd1c90000 	C:\Windows\System32\IMM32.DLL
0x00007fffb9220000 - 0x00007fffb922c000 	C:\Users\hp\.jdks\openjdk-20.0.1\bin\vcruntime140_1.dll
0x00007fff9c680000 - 0x00007fff9c70e000 	C:\Users\hp\.jdks\openjdk-20.0.1\bin\msvcp140.dll
0x00007fff8b5b0000 - 0x00007fff8c247000 	C:\Users\hp\.jdks\openjdk-20.0.1\bin\server\jvm.dll
0x00007fffd3940000 - 0x00007fffd39ee000 	C:\Windows\System32\ADVAPI32.dll
0x00007fffd36f0000 - 0x00007fffd378c000 	C:\Windows\System32\sechost.dll
0x00007fffd2330000 - 0x00007fffd2454000 	C:\Windows\System32\RPCRT4.dll
0x00007fffc8fc0000 - 0x00007fffc8fca000 	C:\Windows\SYSTEM32\VERSION.dll
0x00007fffb8ec0000 - 0x00007fffb8ec9000 	C:\Windows\SYSTEM32\WSOCK32.dll
0x00007fffaee20000 - 0x00007fffaee47000 	C:\Windows\SYSTEM32\WINMM.dll
0x00007fffd2810000 - 0x00007fffd287b000 	C:\Windows\System32\WS2_32.dll
0x00007fffcf940000 - 0x00007fffcf952000 	C:\Windows\SYSTEM32\kernel.appcore.dll
0x00007fffb47a0000 - 0x00007fffb47aa000 	C:\Users\hp\.jdks\openjdk-20.0.1\bin\jimage.dll
0x00007fffceeb0000 - 0x00007fffcf094000 	C:\Windows\SYSTEM32\DBGHELP.DLL
0x00007fffb9170000 - 0x00007fffb91a5000 	C:\Windows\SYSTEM32\dbgcore.DLL
0x00007fffd14b0000 - 0x00007fffd1532000 	C:\Windows\System32\bcryptPrimitives.dll
0x00007fffcc7e0000 - 0x00007fffcc7ee000 	C:\Users\hp\.jdks\openjdk-20.0.1\bin\instrument.dll
0x00007fffa5770000 - 0x00007fffa5796000 	C:\Users\hp\.jdks\openjdk-20.0.1\bin\java.dll
0x00007fff995d0000 - 0x00007fff996a7000 	C:\Users\hp\.jdks\openjdk-20.0.1\bin\jsvml.dll
0x00007fffd2d20000 - 0x00007fffd3465000 	C:\Windows\System32\SHELL32.dll
0x00007fffcf190000 - 0x00007fffcf922000 	C:\Windows\SYSTEM32\windows.storage.dll
0x00007fffd2910000 - 0x00007fffd2c65000 	C:\Windows\System32\combase.dll
0x00007fffd0ab0000 - 0x00007fffd0ae0000 	C:\Windows\SYSTEM32\Wldp.dll
0x00007fffd1c90000 - 0x00007fffd1d3d000 	C:\Windows\System32\SHCORE.dll
0x00007fffd1c00000 - 0x00007fffd1c55000 	C:\Windows\System32\shlwapi.dll
0x00007fffd1070000 - 0x00007fffd108f000 	C:\Windows\SYSTEM32\profapi.dll
0x00007fffa01b0000 - 0x00007fffa01c8000 	C:\Users\hp\.jdks\openjdk-20.0.1\bin\zip.dll
0x00007fffa09f0000 - 0x00007fffa0a03000 	C:\Users\hp\.jdks\openjdk-20.0.1\bin\net.dll
0x00007fffc6f40000 - 0x00007fffc704a000 	C:\Windows\SYSTEM32\WINHTTP.dll
0x00007fffd0890000 - 0x00007fffd08fa000 	C:\Windows\system32\mswsock.dll
0x00007fffcec50000 - 0x00007fffcec5a000 	C:\Windows\system32\wshqos.dll
0x00007fffcec40000 - 0x00007fffcec48000 	C:\Windows\SYSTEM32\wshtcpip.DLL
0x00007fffcec30000 - 0x00007fffcec38000 	C:\Windows\SYSTEM32\wship6.dll
0x00007fffa0840000 - 0x00007fffa0856000 	C:\Users\hp\.jdks\openjdk-20.0.1\bin\nio.dll
0x00007fffb63f0000 - 0x00007fffb640a000 	C:\Users\hp\IntelliJ IDEA Community Edition 2023.1\bin\breakgen64.dll
0x00007fffb2ee0000 - 0x00007fffb2ee7000 	C:\Users\hp\.jdks\openjdk-20.0.1\bin\extnet.dll
0x0000000069ac0000 - 0x0000000069ae4000 	C:\Users\hp\AppData\Local\Temp\jansi-2.4.0-b87ed96c85078731-jansi.dll
0x00007fffafa10000 - 0x00007fffafa20000 	C:\Users\hp\.jdks\openjdk-20.0.1\bin\verify.dll

dbghelp: loaded successfully - version: 4.0.5 - missing functions: none
symbol engine: initialized successfully - sym options: 0x614 - pdb path: .;C:\Users\hp\.jdks\openjdk-20.0.1\bin;C:\Windows\SYSTEM32;C:\Program Files\Avast Software\Avast;C:\Windows\WinSxS\amd64_microsoft.windows.common-controls_6595b64144ccf1df_6.0.19041.1110_none_60b5254171f9507e;C:\Users\hp\.jdks\openjdk-20.0.1\bin\server;C:\Users\hp\IntelliJ IDEA Community Edition 2023.1\bin;C:\Users\hp\AppData\Local\Temp

VM Arguments:
jvm_args: -Dmaven.multiModuleProjectDirectory=D:\Customer -Djansi.passthrough=true -Dmaven.home=C:\Users\hp\.m2\wrapper\dists\apache-maven-3.8.7-bin\1ktonn2lleg549uah6ngl1r74r\apache-maven-3.8.7 -Dclassworlds.conf=C:\Users\hp\.m2\wrapper\dists\apache-maven-3.8.7-bin\1ktonn2lleg549uah6ngl1r74r\apache-maven-3.8.7\bin\m2.conf -Dmaven.ext.class.path=C:\Users\hp\IntelliJ IDEA Community Edition 2023.1\plugins\maven\lib\maven-event-listener.jar -javaagent:C:\Users\hp\IntelliJ IDEA Community Edition 2023.1\lib\idea_rt.jar=52511:C:\Users\hp\IntelliJ IDEA Community Edition 2023.1\bin -Dfile.encoding=UTF-8 -Dsun.stdout.encoding=UTF-8 -Dsun.stderr.encoding=UTF-8 
java_command: org.codehaus.classworlds.Launcher -Didea.version=2023.1 install
java_class_path (initial): C:\Users\hp\.m2\wrapper\dists\apache-maven-3.8.7-bin\1ktonn2lleg549uah6ngl1r74r\apache-maven-3.8.7\boot\plexus-classworlds-2.6.0.jar;C:\Users\hp\.m2\wrapper\dists\apache-maven-3.8.7-bin\1ktonn2lleg549uah6ngl1r74r\apache-maven-3.8.7\boot\plexus-classworlds.license
Launcher Type: SUN_STANDARD

[Global flags]
     intx CICompilerCount                          = 4                                         {product} {ergonomic}
     uint ConcGCThreads                            = 2                                         {product} {ergonomic}
     uint G1ConcRefinementThreads                  = 8                                         {product} {ergonomic}
   size_t G1HeapRegionSize                         = 1048576                                   {product} {ergonomic}
    uintx GCDrainStackTargetSize                   = 64                                        {product} {ergonomic}
   size_t InitialHeapSize                          = 132120576                                 {product} {ergonomic}
   size_t MarkStackSize                            = 4194304                                   {product} {ergonomic}
   size_t MaxHeapSize                              = 2097152000                                {product} {ergonomic}
   size_t MaxNewSize                               = 1258291200                                {product} {ergonomic}
   size_t MinHeapDeltaBytes                        = 1048576                                   {product} {ergonomic}
   size_t MinHeapSize                              = 8388608                                   {product} {ergonomic}
    uintx NonNMethodCodeHeapSize                   = 5839372                                {pd product} {ergonomic}
    uintx NonProfiledCodeHeapSize                  = 122909434                              {pd product} {ergonomic}
     bool PerfDisableSharedMem                     = true                                      {product} {ergonomic}
    uintx ProfiledCodeHeapSize                     = 122909434                              {pd product} {ergonomic}
    uintx ReservedCodeCacheSize                    = 251658240                              {pd product} {ergonomic}
     bool SegmentedCodeCache                       = true                                      {product} {ergonomic}
   size_t SoftMaxHeapSize                          = 2097152000                             {manageable} {ergonomic}
     bool UseCompressedClassPointers               = true                           {product lp64_product} {ergonomic}
     bool UseCompressedOops                        = true                           {product lp64_product} {ergonomic}
     bool UseG1GC                                  = true                                      {product} {ergonomic}
     bool UseLargePagesIndividualAllocation        = false                                  {pd product} {ergonomic}

Logging:
Log output configuration:
 #0: stdout all=warning uptime,level,tags foldmultilines=false
 #1: stderr all=off uptime,level,tags foldmultilines=false

Environment Variables:
PATH=C:\Program Files\NVIDIA GPU Computing Toolkit\CUDA\v12.0\bin;C:\Program Files\NVIDIA GPU Computing Toolkit\CUDA\v12.0\libnvvp;C:\Program Files\Common Files\Oracle\Java\javapath;C:\Program Files (x86)\Common Files\Oracle\Java\javapath;C:\Program Files\Python310\Scripts\;C:\Program Files\Python310\;C:\ProgramData\Oracle\Java\javapath;C:\Windows\system32;C:\Windows;C:\Windows\System32\Wbem;C:\Windows\System32\WindowsPowerShell\v1.0\;C:\Windows\System32\OpenSSH\;C:\Program Files (x86)\NVIDIA Corporation\PhysX\Common;C:\Program Files\NVIDIA Corporation\NVIDIA NvDLISR;C:\Program Files\Microsoft SQL Server\Client SDK\ODBC\170\Tools\Binn\;C:\Program Files (x86)\Microsoft SQL Server\150\Tools\Binn\;C:\Program Files\Microsoft SQL Server\150\Tools\Binn\;C:\Program Files\Microsoft SQL Server\150\DTS\Binn\;C:\Program Files (x86)\Microsoft SQL Server\150\DTS\Binn\;C:\Program Files\Azure Data Studio\bin;C:\Program Files\Git\cmd;C:\Program Files (x86)\Mozart\bin;C:\Program Files\Mozart\bin;C:\Program Files\Microsoft SQL Server\130\Tools\Binn\;C:\Program Files\dotnet\;C:\Program Files (x86)\NetCDF4Excel;C:\Program Files\NVIDIA Corporation\Nsight Compute 2022.4.0\;C:\Program Files\Docker\Docker\resources\bin;C:\Users\hp\AppData\Local\Microsoft\WindowsApps;;C:\Program Files\Azure Data Studio\bin;C:\Users\hp\.dotnet\tools;C:\Users\hp\AppData\Local\Programs\Microsoft VS Code\bin
USERNAME=hp
OS=Windows_NT
PROCESSOR_IDENTIFIER=Intel64 Family 6 Model 166 Stepping 0, GenuineIntel
TMP=C:\Users\hp\AppData\Local\Temp
TEMP=C:\Users\hp\AppData\Local\Temp




---------------  S Y S T E M  ---------------

OS:
 Windows 10 , 64 bit Build 19041 (10.0.19041.2546)
OS uptime: 0 days 1:21 hours
Hyper-V role detected

CPU: total 8 (initial active 8) (4 cores per cpu, 2 threads per core) family 6 model 166 stepping 0 microcode 0xe0, cx8, cmov, fxsr, ht, mmx, 3dnowpref, sse, sse2, sse3, ssse3, sse4.1, sse4.2, popcnt, lzcnt, tsc, tscinvbit, avx, avx2, aes, erms, clmul, bmi1, bmi2, adx, fma, vzeroupper, clflush, clflushopt, hv, rdtscp, f16c

Memory: 4k page, system-wide physical 7996M (281M free)
TotalPageFile size 11939M (AvailPageFile size 4M)
current process WorkingSet (physical memory assigned to process): 256M, peak: 280M
current process commit charge ("private bytes"): 329M, peak: 337M

vm_info: OpenJDK 64-Bit Server VM (20.0.1+9-29) for windows-amd64 JRE (20.0.1+9-29), built on 2023-03-07T13:56:11Z by "mach5one" with MS VC++ 17.1 (VS2022)

END.
