#
# There is insufficient memory for the Java Runtime Environment to continue.
# Native memory allocation (mmap) failed to map 18874368 bytes for G1 virtual space
# Possible reasons:
#   The system is out of physical RAM or swap space
#   The process is running with CompressedOops enabled, and the Java Heap may be blocking the growth of the native heap
# Possible solutions:
#   Reduce memory load on the system
#   Increase physical memory or swap space
#   Check if swap backing store is full
#   Decrease Java heap size (-Xmx/-Xms)
#   Decrease number of Java threads
#   Decrease Java thread stack sizes (-Xss)
#   Set larger code cache with -XX:ReservedCodeCacheSize=
#   JVM is running with Unscaled Compressed Oops mode in which the Java heap is
#     placed in the first 4GB address space. The Java Heap base address is the
#     maximum limit for the native heap growth. Please use -XX:HeapBaseMinAddress
#     to set the Java Heap base and to place the Java Heap above 4GB virtual address.
# This output file may be truncated or incomplete.
#
#  Out of Memory Error (os_windows.cpp:3528), pid=12772, tid=15232
#
# JRE version: OpenJDK Runtime Environment (20.0.1+9) (build 20.0.1+9-29)
# Java VM: OpenJDK 64-Bit Server VM (20.0.1+9-29, mixed mode, sharing, tiered, compressed oops, compressed class ptrs, g1 gc, windows-amd64)
# No core dump will be written. Minidumps are not enabled by default on client versions of Windows
#

---------------  S U M M A R Y ------------

Command Line: -Dmaven.multiModuleProjectDirectory=D:\Customer -Djansi.passthrough=true -Dmaven.home=C:\Users\hp\.m2\wrapper\dists\apache-maven-3.8.7-bin\1ktonn2lleg549uah6ngl1r74r\apache-maven-3.8.7 -Dclassworlds.conf=C:\Users\hp\.m2\wrapper\dists\apache-maven-3.8.7-bin\1ktonn2lleg549uah6ngl1r74r\apache-maven-3.8.7\bin\m2.conf -Dmaven.ext.class.path=C:\Users\hp\IntelliJ IDEA Community Edition 2023.1\plugins\maven\lib\maven-event-listener.jar -javaagent:C:\Users\hp\IntelliJ IDEA Community Edition 2023.1\lib\idea_rt.jar=52890:C:\Users\hp\IntelliJ IDEA Community Edition 2023.1\bin -Dfile.encoding=UTF-8 -Dsun.stdout.encoding=UTF-8 -Dsun.stderr.encoding=UTF-8 org.codehaus.classworlds.Launcher -Didea.version=2023.1 install

Host: Intel(R) Core(TM) i5-10210U CPU @ 1.60GHz, 8 cores, 7G,  Windows 10 , 64 bit Build 19041 (10.0.19041.2546)
Time: Mon Apr 24 15:26:32 2023 Pacific Daylight Time elapsed time: 17.765043 seconds (0d 0h 0m 17s)

---------------  T H R E A D  ---------------

Current thread (0x0000023f4519b9f0):  VMThread "VM Thread" [stack: 0x000000609d000000,0x000000609d100000] [id=15232]

Stack: [0x000000609d000000,0x000000609d100000]
Native frames: (J=compiled Java code, j=interpreted, Vv=VM code, C=native code)
V  [jvm.dll+0x6bb95a]
V  [jvm.dll+0x8485fa]
V  [jvm.dll+0x84a1f5]
V  [jvm.dll+0x84a8f3]
V  [jvm.dll+0x280b0f]
V  [jvm.dll+0x6b86e9]
V  [jvm.dll+0x6ad2da]
V  [jvm.dll+0x35adf5]
V  [jvm.dll+0x363016]
V  [jvm.dll+0x3b3b3e]
V  [jvm.dll+0x3b3dc5]
V  [jvm.dll+0x32b50a]
V  [jvm.dll+0x32e126]
V  [jvm.dll+0x3381ee]
V  [jvm.dll+0x371a5a]
V  [jvm.dll+0x85023e]
V  [jvm.dll+0x851351]
V  [jvm.dll+0x851859]
V  [jvm.dll+0x851ad3]
V  [jvm.dll+0x7f4b56]
V  [jvm.dll+0x6ba5cb]
C  [ucrtbase.dll+0x21bb2]
C  [KERNEL32.DLL+0x17614]
C  [ntdll.dll+0x526a1]

VM_Operation (0x000000609ccffa60): G1PauseRemark, mode: safepoint, requested by thread 0x0000023f28904ca0


---------------  P R O C E S S  ---------------

Threads class SMR info:
_java_thread_list=0x0000023f4c216d60, length=21, elements={
0x0000023f288976d0, 0x0000023f451b50e0, 0x0000023f451b5fb0, 0x0000023f451bbe70,
0x0000023f451dd7d0, 0x0000023f451de1e0, 0x0000023f451e02d0, 0x0000023f451e1cf0,
0x0000023f451e8720, 0x0000023f494d6f10, 0x0000023f494d49e0, 0x0000023f494d4f30,
0x0000023f4a78eb40, 0x0000023f4c0546b0, 0x0000023f4c056140, 0x0000023f4c057130,
0x0000023f4c057680, 0x0000023f4c058670, 0x0000023f4c059110, 0x0000023f4c059660,
0x0000023f4c05a650
}

Java Threads: ( => current thread )
  0x0000023f288976d0 JavaThread "main" [_thread_blocked, id=15592, stack(0x000000609ca00000,0x000000609cb00000)]
  0x0000023f451b50e0 JavaThread "Reference Handler" daemon [_thread_blocked, id=13564, stack(0x000000609d100000,0x000000609d200000)]
  0x0000023f451b5fb0 JavaThread "Finalizer" daemon [_thread_blocked, id=3588, stack(0x000000609d200000,0x000000609d300000)]
  0x0000023f451bbe70 JavaThread "Signal Dispatcher" daemon [_thread_blocked, id=12724, stack(0x000000609d300000,0x000000609d400000)]
  0x0000023f451dd7d0 JavaThread "Attach Listener" daemon [_thread_blocked, id=12308, stack(0x000000609d400000,0x000000609d500000)]
  0x0000023f451de1e0 JavaThread "Service Thread" daemon [_thread_blocked, id=13592, stack(0x000000609d500000,0x000000609d600000)]
  0x0000023f451e02d0 JavaThread "Monitor Deflation Thread" daemon [_thread_blocked, id=12872, stack(0x000000609d600000,0x000000609d700000)]
  0x0000023f451e1cf0 JavaThread "C2 CompilerThread0" daemon [_thread_blocked, id=10500, stack(0x000000609d700000,0x000000609d800000)]
  0x0000023f451e8720 JavaThread "C1 CompilerThread0" daemon [_thread_blocked, id=14112, stack(0x000000609d800000,0x000000609d900000)]
  0x0000023f494d6f10 JavaThread "Common-Cleaner" daemon [_thread_blocked, id=12936, stack(0x000000609d900000,0x000000609da00000)]
  0x0000023f494d49e0 JavaThread "Monitor Ctrl-Break" daemon [_thread_in_native, id=16184, stack(0x000000609da00000,0x000000609db00000)]
  0x0000023f494d4f30 JavaThread "Notification Thread" daemon [_thread_blocked, id=12248, stack(0x000000609db00000,0x000000609dc00000)]
  0x0000023f4a78eb40 JavaThread "C2 CompilerThread1" daemon [_thread_blocked, id=12900, stack(0x000000609de00000,0x000000609df00000)]
  0x0000023f4c0546b0 JavaThread "pool-1-thread-1" [_thread_blocked, id=14488, stack(0x000000609e600000,0x000000609e700000)]
  0x0000023f4c056140 JavaThread "pool-1-thread-2" [_thread_blocked, id=11944, stack(0x000000609e700000,0x000000609e800000)]
  0x0000023f4c057130 JavaThread "pool-1-thread-3" [_thread_blocked, id=12348, stack(0x000000609e800000,0x000000609e900000)]
  0x0000023f4c057680 JavaThread "pool-1-thread-4" [_thread_blocked, id=10796, stack(0x000000609e900000,0x000000609ea00000)]
  0x0000023f4c058670 JavaThread "pool-1-thread-5" [_thread_blocked, id=6324, stack(0x000000609ea00000,0x000000609eb00000)]
  0x0000023f4c059110 JavaThread "pool-1-thread-6" [_thread_blocked, id=13208, stack(0x000000609eb00000,0x000000609ec00000)]
  0x0000023f4c059660 JavaThread "pool-1-thread-7" [_thread_blocked, id=13008, stack(0x000000609ec00000,0x000000609ed00000)]
  0x0000023f4c05a650 JavaThread "pool-1-thread-8" [_thread_blocked, id=6316, stack(0x000000609ed00000,0x000000609ee00000)]

Other Threads:
=>0x0000023f4519b9f0 VMThread "VM Thread" [stack: 0x000000609d000000,0x000000609d100000] [id=15232]
  0x0000023f288985c0 WatcherThread "VM Periodic Task Thread" [stack: 0x000000609dc00000,0x000000609dd00000] [id=12952]
  0x0000023f288f4390 WorkerThread "GC Thread#0" [stack: 0x000000609cb00000,0x000000609cc00000] [id=15180]
  0x0000023f4a2dfb60 WorkerThread "GC Thread#1" [stack: 0x000000609df00000,0x000000609e000000] [id=5764]
  0x0000023f4a2e0100 WorkerThread "GC Thread#2" [stack: 0x000000609e000000,0x000000609e100000] [id=7084]
  0x0000023f4a2e03d0 WorkerThread "GC Thread#3" [stack: 0x000000609e100000,0x000000609e200000] [id=10604]
  0x0000023f4a2e06a0 WorkerThread "GC Thread#4" [stack: 0x000000609e200000,0x000000609e300000] [id=12400]
  0x0000023f4a2df020 WorkerThread "GC Thread#5" [stack: 0x000000609e300000,0x000000609e400000] [id=14840]
  0x0000023f4a2e0970 WorkerThread "GC Thread#6" [stack: 0x000000609e400000,0x000000609e500000] [id=14092]
  0x0000023f4a2df2f0 WorkerThread "GC Thread#7" [stack: 0x000000609e500000,0x000000609e600000] [id=9584]
  0x0000023f28904ca0 ConcurrentGCThread "G1 Main Marker" [stack: 0x000000609cc00000,0x000000609cd00000] [id=2740]
  0x0000023f289060e0 WorkerThread "G1 Conc#0" [stack: 0x000000609cd00000,0x000000609ce00000] [id=10640]
  0x0000023f4b224de0 WorkerThread "G1 Conc#1" [stack: 0x000000609dd00000,0x000000609de00000] [id=2304]
  0x0000023f2895e940 ConcurrentGCThread "G1 Refine#0" [stack: 0x000000609ce00000,0x000000609cf00000] [id=7172]
  0x0000023f45059a50 ConcurrentGCThread "G1 Service" [stack: 0x000000609cf00000,0x000000609d000000] [id=2696]

Threads with active compile tasks:
C2 CompilerThread0    17864 7036   !   4       com.google.inject.spi.InjectionPoint::getInjectionPoints (489 bytes)
C2 CompilerThread1    17865 7028   !   4       jdk.internal.loader.BuiltinClassLoader::loadClassOrNull (143 bytes)

VM state: at safepoint (normal execution)

VM Mutex/Monitor currently owned by a thread:  ([mutex/lock_event])
[0x0000023f28893a70] Threads_lock - owner thread: 0x0000023f4519b9f0
[0x0000023f288925a0] Compile_lock - owner thread: 0x0000023f288976d0
[0x0000023f28893b90] Heap_lock - owner thread: 0x0000023f28904ca0

Heap address: 0x0000000083000000, size: 2000 MB, Compressed Oops mode: 32-bit

CDS archive(s) mapped at: [0x0000000800000000-0x0000000800c60000-0x0000000800c60000), size 12976128, SharedBaseAddress: 0x0000000800000000, ArchiveRelocationMode: 0.
Compressed class space mapped at: 0x0000000801000000-0x0000000841000000, reserved size: 1073741824
Narrow klass base: 0x0000000800000000, Narrow klass shift: 0, Narrow klass range: 0x100000000

GC Precious Log:
 CardTable entry size: 512
 Card Set container configuration: InlinePtr #cards 5 size 8 Array Of Cards #cards 12 size 40 Howl #buckets 4 coarsen threshold 1843 Howl Bitmap #cards 512 size 80 coarsen threshold 460 Card regions per heap region 1 cards per card region 2048
 CPUs: 8 total, 8 available
 Memory: 7996M
 Large Page Support: Disabled
 NUMA Support: Disabled
 Compressed Oops: Enabled (32-bit)
 Heap Region Size: 1M
 Heap Min Capacity: 8M
 Heap Initial Capacity: 126M
 Heap Max Capacity: 2000M
 Pre-touch: Disabled
 Parallel Workers: 8
 Concurrent Workers: 2
 Concurrent Refinement Workers: 8
 Periodic GC: Disabled

Heap:
 garbage-first heap   total 96256K, used 66479K [0x0000000083000000, 0x0000000100000000)
  region size 1024K, 5 young (5120K), 2 survivors (2048K)
 Metaspace       used 31217K, committed 31808K, reserved 1114112K
  class space    used 3480K, committed 3776K, reserved 1048576K

Heap Regions: E=young(eden), S=young(survivor), O=old, HS=humongous(starts), HC=humongous(continues), CS=collection set, F=free, OA=open archive, CA=closed archive, TAMS=top-at-mark-start, PB=parsable bottom
|   0|0x0000000083000000, 0x0000000083100000, 0x0000000083100000|100%| O|  |TAMS 0x0000000083100000| PB 0x0000000083100000| Untracked 
|   1|0x0000000083100000, 0x0000000083200000, 0x0000000083200000|100%| O|  |TAMS 0x0000000083200000| PB 0x0000000083200000| Updating 
|   2|0x0000000083200000, 0x0000000083300000, 0x0000000083300000|100%| O|  |TAMS 0x0000000083300000| PB 0x0000000083300000| Untracked 
|   3|0x0000000083300000, 0x0000000083400000, 0x0000000083400000|100%| O|  |TAMS 0x0000000083400000| PB 0x0000000083400000| Untracked 
|   4|0x0000000083400000, 0x0000000083500000, 0x0000000083500000|100%| O|  |TAMS 0x0000000083400000| PB 0x0000000083400000| Untracked 
|   5|0x0000000083500000, 0x0000000083600000, 0x0000000083600000|100%| O|  |TAMS 0x0000000083600000| PB 0x0000000083600000| Untracked 
|   6|0x0000000083600000, 0x0000000083700000, 0x0000000083700000|100%| O|  |TAMS 0x0000000083700000| PB 0x0000000083700000| Untracked 
|   7|0x0000000083700000, 0x0000000083800000, 0x0000000083800000|100%| O|  |TAMS 0x0000000083800000| PB 0x0000000083800000| Untracked 
|   8|0x0000000083800000, 0x0000000083900000, 0x0000000083900000|100%| O|  |TAMS 0x0000000083900000| PB 0x0000000083900000| Untracked 
|   9|0x0000000083900000, 0x0000000083a00000, 0x0000000083a00000|100%| O|  |TAMS 0x0000000083a00000| PB 0x0000000083a00000| Untracked 
|  10|0x0000000083a00000, 0x0000000083b00000, 0x0000000083b00000|100%| O|  |TAMS 0x0000000083b00000| PB 0x0000000083b00000| Untracked 
|  11|0x0000000083b00000, 0x0000000083c00000, 0x0000000083c00000|100%| O|  |TAMS 0x0000000083c00000| PB 0x0000000083c00000| Untracked 
|  12|0x0000000083c00000, 0x0000000083cf4800, 0x0000000083d00000| 95%| O|  |TAMS 0x0000000083cf4800| PB 0x0000000083cf4800| Updating 
|  13|0x0000000083d00000, 0x0000000083e00000, 0x0000000083e00000|100%|HS|  |TAMS 0x0000000083e00000| PB 0x0000000083d00000| Complete 
|  14|0x0000000083e00000, 0x0000000083f00000, 0x0000000083f00000|100%|HS|  |TAMS 0x0000000083f00000| PB 0x0000000083e00000| Complete 
|  15|0x0000000083f00000, 0x0000000084000000, 0x0000000084000000|100%| O|  |TAMS 0x0000000084000000| PB 0x0000000084000000| Updating 
|  16|0x0000000084000000, 0x0000000084100000, 0x0000000084100000|100%| O|  |TAMS 0x0000000084100000| PB 0x0000000084100000| Updating 
|  17|0x0000000084100000, 0x0000000084200000, 0x0000000084200000|100%| O|  |TAMS 0x0000000084200000| PB 0x0000000084200000| Updating 
|  18|0x0000000084200000, 0x0000000084300000, 0x0000000084300000|100%| O|  |TAMS 0x0000000084300000| PB 0x0000000084300000| Updating 
|  19|0x0000000084300000, 0x0000000084400000, 0x0000000084400000|100%| O|  |TAMS 0x0000000084400000| PB 0x0000000084400000| Untracked 
|  20|0x0000000084400000, 0x0000000084500000, 0x0000000084500000|100%| O|  |TAMS 0x0000000084500000| PB 0x0000000084500000| Updating 
|  21|0x0000000084500000, 0x0000000084600000, 0x0000000084600000|100%| O|  |TAMS 0x0000000084600000| PB 0x0000000084600000| Updating 
|  22|0x0000000084600000, 0x0000000084700000, 0x0000000084700000|100%| O|  |TAMS 0x0000000084700000| PB 0x0000000084700000| Updating 
|  23|0x0000000084700000, 0x0000000084800000, 0x0000000084800000|100%| O|  |TAMS 0x0000000084800000| PB 0x0000000084800000| Updating 
|  24|0x0000000084800000, 0x0000000084900000, 0x0000000084900000|100%| O|  |TAMS 0x0000000084900000| PB 0x0000000084900000| Updating 
|  25|0x0000000084900000, 0x0000000084a00000, 0x0000000084a00000|100%|HS|  |TAMS 0x0000000084a00000| PB 0x0000000084900000| Complete 
|  26|0x0000000084a00000, 0x0000000084b00000, 0x0000000084b00000|100%|HC|  |TAMS 0x0000000084b00000| PB 0x0000000084a00000| Complete 
|  27|0x0000000084b00000, 0x0000000084c00000, 0x0000000084c00000|100%|HS|  |TAMS 0x0000000084c00000| PB 0x0000000084b00000| Complete 
|  28|0x0000000084c00000, 0x0000000084d00000, 0x0000000084d00000|100%|HC|  |TAMS 0x0000000084d00000| PB 0x0000000084c00000| Complete 
|  29|0x0000000084d00000, 0x0000000084e00000, 0x0000000084e00000|100%| O|  |TAMS 0x0000000084e00000| PB 0x0000000084e00000| Untracked 
|  30|0x0000000084e00000, 0x0000000084f00000, 0x0000000084f00000|100%| O|  |TAMS 0x0000000084f00000| PB 0x0000000084f00000| Untracked 
|  31|0x0000000084f00000, 0x0000000085000000, 0x0000000085000000|100%| O|  |TAMS 0x0000000085000000| PB 0x0000000085000000| Updating 
|  32|0x0000000085000000, 0x0000000085100000, 0x0000000085100000|100%|HS|  |TAMS 0x0000000085100000| PB 0x0000000085000000| Complete 
|  33|0x0000000085100000, 0x0000000085200000, 0x0000000085200000|100%|HC|  |TAMS 0x0000000085200000| PB 0x0000000085100000| Complete 
|  34|0x0000000085200000, 0x0000000085300000, 0x0000000085300000|100%|HS|  |TAMS 0x0000000085300000| PB 0x0000000085200000| Complete 
|  35|0x0000000085300000, 0x0000000085400000, 0x0000000085400000|100%|HC|  |TAMS 0x0000000085400000| PB 0x0000000085300000| Complete 
|  36|0x0000000085400000, 0x0000000085500000, 0x0000000085500000|100%| O|  |TAMS 0x0000000085400000| PB 0x0000000085400000| Untracked 
|  37|0x0000000085500000, 0x0000000085600000, 0x0000000085600000|100%| O|  |TAMS 0x0000000085500000| PB 0x0000000085500000| Untracked 
|  38|0x0000000085600000, 0x0000000085604600, 0x0000000085700000|  1%| O|  |TAMS 0x0000000085600000| PB 0x0000000085600000| Updating 
|  39|0x0000000085700000, 0x0000000085800000, 0x0000000085800000|100%|HS|  |TAMS 0x0000000085700000| PB 0x0000000085700000| Complete 
|  40|0x0000000085800000, 0x0000000085900000, 0x0000000085900000|100%|HC|  |TAMS 0x0000000085800000| PB 0x0000000085800000| Complete 
|  41|0x0000000085900000, 0x0000000085a00000, 0x0000000085a00000|100%|HS|  |TAMS 0x0000000085900000| PB 0x0000000085900000| Complete 
|  42|0x0000000085a00000, 0x0000000085b00000, 0x0000000085b00000|100%|HC|  |TAMS 0x0000000085a00000| PB 0x0000000085a00000| Complete 
|  43|0x0000000085b00000, 0x0000000085c00000, 0x0000000085c00000|100%|HS|  |TAMS 0x0000000085b00000| PB 0x0000000085b00000| Complete 
|  44|0x0000000085c00000, 0x0000000085d00000, 0x0000000085d00000|100%|HC|  |TAMS 0x0000000085c00000| PB 0x0000000085c00000| Complete 
|  45|0x0000000085d00000, 0x0000000085e00000, 0x0000000085e00000|100%|HS|  |TAMS 0x0000000085d00000| PB 0x0000000085d00000| Complete 
|  46|0x0000000085e00000, 0x0000000085f00000, 0x0000000085f00000|100%|HC|  |TAMS 0x0000000085e00000| PB 0x0000000085e00000| Complete 
|  47|0x0000000085f00000, 0x0000000086000000, 0x0000000086000000|100%|HS|  |TAMS 0x0000000085f00000| PB 0x0000000085f00000| Complete 
|  48|0x0000000086000000, 0x0000000086100000, 0x0000000086100000|100%|HC|  |TAMS 0x0000000086000000| PB 0x0000000086000000| Complete 
|  49|0x0000000086100000, 0x0000000086200000, 0x0000000086200000|100%|HS|  |TAMS 0x0000000086100000| PB 0x0000000086100000| Complete 
|  50|0x0000000086200000, 0x0000000086300000, 0x0000000086300000|100%|HC|  |TAMS 0x0000000086200000| PB 0x0000000086200000| Complete 
|  51|0x0000000086300000, 0x0000000086400000, 0x0000000086400000|100%|HS|  |TAMS 0x0000000086300000| PB 0x0000000086300000| Complete 
|  52|0x0000000086400000, 0x0000000086500000, 0x0000000086500000|100%|HC|  |TAMS 0x0000000086400000| PB 0x0000000086400000| Complete 
|  53|0x0000000086500000, 0x0000000086600000, 0x0000000086600000|100%|HS|  |TAMS 0x0000000086500000| PB 0x0000000086500000| Complete 
|  54|0x0000000086600000, 0x0000000086700000, 0x0000000086700000|100%|HC|  |TAMS 0x0000000086600000| PB 0x0000000086600000| Complete 
|  55|0x0000000086700000, 0x0000000086700000, 0x0000000086800000|  0%| F|  |TAMS 0x0000000086700000| PB 0x0000000086700000| Untracked 
|  56|0x0000000086800000, 0x0000000086800000, 0x0000000086900000|  0%| F|  |TAMS 0x0000000086800000| PB 0x0000000086800000| Untracked 
|  57|0x0000000086900000, 0x0000000086900000, 0x0000000086a00000|  0%| F|  |TAMS 0x0000000086900000| PB 0x0000000086900000| Untracked 
|  58|0x0000000086a00000, 0x0000000086a00000, 0x0000000086b00000|  0%| F|  |TAMS 0x0000000086a00000| PB 0x0000000086a00000| Untracked 
|  59|0x0000000086b00000, 0x0000000086b00000, 0x0000000086c00000|  0%| F|  |TAMS 0x0000000086b00000| PB 0x0000000086b00000| Untracked 
|  60|0x0000000086c00000, 0x0000000086c00000, 0x0000000086d00000|  0%| F|  |TAMS 0x0000000086c00000| PB 0x0000000086c00000| Untracked 
|  61|0x0000000086d00000, 0x0000000086d00000, 0x0000000086e00000|  0%| F|  |TAMS 0x0000000086d00000| PB 0x0000000086d00000| Untracked 
|  62|0x0000000086e00000, 0x0000000086e00000, 0x0000000086f00000|  0%| F|  |TAMS 0x0000000086e00000| PB 0x0000000086e00000| Untracked 
|  63|0x0000000086f00000, 0x0000000086f00000, 0x0000000087000000|  0%| F|  |TAMS 0x0000000086f00000| PB 0x0000000086f00000| Untracked 
|  64|0x0000000087000000, 0x0000000087000000, 0x0000000087100000|  0%| F|  |TAMS 0x0000000087000000| PB 0x0000000087000000| Untracked 
|  65|0x0000000087100000, 0x0000000087100000, 0x0000000087200000|  0%| F|  |TAMS 0x0000000087100000| PB 0x0000000087100000| Untracked 
|  66|0x0000000087200000, 0x0000000087200000, 0x0000000087300000|  0%| F|  |TAMS 0x0000000087200000| PB 0x0000000087200000| Untracked 
|  67|0x0000000087300000, 0x0000000087300000, 0x0000000087400000|  0%| F|  |TAMS 0x0000000087300000| PB 0x0000000087300000| Untracked 
|  68|0x0000000087400000, 0x0000000087400000, 0x0000000087500000|  0%| F|  |TAMS 0x0000000087400000| PB 0x0000000087400000| Untracked 
|  69|0x0000000087500000, 0x0000000087500000, 0x0000000087600000|  0%| F|  |TAMS 0x0000000087500000| PB 0x0000000087500000| Untracked 
|  70|0x0000000087600000, 0x0000000087600000, 0x0000000087700000|  0%| F|  |TAMS 0x0000000087600000| PB 0x0000000087600000| Untracked 
|  71|0x0000000087700000, 0x0000000087700000, 0x0000000087800000|  0%| F|  |TAMS 0x0000000087700000| PB 0x0000000087700000| Untracked 
|  72|0x0000000087800000, 0x0000000087800000, 0x0000000087900000|  0%| F|  |TAMS 0x0000000087800000| PB 0x0000000087800000| Untracked 
|  73|0x0000000087900000, 0x0000000087900000, 0x0000000087a00000|  0%| F|  |TAMS 0x0000000087900000| PB 0x0000000087900000| Untracked 
|  74|0x0000000087a00000, 0x0000000087a00000, 0x0000000087b00000|  0%| F|  |TAMS 0x0000000087a00000| PB 0x0000000087a00000| Untracked 
|  75|0x0000000087b00000, 0x0000000087b00000, 0x0000000087c00000|  0%| F|  |TAMS 0x0000000087b00000| PB 0x0000000087b00000| Untracked 
|  76|0x0000000087c00000, 0x0000000087c00000, 0x0000000087d00000|  0%| F|  |TAMS 0x0000000087c00000| PB 0x0000000087c00000| Untracked 
|  77|0x0000000087d00000, 0x0000000087d00000, 0x0000000087e00000|  0%| F|  |TAMS 0x0000000087d00000| PB 0x0000000087d00000| Untracked 
|  78|0x0000000087e00000, 0x0000000087e00000, 0x0000000087f00000|  0%| F|  |TAMS 0x0000000087e00000| PB 0x0000000087e00000| Untracked 
|  79|0x0000000087f00000, 0x0000000087f00000, 0x0000000088000000|  0%| F|  |TAMS 0x0000000087f00000| PB 0x0000000087f00000| Untracked 
|  80|0x0000000088000000, 0x0000000088000000, 0x0000000088100000|  0%| F|  |TAMS 0x0000000088000000| PB 0x0000000088000000| Untracked 
|  81|0x0000000088100000, 0x0000000088100000, 0x0000000088200000|  0%| F|  |TAMS 0x0000000088100000| PB 0x0000000088100000| Untracked 
|  82|0x0000000088200000, 0x0000000088237208, 0x0000000088300000| 21%| E|  |TAMS 0x0000000088200000| PB 0x0000000088200000| Complete 
|  83|0x0000000088300000, 0x0000000088400000, 0x0000000088400000|100%| E|CS|TAMS 0x0000000088300000| PB 0x0000000088300000| Complete 
|  84|0x0000000088400000, 0x00000000884f3108, 0x0000000088500000| 94%| S|CS|TAMS 0x0000000088400000| PB 0x0000000088400000| Complete 
|  85|0x0000000088500000, 0x0000000088600000, 0x0000000088600000|100%| S|CS|TAMS 0x0000000088500000| PB 0x0000000088500000| Complete 
| 125|0x000000008ad00000, 0x000000008ae00000, 0x000000008ae00000|100%| E|CS|TAMS 0x000000008ad00000| PB 0x000000008ad00000| Complete 
|1993|0x00000000ff900000, 0x00000000ffa00000, 0x00000000ffa00000|100%| O|  |TAMS 0x00000000ffa00000| PB 0x00000000ffa00000| Updating 
|1994|0x00000000ffa00000, 0x00000000ffb00000, 0x00000000ffb00000|100%| O|  |TAMS 0x00000000ffb00000| PB 0x00000000ffb00000| Updating 
|1995|0x00000000ffb00000, 0x00000000ffc00000, 0x00000000ffc00000|100%| O|  |TAMS 0x00000000ffc00000| PB 0x00000000ffc00000| Updating 
|1996|0x00000000ffc00000, 0x00000000ffd00000, 0x00000000ffd00000|100%| O|  |TAMS 0x00000000ffd00000| PB 0x00000000ffd00000| Updating 
|1997|0x00000000ffd00000, 0x00000000ffe00000, 0x00000000ffe00000|100%| O|  |TAMS 0x00000000ffe00000| PB 0x00000000ffe00000| Updating 
|1998|0x00000000ffe00000, 0x00000000fff00000, 0x00000000fff00000|100%| O|  |TAMS 0x00000000fff00000| PB 0x00000000fff00000| Updating 
|1999|0x00000000fff00000, 0x0000000100000000, 0x0000000100000000|100%| O|  |TAMS 0x0000000100000000| PB 0x0000000100000000| Updating 

Card table byte_map: [0x0000023f40070000,0x0000023f40460000] _byte_map_base: 0x0000023f3fc58000

Marking Bits: (CMBitMap*) 0x0000023f288f49c0
 Bits: [0x0000023f40850000, 0x0000023f42790000)

Polling page: 0x0000023f266b0000

Metaspace:

Usage:
  Non-class:     27.09 MB used.
      Class:      3.40 MB used.
       Both:     30.49 MB used.

Virtual space:
  Non-class space:       64.00 MB reserved,      27.38 MB ( 43%) committed,  1 nodes.
      Class space:        1.00 GB reserved,       3.69 MB ( <1%) committed,  1 nodes.
             Both:        1.06 GB reserved,      31.06 MB (  3%) committed. 

Chunk freelists:
   Non-Class:  336.00 KB
       Class:  355.00 KB
        Both:  691.00 KB

MaxMetaspaceSize: unlimited
CompressedClassSpaceSize: 1.00 GB
Initial GC threshold: 21.00 MB
Current GC threshold: 35.25 MB
CDS: on
MetaspaceReclaimPolicy: balanced
 - commit_granule_bytes: 65536.
 - commit_granule_words: 8192.
 - virtual_space_node_default_size: 8388608.
 - enlarge_chunks_in_place: 1.
 - new_chunks_are_fully_committed: 0.
 - uncommit_free_chunks: 1.
 - use_allocation_guard: 0.


Internal statistics:

num_allocs_failed_limit: 3.
num_arena_births: 612.
num_arena_deaths: 0.
num_vsnodes_births: 2.
num_vsnodes_deaths: 0.
num_space_committed: 497.
num_space_uncommitted: 0.
num_chunks_returned_to_freelist: 3.
num_chunks_taken_from_freelist: 1749.
num_chunk_merges: 3.
num_chunk_splits: 1211.
num_chunks_enlarged: 912.
num_inconsistent_stats: 0.

CodeHeap 'non-profiled nmethods': size=120000Kb used=3413Kb max_used=3885Kb free=116586Kb
 bounds [0x0000023f38420000, 0x0000023f387f0000, 0x0000023f3f950000]
CodeHeap 'profiled nmethods': size=120000Kb used=13724Kb max_used=15357Kb free=106275Kb
 bounds [0x0000023f30950000, 0x0000023f31850000, 0x0000023f37e80000]
CodeHeap 'non-nmethods': size=5760Kb used=1560Kb max_used=1620Kb free=4199Kb
 bounds [0x0000023f37e80000, 0x0000023f380f0000, 0x0000023f38420000]
 total_blobs=7043 nmethods=6469 adapters=484
 compilation: enabled
              stopped_count=0, restarted_count=0
 full_count=0

Compilation events (20 events):
Event: 17.634 Thread 0x0000023f451e8720 7100       3       sun.nio.fs.AbstractBasicFileAttributeView$AttributesBuilder::add (13 bytes)
Event: 17.634 Thread 0x0000023f451e8720 nmethod 7100 0x0000023f31846a90 code [0x0000023f31846c20, 0x0000023f31846df0]
Event: 17.639 Thread 0x0000023f4a78eb40 nmethod 7067% 0x0000023f387ea610 code [0x0000023f387ea780, 0x0000023f387eab48]
Event: 17.639 Thread 0x0000023f4a78eb40 7064       4       com.google.common.collect.AbstractIndexedListIterator::hasNext (17 bytes)
Event: 17.640 Thread 0x0000023f4a78eb40 nmethod 7064 0x0000023f387eac90 code [0x0000023f387eae00, 0x0000023f387eae98]
Event: 17.640 Thread 0x0000023f4a78eb40 7028   !   4       jdk.internal.loader.BuiltinClassLoader::loadClassOrNull (143 bytes)
Event: 17.645 Thread 0x0000023f451e8720 7101       3       java.io.ByteArrayInputStream::<init> (26 bytes)
Event: 17.646 Thread 0x0000023f451e8720 nmethod 7101 0x0000023f31846e90 code [0x0000023f31847020, 0x0000023f31847260]
Event: 17.646 Thread 0x0000023f451e8720 7102   !   3       java.util.jar.JarFile::getManifestFromReference (197 bytes)
Event: 17.647 Thread 0x0000023f451e8720 nmethod 7102 0x0000023f31847390 code [0x0000023f31847680, 0x0000023f31848ae8]
Event: 17.666 Thread 0x0000023f451e8720 7103   !   3       java.lang.invoke.InnerClassLambdaMetafactory::generateInnerClass (615 bytes)
Event: 17.669 Thread 0x0000023f451e8720 nmethod 7103 0x0000023f31849210 code [0x0000023f318496c0, 0x0000023f3184be50]
Event: 17.669 Thread 0x0000023f451e8720 7104       3       java.lang.invoke.InnerClassLambdaMetafactory::generateConstructor (154 bytes)
Event: 17.681 Thread 0x0000023f451e8720 nmethod 7104 0x0000023f3184ce10 code [0x0000023f3184d0c0, 0x0000023f3184e008]
Event: 17.681 Thread 0x0000023f451e8720 7105       3       java.lang.invoke.InnerClassLambdaMetafactory::getReturnOpcode (20 bytes)
Event: 17.681 Thread 0x0000023f451e8720 nmethod 7105 0x0000023f3184e590 code [0x0000023f3184e720, 0x0000023f3184e8a8]
Event: 17.711 Thread 0x0000023f451e8720 7109       3       jdk.internal.org.objectweb.asm.MethodVisitor::visitVarInsn (17 bytes)
Event: 17.712 Thread 0x0000023f451e8720 nmethod 7109 0x0000023f3184e990 code [0x0000023f3184eb20, 0x0000023f3184ed30]
Event: 17.732 Thread 0x0000023f451e8720 7112       3       jdk.internal.reflect.Reflection::verifyModuleAccess (24 bytes)
Event: 17.733 Thread 0x0000023f451e8720 nmethod 7112 0x0000023f3184ee10 code [0x0000023f3184f000, 0x0000023f3184f528]

GC Heap History (20 events):
Event: 0.905 GC heap before
{Heap before GC invocations=0 (full 0):
 garbage-first heap   total 129024K, used 22528K [0x0000000083000000, 0x0000000100000000)
  region size 1024K, 23 young (23552K), 0 survivors (0K)
 Metaspace       used 5316K, committed 5440K, reserved 1114112K
  class space    used 601K, committed 640K, reserved 1048576K
}
Event: 0.916 GC heap after
{Heap after GC invocations=1 (full 0):
 garbage-first heap   total 129024K, used 3674K [0x0000000083000000, 0x0000000100000000)
  region size 1024K, 3 young (3072K), 3 survivors (3072K)
 Metaspace       used 5316K, committed 5440K, reserved 1114112K
  class space    used 601K, committed 640K, reserved 1048576K
}
Event: 1.829 GC heap before
{Heap before GC invocations=1 (full 0):
 garbage-first heap   total 129024K, used 34394K [0x0000000083000000, 0x0000000100000000)
  region size 1024K, 33 young (33792K), 3 survivors (3072K)
 Metaspace       used 10377K, committed 10624K, reserved 1114112K
  class space    used 1242K, committed 1344K, reserved 1048576K
}
Event: 1.839 GC heap after
{Heap after GC invocations=2 (full 0):
 garbage-first heap   total 129024K, used 5984K [0x0000000083000000, 0x0000000100000000)
  region size 1024K, 3 young (3072K), 3 survivors (3072K)
 Metaspace       used 10377K, committed 10624K, reserved 1114112K
  class space    used 1242K, committed 1344K, reserved 1048576K
}
Event: 3.385 GC heap before
{Heap before GC invocations=2 (full 0):
 garbage-first heap   total 129024K, used 79712K [0x0000000083000000, 0x0000000100000000)
  region size 1024K, 75 young (76800K), 3 survivors (3072K)
 Metaspace       used 13875K, committed 14144K, reserved 1114112K
  class space    used 1533K, committed 1664K, reserved 1048576K
}
Event: 3.407 GC heap after
{Heap after GC invocations=3 (full 0):
 garbage-first heap   total 129024K, used 12977K [0x0000000083000000, 0x0000000100000000)
  region size 1024K, 9 young (9216K), 9 survivors (9216K)
 Metaspace       used 13875K, committed 14144K, reserved 1114112K
  class space    used 1533K, committed 1664K, reserved 1048576K
}
Event: 4.749 GC heap before
{Heap before GC invocations=3 (full 0):
 garbage-first heap   total 129024K, used 52913K [0x0000000083000000, 0x0000000100000000)
  region size 1024K, 49 young (50176K), 9 survivors (9216K)
 Metaspace       used 21221K, committed 21504K, reserved 1114112K
  class space    used 2343K, committed 2496K, reserved 1048576K
}
Event: 4.766 GC heap after
{Heap after GC invocations=4 (full 0):
 garbage-first heap   total 129024K, used 15796K [0x0000000083000000, 0x0000000100000000)
  region size 1024K, 4 young (4096K), 4 survivors (4096K)
 Metaspace       used 21221K, committed 21504K, reserved 1114112K
  class space    used 2343K, committed 2496K, reserved 1048576K
}
Event: 5.778 GC heap before
{Heap before GC invocations=5 (full 0):
 garbage-first heap   total 58368K, used 57780K [0x0000000083000000, 0x0000000100000000)
  region size 1024K, 43 young (44032K), 4 survivors (4096K)
 Metaspace       used 23896K, committed 24256K, reserved 1114112K
  class space    used 2639K, committed 2816K, reserved 1048576K
}
Event: 5.801 GC heap after
{Heap after GC invocations=6 (full 0):
 garbage-first heap   total 75776K, used 31186K [0x0000000083000000, 0x0000000100000000)
  region size 1024K, 10 young (10240K), 10 survivors (10240K)
 Metaspace       used 23896K, committed 24256K, reserved 1114112K
  class space    used 2639K, committed 2816K, reserved 1048576K
}
Event: 6.526 GC heap before
{Heap before GC invocations=6 (full 0):
 garbage-first heap   total 75776K, used 59858K [0x0000000083000000, 0x0000000100000000)
  region size 1024K, 38 young (38912K), 10 survivors (10240K)
 Metaspace       used 25225K, committed 25664K, reserved 1114112K
  class space    used 2787K, committed 3008K, reserved 1048576K
}
Event: 6.542 GC heap after
{Heap after GC invocations=7 (full 0):
 garbage-first heap   total 75776K, used 35794K [0x0000000083000000, 0x0000000100000000)
  region size 1024K, 4 young (4096K), 4 survivors (4096K)
 Metaspace       used 25225K, committed 25664K, reserved 1114112K
  class space    used 2787K, committed 3008K, reserved 1048576K
}
Event: 7.175 GC heap before
{Heap before GC invocations=7 (full 0):
 garbage-first heap   total 75776K, used 61394K [0x0000000083000000, 0x0000000100000000)
  region size 1024K, 30 young (30720K), 4 survivors (4096K)
 Metaspace       used 26713K, committed 27264K, reserved 1114112K
  class space    used 2961K, committed 3200K, reserved 1048576K
}
Event: 7.183 GC heap after
{Heap after GC invocations=8 (full 0):
 garbage-first heap   total 91136K, used 36818K [0x0000000083000000, 0x0000000100000000)
  region size 1024K, 1 young (1024K), 1 survivors (1024K)
 Metaspace       used 26713K, committed 27264K, reserved 1114112K
  class space    used 2961K, committed 3200K, reserved 1048576K
}
Event: 14.500 GC heap before
{Heap before GC invocations=8 (full 0):
 garbage-first heap   total 91136K, used 75730K [0x0000000083000000, 0x0000000100000000)
  region size 1024K, 39 young (39936K), 1 survivors (1024K)
 Metaspace       used 28555K, committed 29120K, reserved 1114112K
  class space    used 3155K, committed 3456K, reserved 1048576K
}
Event: 14.511 GC heap after
{Heap after GC invocations=9 (full 0):
 garbage-first heap   total 91136K, used 38141K [0x0000000083000000, 0x0000000100000000)
  region size 1024K, 4 young (4096K), 4 survivors (4096K)
 Metaspace       used 28555K, committed 29120K, reserved 1114112K
  class space    used 3155K, committed 3456K, reserved 1048576K
}
Event: 17.670 GC heap before
{Heap before GC invocations=9 (full 0):
 garbage-first heap   total 91136K, used 69885K [0x0000000083000000, 0x0000000100000000)
  region size 1024K, 30 young (30720K), 4 survivors (4096K)
 Metaspace       used 30968K, committed 31616K, reserved 1114112K
  class space    used 3445K, committed 3776K, reserved 1048576K
}
Event: 17.680 GC heap after
{Heap after GC invocations=10 (full 0):
 garbage-first heap   total 91136K, used 46034K [0x0000000083000000, 0x0000000100000000)
  region size 1024K, 5 young (5120K), 5 survivors (5120K)
 Metaspace       used 30968K, committed 31616K, reserved 1114112K
  class space    used 3445K, committed 3776K, reserved 1048576K
}
Event: 17.713 GC heap before
{Heap before GC invocations=10 (full 0):
 garbage-first heap   total 91136K, used 48082K [0x0000000083000000, 0x0000000100000000)
  region size 1024K, 6 young (6144K), 5 survivors (5120K)
 Metaspace       used 31079K, committed 31680K, reserved 1114112K
  class space    used 3463K, committed 3776K, reserved 1048576K
}
Event: 17.719 GC heap after
{Heap after GC invocations=11 (full 0):
 garbage-first heap   total 91136K, used 48047K [0x0000000083000000, 0x0000000100000000)
  region size 1024K, 2 young (2048K), 2 survivors (2048K)
 Metaspace       used 31079K, committed 31680K, reserved 1114112K
  class space    used 3463K, committed 3776K, reserved 1048576K
}

Dll operation events (12 events):
Event: 0.008 Loaded shared library C:\Users\hp\.jdks\openjdk-20.0.1\bin\java.dll
Event: 0.020 Loaded shared library C:\Users\hp\.jdks\openjdk-20.0.1\bin\jsvml.dll
Event: 0.111 Loaded shared library C:\Users\hp\.jdks\openjdk-20.0.1\bin\zip.dll
Event: 0.117 Loaded shared library C:\Users\hp\.jdks\openjdk-20.0.1\bin\instrument.dll
Event: 0.125 Loaded shared library C:\Users\hp\.jdks\openjdk-20.0.1\bin\net.dll
Event: 0.131 Loaded shared library C:\Users\hp\.jdks\openjdk-20.0.1\bin\nio.dll
Event: 0.136 Loaded shared library C:\Users\hp\.jdks\openjdk-20.0.1\bin\zip.dll
Event: 0.158 Loaded shared library C:\Users\hp\IntelliJ IDEA Community Edition 2023.1\bin\breakgen64.dll
Event: 0.171 Loaded shared library C:\Users\hp\.jdks\openjdk-20.0.1\bin\extnet.dll
Event: 0.280 Loaded shared library C:\Users\hp\.jdks\openjdk-20.0.1\bin\jimage.dll
Event: 0.324 Loaded shared library C:\Users\hp\AppData\Local\Temp\jansi-2.4.0-8d1c1a34b546fe6b-jansi.dll
Event: 0.338 Loaded shared library C:\Users\hp\.jdks\openjdk-20.0.1\bin\verify.dll

Deoptimization events (20 events):
Event: 17.705 Thread 0x0000023f288976d0 Uncommon trap: trap_request=0xffffff45 fr.pc=0x0000023f3866ce6c relative=0x000000000000016c
Event: 17.705 Thread 0x0000023f288976d0 Uncommon trap: reason=unstable_if action=reinterpret pc=0x0000023f3866ce6c method=java.time.LocalTime.create(IIII)Ljava/time/LocalTime; @ 5 c2
Event: 17.705 Thread 0x0000023f288976d0 DEOPT PACKING pc=0x0000023f3866ce6c sp=0x000000609cafdcb0
Event: 17.705 Thread 0x0000023f288976d0 DEOPT UNPACKING pc=0x0000023f37ee9d22 sp=0x000000609cafdbd0 mode 2
Event: 17.713 Thread 0x0000023f4c0546b0 Uncommon trap: trap_request=0xffffffc6 fr.pc=0x0000023f38665e54 relative=0x0000000000000234
Event: 17.713 Thread 0x0000023f4c0546b0 Uncommon trap: reason=bimorphic_or_optimized_type_check action=maybe_recompile pc=0x0000023f38665e54 method=java.util.concurrent.locks.AbstractQueuedSynchronizer.release(I)Z @ 2 c2
Event: 17.713 Thread 0x0000023f4c0546b0 DEOPT PACKING pc=0x0000023f38665e54 sp=0x000000609e6feee0
Event: 17.713 Thread 0x0000023f4c0546b0 DEOPT UNPACKING pc=0x0000023f37ee9d22 sp=0x000000609e6feea8 mode 2
Event: 17.720 Thread 0x0000023f4c056140 Uncommon trap: trap_request=0xffffffc6 fr.pc=0x0000023f38665e54 relative=0x0000000000000234
Event: 17.720 Thread 0x0000023f4c056140 Uncommon trap: reason=bimorphic_or_optimized_type_check action=maybe_recompile pc=0x0000023f38665e54 method=java.util.concurrent.locks.AbstractQueuedSynchronizer.release(I)Z @ 2 c2
Event: 17.720 Thread 0x0000023f4c056140 DEOPT PACKING pc=0x0000023f38665e54 sp=0x000000609e7fefa0
Event: 17.720 Thread 0x0000023f4c056140 DEOPT UNPACKING pc=0x0000023f37ee9d22 sp=0x000000609e7fef68 mode 2
Event: 17.721 Thread 0x0000023f4c056140 Uncommon trap: trap_request=0xffffffc6 fr.pc=0x0000023f38665e54 relative=0x0000000000000234
Event: 17.721 Thread 0x0000023f4c0546b0 Uncommon trap: trap_request=0xffffffc6 fr.pc=0x0000023f38665e54 relative=0x0000000000000234
Event: 17.721 Thread 0x0000023f4c056140 Uncommon trap: reason=bimorphic_or_optimized_type_check action=maybe_recompile pc=0x0000023f38665e54 method=java.util.concurrent.locks.AbstractQueuedSynchronizer.release(I)Z @ 2 c2
Event: 17.721 Thread 0x0000023f4c0546b0 Uncommon trap: reason=bimorphic_or_optimized_type_check action=maybe_recompile pc=0x0000023f38665e54 method=java.util.concurrent.locks.AbstractQueuedSynchronizer.release(I)Z @ 2 c2
Event: 17.721 Thread 0x0000023f4c056140 DEOPT PACKING pc=0x0000023f38665e54 sp=0x000000609e7fefa0
Event: 17.721 Thread 0x0000023f4c0546b0 DEOPT PACKING pc=0x0000023f38665e54 sp=0x000000609e6feee0
Event: 17.721 Thread 0x0000023f4c056140 DEOPT UNPACKING pc=0x0000023f37ee9d22 sp=0x000000609e7fef68 mode 2
Event: 17.721 Thread 0x0000023f4c0546b0 DEOPT UNPACKING pc=0x0000023f37ee9d22 sp=0x000000609e6feea8 mode 2

Classes loaded (20 events):
Event: 17.648 Loading class java/util/zip/Deflater
Event: 17.660 Loading class java/util/zip/Deflater done
Event: 17.661 Loading class java/util/zip/Deflater$DeflaterZStreamRef
Event: 17.661 Loading class java/util/zip/Deflater$DeflaterZStreamRef done
Event: 17.663 Loading class java/io/SequenceInputStream
Event: 17.663 Loading class java/io/SequenceInputStream done
Event: 17.682 Loading class java/util/concurrent/Executors$DefaultThreadFactory
Event: 17.699 Loading class java/util/concurrent/Executors$DefaultThreadFactory done
Event: 17.699 Loading class java/util/concurrent/ConcurrentLinkedDeque
Event: 17.700 Loading class java/util/concurrent/ConcurrentLinkedDeque done
Event: 17.700 Loading class java/util/concurrent/ConcurrentLinkedDeque$Node
Event: 17.700 Loading class java/util/concurrent/ConcurrentLinkedDeque$Node done
Event: 17.707 Loading class java/io/DataOutputStream
Event: 17.707 Loading class java/io/DataOutputStream done
Event: 17.712 Loading class java/util/concurrent/ThreadPoolExecutor$Worker
Event: 17.712 Loading class java/util/concurrent/ThreadPoolExecutor$Worker done
Event: 17.725 Loading class java/util/concurrent/ConcurrentLinkedQueue$Itr
Event: 17.726 Loading class java/util/concurrent/ConcurrentLinkedQueue$Itr done
Event: 17.741 Loading class java/nio/StringCharBuffer
Event: 17.753 Loading class java/nio/StringCharBuffer done

Classes unloaded (0 events):
No events

Classes redefined (0 events):
No events

Internal exceptions (20 events):
Event: 7.676 Thread 0x0000023f288976d0 Exception <a 'sun/nio/fs/WindowsException'{0x0000000087161ee8}> (0x0000000087161ee8) 
thrown [s\open\src\hotspot\share\prims\jni.cpp, line 519]
Event: 7.676 Thread 0x0000023f288976d0 Exception <a 'sun/nio/fs/WindowsException'{0x0000000087162d80}> (0x0000000087162d80) 
thrown [s\open\src\hotspot\share\prims\jni.cpp, line 519]
Event: 7.692 Thread 0x0000023f288976d0 Exception <a 'sun/nio/fs/WindowsException'{0x00000000871ab478}> (0x00000000871ab478) 
thrown [s\open\src\hotspot\share\prims\jni.cpp, line 519]
Event: 7.692 Thread 0x0000023f288976d0 Exception <a 'sun/nio/fs/WindowsException'{0x00000000871abb10}> (0x00000000871abb10) 
thrown [s\open\src\hotspot\share\prims\jni.cpp, line 519]
Event: 7.692 Thread 0x0000023f288976d0 Exception <a 'sun/nio/fs/WindowsException'{0x00000000871ac288}> (0x00000000871ac288) 
thrown [s\open\src\hotspot\share\prims\jni.cpp, line 519]
Event: 7.692 Thread 0x0000023f288976d0 Exception <a 'sun/nio/fs/WindowsException'{0x00000000871ac988}> (0x00000000871ac988) 
thrown [s\open\src\hotspot\share\prims\jni.cpp, line 519]
Event: 7.696 Thread 0x0000023f288976d0 Exception <a 'sun/nio/fs/WindowsException'{0x00000000871c0d28}> (0x00000000871c0d28) 
thrown [s\open\src\hotspot\share\prims\jni.cpp, line 519]
Event: 7.697 Thread 0x0000023f288976d0 Exception <a 'sun/nio/fs/WindowsException'{0x00000000871c13a0}> (0x00000000871c13a0) 
thrown [s\open\src\hotspot\share\prims\jni.cpp, line 519]
Event: 7.697 Thread 0x0000023f288976d0 Exception <a 'sun/nio/fs/WindowsException'{0x00000000871c1a68}> (0x00000000871c1a68) 
thrown [s\open\src\hotspot\share\prims\jni.cpp, line 519]
Event: 7.697 Thread 0x0000023f288976d0 Exception <a 'sun/nio/fs/WindowsException'{0x00000000871c2158}> (0x00000000871c2158) 
thrown [s\open\src\hotspot\share\prims\jni.cpp, line 519]
Event: 7.702 Thread 0x0000023f288976d0 Exception <a 'sun/nio/fs/WindowsException'{0x00000000871d7a10}> (0x00000000871d7a10) 
thrown [s\open\src\hotspot\share\prims\jni.cpp, line 519]
Event: 7.702 Thread 0x0000023f288976d0 Exception <a 'sun/nio/fs/WindowsException'{0x00000000871d8098}> (0x00000000871d8098) 
thrown [s\open\src\hotspot\share\prims\jni.cpp, line 519]
Event: 7.703 Thread 0x0000023f288976d0 Exception <a 'sun/nio/fs/WindowsException'{0x00000000871d87b8}> (0x00000000871d87b8) 
thrown [s\open\src\hotspot\share\prims\jni.cpp, line 519]
Event: 14.601 Thread 0x0000023f288976d0 Exception <a 'java/lang/NoSuchMethodError'{0x0000000087c5d010}: 'java.lang.String org.apache.maven.execution.MavenExecutionRequest.getFailureBehavior()'> (0x0000000087c5d010) 
thrown [s\open\src\hotspot\share\interpreter\linkResolver.cpp, line 869]
Event: 14.649 Thread 0x0000023f4c057130 Exception <a 'java/lang/NoSuchMethodError'{0x00000000883bba00}: 'java.lang.Object java.lang.invoke.DirectMethodHandle$Holder.invokeStatic(java.lang.Object, long, java.lang.Object)'> (0x00000000883bba00) 
thrown [s\open\src\hotspot\share\interpreter\linkResolver.cpp, line 773]
Event: 14.650 Thread 0x0000023f4c057130 Exception <a 'java/lang/NoSuchMethodError'{0x00000000883beda8}: 'java.lang.Object java.lang.invoke.DirectMethodHandle$Holder.invokeStaticInit(java.lang.Object, long, java.lang.Object)'> (0x00000000883beda8) 
thrown [s\open\src\hotspot\share\interpreter\linkResolver.cpp, line 773]
Event: 14.651 Thread 0x0000023f4c057130 Exception <a 'java/lang/NoSuchMethodError'{0x0000000087b83bd0}: 'java.lang.Object java.lang.invoke.DirectMethodHandle$Holder.newInvokeSpecial(java.lang.Object, long)'> (0x0000000087b83bd0) 
thrown [s\open\src\hotspot\share\interpreter\linkResolver.cpp, line 773]
Event: 14.653 Thread 0x0000023f4c057130 Exception <a 'java/lang/NoSuchMethodError'{0x0000000087b880a0}: 'long java.lang.invoke.DirectMethodHandle$Holder.invokeInterface(java.lang.Object, java.lang.Object)'> (0x0000000087b880a0) 
thrown [s\open\src\hotspot\share\interpreter\linkResolver.cpp, line 773]
Event: 14.653 Thread 0x0000023f4c057130 Exception <a 'java/lang/NoSuchMethodError'{0x0000000087b8b708}: 'long java.lang.invoke.DelegatingMethodHandle$Holder.reinvoke_L(java.lang.Object, java.lang.Object)'> (0x0000000087b8b708) 
thrown [s\open\src\hotspot\share\interpreter\linkResolver.cpp, line 773]
Event: 17.667 Thread 0x0000023f288976d0 Exception <a 'java/lang/NoSuchMethodError'{0x0000000086818cd0}: 'void java.lang.invoke.DirectMethodHandle$Holder.invokeStaticInit(java.lang.Object, java.lang.Object)'> (0x0000000086818cd0) 
thrown [s\open\src\hotspot\share\interpreter\linkResolver.cpp, line 773]

VM Operations (20 events):
Event: 14.570 Executing VM operation: HandshakeAllThreads done
Event: 15.583 Executing VM operation: Cleanup
Event: 15.583 Executing VM operation: Cleanup done
Event: 17.347 Executing VM operation: HandshakeAllThreads
Event: 17.347 Executing VM operation: HandshakeAllThreads done
Event: 17.347 Executing VM operation: Cleanup
Event: 17.347 Executing VM operation: Cleanup done
Event: 17.400 Executing VM operation: HandshakeAllThreads
Event: 17.400 Executing VM operation: HandshakeAllThreads done
Event: 17.465 Executing VM operation: HandshakeAllThreads
Event: 17.465 Executing VM operation: HandshakeAllThreads done
Event: 17.523 Executing VM operation: HandshakeAllThreads
Event: 17.523 Executing VM operation: HandshakeAllThreads done
Event: 17.669 Executing VM operation: G1TryInitiateConcMark
Event: 17.680 Executing VM operation: G1TryInitiateConcMark done
Event: 17.702 Executing VM operation: HandshakeAllThreads
Event: 17.703 Executing VM operation: HandshakeAllThreads done
Event: 17.713 Executing VM operation: G1TryInitiateConcMark
Event: 17.720 Executing VM operation: G1TryInitiateConcMark done
Event: 17.753 Executing VM operation: G1PauseRemark

Events (20 events):
Event: 17.762 Thread 0x0000023f4519b9f0 flushing nmethod 0x0000023f3846af90
Event: 17.762 Thread 0x0000023f4519b9f0 flushing nmethod 0x0000023f38469610
Event: 17.762 Thread 0x0000023f4519b9f0 flushing nmethod 0x0000023f3846f790
Event: 17.762 Thread 0x0000023f4519b9f0 flushing nmethod 0x0000023f38467490
Event: 17.762 Thread 0x0000023f4519b9f0 flushing nmethod 0x0000023f3845b990
Event: 17.762 Thread 0x0000023f4519b9f0 flushing nmethod 0x0000023f38456b90
Event: 17.762 Thread 0x0000023f4519b9f0 flushing nmethod 0x0000023f38466590
Event: 17.762 Thread 0x0000023f4519b9f0 flushing nmethod 0x0000023f3844f210
Event: 17.762 Thread 0x0000023f4519b9f0 flushing nmethod 0x0000023f38455010
Event: 17.762 Thread 0x0000023f4519b9f0 flushing nmethod 0x0000023f38458b90
Event: 17.762 Thread 0x0000023f4519b9f0 flushing nmethod 0x0000023f3844cd90
Event: 17.762 Thread 0x0000023f4519b9f0 flushing nmethod 0x0000023f38444410
Event: 17.762 Thread 0x0000023f4519b9f0 flushing nmethod 0x0000023f3843cd10
Event: 17.762 Thread 0x0000023f4519b9f0 flushing nmethod 0x0000023f3843b790
Event: 17.762 Thread 0x0000023f4519b9f0 flushing nmethod 0x0000023f38446290
Event: 17.762 Thread 0x0000023f4519b9f0 flushing nmethod 0x0000023f38439510
Event: 17.762 Thread 0x0000023f4519b9f0 flushing nmethod 0x0000023f38435c10
Event: 17.762 Thread 0x0000023f4519b9f0 flushing nmethod 0x0000023f38438590
Event: 17.762 Thread 0x0000023f4519b9f0 flushing nmethod 0x0000023f38434c10
Event: 17.762 Thread 0x0000023f4519b9f0 flushing nmethod 0x0000023f38420010


Dynamic libraries:
0x00007ff72dc50000 - 0x00007ff72dc5e000 	C:\Users\hp\.jdks\openjdk-20.0.1\bin\java.exe
0x00007fff5f410000 - 0x00007fff5f608000 	C:\Windows\SYSTEM32\ntdll.dll
0x00007fff46990000 - 0x00007fff469a9000 	C:\Program Files\Avast Software\Avast\aswhook.dll
0x00007fff5ebd0000 - 0x00007fff5ec8f000 	C:\Windows\System32\KERNEL32.DLL
0x00007fff5d0f0000 - 0x00007fff5d3c2000 	C:\Windows\System32\KERNELBASE.dll
0x00007fff5cff0000 - 0x00007fff5d0f0000 	C:\Windows\System32\ucrtbase.dll
0x00007fff453a0000 - 0x00007fff453b7000 	C:\Users\hp\.jdks\openjdk-20.0.1\bin\jli.dll
0x00007fff453c0000 - 0x00007fff453db000 	C:\Users\hp\.jdks\openjdk-20.0.1\bin\VCRUNTIME140.dll
0x00007fff5e6f0000 - 0x00007fff5e891000 	C:\Windows\System32\USER32.dll
0x00007fff5cb10000 - 0x00007fff5cb32000 	C:\Windows\System32\win32u.dll
0x00007fff3d880000 - 0x00007fff3db1a000 	C:\Windows\WinSxS\amd64_microsoft.windows.common-controls_6595b64144ccf1df_6.0.19041.1110_none_60b5254171f9507e\COMCTL32.dll
0x00007fff5f290000 - 0x00007fff5f2bb000 	C:\Windows\System32\GDI32.dll
0x00007fff5ea70000 - 0x00007fff5eb0e000 	C:\Windows\System32\msvcrt.dll
0x00007fff5cb40000 - 0x00007fff5cc4f000 	C:\Windows\System32\gdi32full.dll
0x00007fff5cf50000 - 0x00007fff5cfed000 	C:\Windows\System32\msvcp_win.dll
0x00007fff5f1e0000 - 0x00007fff5f210000 	C:\Windows\System32\IMM32.DLL
0x00007fff45390000 - 0x00007fff4539c000 	C:\Users\hp\.jdks\openjdk-20.0.1\bin\vcruntime140_1.dll
0x00007fff45300000 - 0x00007fff4538e000 	C:\Users\hp\.jdks\openjdk-20.0.1\bin\msvcp140.dll
0x00007fff0f5a0000 - 0x00007fff10237000 	C:\Users\hp\.jdks\openjdk-20.0.1\bin\server\jvm.dll
0x00007fff5e8a0000 - 0x00007fff5e94e000 	C:\Windows\System32\ADVAPI32.dll
0x00007fff5e520000 - 0x00007fff5e5bc000 	C:\Windows\System32\sechost.dll
0x00007fff5e5c0000 - 0x00007fff5e6e4000 	C:\Windows\System32\RPCRT4.dll
0x00007fff43050000 - 0x00007fff43059000 	C:\Windows\SYSTEM32\WSOCK32.dll
0x00007fff56f50000 - 0x00007fff56f5a000 	C:\Windows\SYSTEM32\VERSION.dll
0x00007fff5f210000 - 0x00007fff5f27b000 	C:\Windows\System32\WS2_32.dll
0x00007fff3b990000 - 0x00007fff3b9b7000 	C:\Windows\SYSTEM32\WINMM.dll
0x00007fff5b310000 - 0x00007fff5b322000 	C:\Windows\SYSTEM32\kernel.appcore.dll
0x00007fff452f0000 - 0x00007fff452fa000 	C:\Users\hp\.jdks\openjdk-20.0.1\bin\jimage.dll
0x00007fff5a890000 - 0x00007fff5aa74000 	C:\Windows\SYSTEM32\DBGHELP.DLL
0x00007fff43280000 - 0x00007fff432b5000 	C:\Windows\SYSTEM32\dbgcore.DLL
0x00007fff5d3d0000 - 0x00007fff5d452000 	C:\Windows\System32\bcryptPrimitives.dll
0x00007fff59f10000 - 0x00007fff59f1e000 	C:\Users\hp\.jdks\openjdk-20.0.1\bin\instrument.dll
0x00007fff452c0000 - 0x00007fff452e6000 	C:\Users\hp\.jdks\openjdk-20.0.1\bin\java.dll
0x00007fff33380000 - 0x00007fff33457000 	C:\Users\hp\.jdks\openjdk-20.0.1\bin\jsvml.dll
0x00007fff5ddd0000 - 0x00007fff5e515000 	C:\Windows\System32\SHELL32.dll
0x00007fff5ab70000 - 0x00007fff5b302000 	C:\Windows\SYSTEM32\windows.storage.dll
0x00007fff5da70000 - 0x00007fff5ddc5000 	C:\Windows\System32\combase.dll
0x00007fff5c490000 - 0x00007fff5c4c0000 	C:\Windows\SYSTEM32\Wldp.dll
0x00007fff5f2c0000 - 0x00007fff5f36d000 	C:\Windows\System32\SHCORE.dll
0x00007fff5da10000 - 0x00007fff5da65000 	C:\Windows\System32\shlwapi.dll
0x00007fff5ca50000 - 0x00007fff5ca6f000 	C:\Windows\SYSTEM32\profapi.dll
0x00007fff3cf90000 - 0x00007fff3cfa8000 	C:\Users\hp\.jdks\openjdk-20.0.1\bin\zip.dll
0x00007fff452a0000 - 0x00007fff452b3000 	C:\Users\hp\.jdks\openjdk-20.0.1\bin\net.dll
0x00007fff543a0000 - 0x00007fff544aa000 	C:\Windows\SYSTEM32\WINHTTP.dll
0x00007fff5c270000 - 0x00007fff5c2da000 	C:\Windows\system32\mswsock.dll
0x00007fff5a630000 - 0x00007fff5a63a000 	C:\Windows\system32\wshqos.dll
0x00007fff5a620000 - 0x00007fff5a628000 	C:\Windows\SYSTEM32\wshtcpip.DLL
0x00007fff5a610000 - 0x00007fff5a618000 	C:\Windows\SYSTEM32\wship6.dll
0x00007fff3d0e0000 - 0x00007fff3d0f6000 	C:\Users\hp\.jdks\openjdk-20.0.1\bin\nio.dll
0x00007fff57b90000 - 0x00007fff57baa000 	C:\Users\hp\IntelliJ IDEA Community Edition 2023.1\bin\breakgen64.dll
0x00007fff45240000 - 0x00007fff45247000 	C:\Users\hp\.jdks\openjdk-20.0.1\bin\extnet.dll
0x0000000069ac0000 - 0x0000000069ae4000 	C:\Users\hp\AppData\Local\Temp\jansi-2.4.0-8d1c1a34b546fe6b-jansi.dll
0x00007fff3cc60000 - 0x00007fff3cc70000 	C:\Users\hp\.jdks\openjdk-20.0.1\bin\verify.dll

dbghelp: loaded successfully - version: 4.0.5 - missing functions: none
symbol engine: initialized successfully - sym options: 0x614 - pdb path: .;C:\Users\hp\.jdks\openjdk-20.0.1\bin;C:\Windows\SYSTEM32;C:\Program Files\Avast Software\Avast;C:\Windows\WinSxS\amd64_microsoft.windows.common-controls_6595b64144ccf1df_6.0.19041.1110_none_60b5254171f9507e;C:\Users\hp\.jdks\openjdk-20.0.1\bin\server;C:\Users\hp\IntelliJ IDEA Community Edition 2023.1\bin;C:\Users\hp\AppData\Local\Temp

VM Arguments:
jvm_args: -Dmaven.multiModuleProjectDirectory=D:\Customer -Djansi.passthrough=true -Dmaven.home=C:\Users\hp\.m2\wrapper\dists\apache-maven-3.8.7-bin\1ktonn2lleg549uah6ngl1r74r\apache-maven-3.8.7 -Dclassworlds.conf=C:\Users\hp\.m2\wrapper\dists\apache-maven-3.8.7-bin\1ktonn2lleg549uah6ngl1r74r\apache-maven-3.8.7\bin\m2.conf -Dmaven.ext.class.path=C:\Users\hp\IntelliJ IDEA Community Edition 2023.1\plugins\maven\lib\maven-event-listener.jar -javaagent:C:\Users\hp\IntelliJ IDEA Community Edition 2023.1\lib\idea_rt.jar=52890:C:\Users\hp\IntelliJ IDEA Community Edition 2023.1\bin -Dfile.encoding=UTF-8 -Dsun.stdout.encoding=UTF-8 -Dsun.stderr.encoding=UTF-8 
java_command: org.codehaus.classworlds.Launcher -Didea.version=2023.1 install
java_class_path (initial): C:\Users\hp\.m2\wrapper\dists\apache-maven-3.8.7-bin\1ktonn2lleg549uah6ngl1r74r\apache-maven-3.8.7\boot\plexus-classworlds-2.6.0.jar;C:\Users\hp\.m2\wrapper\dists\apache-maven-3.8.7-bin\1ktonn2lleg549uah6ngl1r74r\apache-maven-3.8.7\boot\plexus-classworlds.license
Launcher Type: SUN_STANDARD

[Global flags]
     intx CICompilerCount                          = 4                                         {product} {ergonomic}
     uint ConcGCThreads                            = 2                                         {product} {ergonomic}
     uint G1ConcRefinementThreads                  = 8                                         {product} {ergonomic}
   size_t G1HeapRegionSize                         = 1048576                                   {product} {ergonomic}
    uintx GCDrainStackTargetSize                   = 64                                        {product} {ergonomic}
   size_t InitialHeapSize                          = 132120576                                 {product} {ergonomic}
   size_t MarkStackSize                            = 4194304                                   {product} {ergonomic}
   size_t MaxHeapSize                              = 2097152000                                {product} {ergonomic}
   size_t MaxNewSize                               = 1258291200                                {product} {ergonomic}
   size_t MinHeapDeltaBytes                        = 1048576                                   {product} {ergonomic}
   size_t MinHeapSize                              = 8388608                                   {product} {ergonomic}
    uintx NonNMethodCodeHeapSize                   = 5839372                                {pd product} {ergonomic}
    uintx NonProfiledCodeHeapSize                  = 122909434                              {pd product} {ergonomic}
     bool PerfDisableSharedMem                     = true                                      {product} {ergonomic}
    uintx ProfiledCodeHeapSize                     = 122909434                              {pd product} {ergonomic}
    uintx ReservedCodeCacheSize                    = 251658240                              {pd product} {ergonomic}
     bool SegmentedCodeCache                       = true                                      {product} {ergonomic}
   size_t SoftMaxHeapSize                          = 2097152000                             {manageable} {ergonomic}
     bool UseCompressedClassPointers               = true                           {product lp64_product} {ergonomic}
     bool UseCompressedOops                        = true                           {product lp64_product} {ergonomic}
     bool UseG1GC                                  = true                                      {product} {ergonomic}
     bool UseLargePagesIndividualAllocation        = false                                  {pd product} {ergonomic}

Logging:
Log output configuration:
 #0: stdout all=warning uptime,level,tags foldmultilines=false
 #1: stderr all=off uptime,level,tags foldmultilines=false

Environment Variables:
PATH=C:\Program Files\NVIDIA GPU Computing Toolkit\CUDA\v12.0\bin;C:\Program Files\NVIDIA GPU Computing Toolkit\CUDA\v12.0\libnvvp;C:\Program Files\Common Files\Oracle\Java\javapath;C:\Program Files (x86)\Common Files\Oracle\Java\javapath;C:\Program Files\Python310\Scripts\;C:\Program Files\Python310\;C:\ProgramData\Oracle\Java\javapath;C:\Windows\system32;C:\Windows;C:\Windows\System32\Wbem;C:\Windows\System32\WindowsPowerShell\v1.0\;C:\Windows\System32\OpenSSH\;C:\Program Files (x86)\NVIDIA Corporation\PhysX\Common;C:\Program Files\NVIDIA Corporation\NVIDIA NvDLISR;C:\Program Files\Microsoft SQL Server\Client SDK\ODBC\170\Tools\Binn\;C:\Program Files (x86)\Microsoft SQL Server\150\Tools\Binn\;C:\Program Files\Microsoft SQL Server\150\Tools\Binn\;C:\Program Files\Microsoft SQL Server\150\DTS\Binn\;C:\Program Files (x86)\Microsoft SQL Server\150\DTS\Binn\;C:\Program Files\Azure Data Studio\bin;C:\Program Files\Git\cmd;C:\Program Files (x86)\Mozart\bin;C:\Program Files\Mozart\bin;C:\Program Files\Microsoft SQL Server\130\Tools\Binn\;C:\Program Files\dotnet\;C:\Program Files (x86)\NetCDF4Excel;C:\Program Files\NVIDIA Corporation\Nsight Compute 2022.4.0\;C:\Program Files\Docker\Docker\resources\bin;C:\Users\hp\AppData\Local\Microsoft\WindowsApps;;C:\Program Files\Azure Data Studio\bin;C:\Users\hp\.dotnet\tools;C:\Users\hp\AppData\Local\Programs\Microsoft VS Code\bin
USERNAME=hp
OS=Windows_NT
PROCESSOR_IDENTIFIER=Intel64 Family 6 Model 166 Stepping 0, GenuineIntel
TMP=C:\Users\hp\AppData\Local\Temp
TEMP=C:\Users\hp\AppData\Local\Temp




---------------  S Y S T E M  ---------------

OS:
 Windows 10 , 64 bit Build 19041 (10.0.19041.2546)
OS uptime: 0 days 3:11 hours
Hyper-V role detected

CPU: total 8 (initial active 8) (4 cores per cpu, 2 threads per core) family 6 model 166 stepping 0 microcode 0xe0, cx8, cmov, fxsr, ht, mmx, 3dnowpref, sse, sse2, sse3, ssse3, sse4.1, sse4.2, popcnt, lzcnt, tsc, tscinvbit, avx, avx2, aes, erms, clmul, bmi1, bmi2, adx, fma, vzeroupper, clflush, clflushopt, hv, rdtscp, f16c

Memory: 4k page, system-wide physical 7996M (988M free)
TotalPageFile size 11939M (AvailPageFile size 7M)
current process WorkingSet (physical memory assigned to process): 233M, peak: 236M
current process commit charge ("private bytes"): 272M, peak: 292M

vm_info: OpenJDK 64-Bit Server VM (20.0.1+9-29) for windows-amd64 JRE (20.0.1+9-29), built on 2023-03-07T13:56:11Z by "mach5one" with MS VC++ 17.1 (VS2022)

END.
