#
# There is insufficient memory for the Java Runtime Environment to continue.
# Native memory allocation (malloc) failed to allocate 32744 bytes for Chunk::new
# Possible reasons:
#   The system is out of physical RAM or swap space
#   The process is running with CompressedOops enabled, and the Java Heap may be blocking the growth of the native heap
# Possible solutions:
#   Reduce memory load on the system
#   Increase physical memory or swap space
#   Check if swap backing store is full
#   Decrease Java heap size (-Xmx/-Xms)
#   Decrease number of Java threads
#   Decrease Java thread stack sizes (-Xss)
#   Set larger code cache with -XX:ReservedCodeCacheSize=
#   JVM is running with Unscaled Compressed Oops mode in which the Java heap is
#     placed in the first 4GB address space. The Java Heap base address is the
#     maximum limit for the native heap growth. Please use -XX:HeapBaseMinAddress
#     to set the Java Heap base and to place the Java Heap above 4GB virtual address.
# This output file may be truncated or incomplete.
#
#  Out of Memory Error (arena.cpp:184), pid=11180, tid=6968
#
# JRE version: OpenJDK Runtime Environment (20.0.1+9) (build 20.0.1+9-29)
# Java VM: OpenJDK 64-Bit Server VM (20.0.1+9-29, mixed mode, sharing, tiered, compressed oops, compressed class ptrs, g1 gc, windows-amd64)
# No core dump will be written. Minidumps are not enabled by default on client versions of Windows
#

---------------  S U M M A R Y ------------

Command Line: -Dmaven.multiModuleProjectDirectory=D:\Customer -Djansi.passthrough=true -Dmaven.home=C:\Users\hp\.m2\wrapper\dists\apache-maven-3.8.7-bin\1ktonn2lleg549uah6ngl1r74r\apache-maven-3.8.7 -Dclassworlds.conf=C:\Users\hp\.m2\wrapper\dists\apache-maven-3.8.7-bin\1ktonn2lleg549uah6ngl1r74r\apache-maven-3.8.7\bin\m2.conf -Dmaven.ext.class.path=C:\Users\hp\IntelliJ IDEA Community Edition 2023.1\plugins\maven\lib\maven-event-listener.jar -javaagent:C:\Users\hp\IntelliJ IDEA Community Edition 2023.1\lib\idea_rt.jar=52426:C:\Users\hp\IntelliJ IDEA Community Edition 2023.1\bin -Dfile.encoding=UTF-8 -Dsun.stdout.encoding=UTF-8 -Dsun.stderr.encoding=UTF-8 org.codehaus.classworlds.Launcher -Didea.version=2023.1 clean

Host: Intel(R) Core(TM) i5-10210U CPU @ 1.60GHz, 8 cores, 7G,  Windows 10 , 64 bit Build 19041 (10.0.19041.2546)
Time: Sat Apr 22 16:09:31 2023 Pacific Daylight Time elapsed time: 11.152046 seconds (0d 0h 0m 11s)

---------------  T H R E A D  ---------------

Current thread (0x0000020fd2377630):  JavaThread "main" [_thread_in_vm, id=6968, stack(0x0000006616400000,0x0000006616500000)]

Stack: [0x0000006616400000,0x0000006616500000]
Native frames: (J=compiled Java code, j=interpreted, Vv=VM code, C=native code)
V  [jvm.dll+0x6bb95a]
V  [jvm.dll+0x8485fa]
V  [jvm.dll+0x84a1f5]
V  [jvm.dll+0x84a8f3]
V  [jvm.dll+0x280b0f]
V  [jvm.dll+0xc2b11]
V  [jvm.dll+0xc2e35]
V  [jvm.dll+0x21aba1]
V  [jvm.dll+0x21b975]
V  [jvm.dll+0x21c361]
V  [jvm.dll+0x211780]
V  [jvm.dll+0x59c26c]
V  [jvm.dll+0x7c3693]
V  [jvm.dll+0x7c3774]
V  [jvm.dll+0x46c524]
V  [jvm.dll+0x471a88]
C  [java.dll+0x17ec]

Java frames: (J=compiled Java code, j=interpreted, Vv=VM code)
j  java.lang.ClassLoader.defineClass1(Ljava/lang/ClassLoader;Ljava/lang/String;[BIILjava/security/ProtectionDomain;Ljava/lang/String;)Ljava/lang/Class;+0 java.base@20.0.1
j  java.lang.ClassLoader.defineClass(Ljava/lang/String;[BIILjava/security/ProtectionDomain;)Ljava/lang/Class;+27 java.base@20.0.1
j  java.security.SecureClassLoader.defineClass(Ljava/lang/String;[BIILjava/security/CodeSource;)Ljava/lang/Class;+12 java.base@20.0.1
j  java.net.URLClassLoader.defineClass(Ljava/lang/String;Ljdk/internal/loader/Resource;)Ljava/lang/Class;+220 java.base@20.0.1
j  java.net.URLClassLoader$1.run()Ljava/lang/Class;+43 java.base@20.0.1
j  java.net.URLClassLoader$1.run()Ljava/lang/Object;+1 java.base@20.0.1
j  java.security.AccessController.executePrivileged(Ljava/security/PrivilegedExceptionAction;Ljava/security/AccessControlContext;Ljava/lang/Class;)Ljava/lang/Object;+29 java.base@20.0.1
j  java.security.AccessController.doPrivileged(Ljava/security/PrivilegedExceptionAction;Ljava/security/AccessControlContext;)Ljava/lang/Object;+13 java.base@20.0.1
j  java.net.URLClassLoader.findClass(Ljava/lang/String;)Ljava/lang/Class;+13 java.base@20.0.1
j  org.codehaus.plexus.classworlds.realm.ClassRealm.loadClassFromSelf(Ljava/lang/String;)Ljava/lang/Class;+20
j  org.codehaus.plexus.classworlds.strategy.SelfFirstStrategy.loadClass(Ljava/lang/String;)Ljava/lang/Class;+18
j  org.codehaus.plexus.classworlds.realm.ClassRealm.unsynchronizedLoadClass(Ljava/lang/String;Z)Ljava/lang/Class;+13
j  org.codehaus.plexus.classworlds.realm.ClassRealm.loadClass(Ljava/lang/String;Z)Ljava/lang/Class;+9
j  org.codehaus.plexus.classworlds.realm.ClassRealm.loadClass(Ljava/lang/String;)Ljava/lang/Class;+3
v  ~StubRoutines::call_stub 0x0000020fe196100d
j  org.codehaus.plexus.util.PropertyUtils.loadProperties(Ljava/io/InputStream;)Ljava/util/Properties;+28
j  org.apache.maven.cli.logging.Slf4jConfigurationFactory.getConfiguration(Lorg/slf4j/ILoggerFactory;)Lorg/apache/maven/cli/logging/Slf4jConfiguration;+52
j  org.apache.maven.cli.MavenCli.logging(Lorg/apache/maven/cli/CliRequest;)V+80
j  org.apache.maven.cli.MavenCli.doMain(Lorg/apache/maven/cli/CliRequest;)I+19
j  org.apache.maven.cli.MavenCli.main([Ljava/lang/String;Lorg/codehaus/plexus/classworlds/ClassWorld;)I+24
j  java.lang.invoke.DirectMethodHandle$Holder.invokeStatic(Ljava/lang/Object;Ljava/lang/Object;Ljava/lang/Object;)I+11 java.base@20.0.1
j  java.lang.invoke.LambdaForm$MH+0x000000080100b000.invoke(Ljava/lang/Object;Ljava/lang/Object;Ljava/lang/Object;Ljava/lang/Object;)Ljava/lang/Object;+54 java.base@20.0.1
j  java.lang.invoke.LambdaForm$MH+0x0000000801002800.invokeExact_MT(Ljava/lang/Object;Ljava/lang/Object;Ljava/lang/Object;Ljava/lang/Object;Ljava/lang/Object;)Ljava/lang/Object;+22 java.base@20.0.1
j  jdk.internal.reflect.DirectMethodHandleAccessor.invokeImpl(Ljava/lang/Object;[Ljava/lang/Object;)Ljava/lang/Object;+72 java.base@20.0.1
j  jdk.internal.reflect.DirectMethodHandleAccessor.invoke(Ljava/lang/Object;[Ljava/lang/Object;)Ljava/lang/Object;+23 java.base@20.0.1
j  java.lang.reflect.Method.invoke(Ljava/lang/Object;[Ljava/lang/Object;)Ljava/lang/Object;+102 java.base@20.0.1
j  org.codehaus.plexus.classworlds.launcher.Launcher.launchEnhanced([Ljava/lang/String;)V+45
j  org.codehaus.plexus.classworlds.launcher.Launcher.launch([Ljava/lang/String;)V+2
j  org.codehaus.plexus.classworlds.launcher.Launcher.mainWithExitCode([Ljava/lang/String;)I+101
j  org.codehaus.plexus.classworlds.launcher.Launcher.main([Ljava/lang/String;)V+1
j  org.codehaus.classworlds.Launcher.main([Ljava/lang/String;)V+1
v  ~StubRoutines::call_stub 0x0000020fe196100d

---------------  P R O C E S S  ---------------

Threads class SMR info:
_java_thread_list=0x0000020ff3211f70, length=12, elements={
0x0000020fd2377630, 0x0000020feec84e00, 0x0000020feec85c00, 0x0000020feec8c850,
0x0000020feec90830, 0x0000020feec91910, 0x0000020feec92250, 0x0000020feec9f170,
0x0000020feecaa400, 0x0000020ff307c5e0, 0x0000020ff31f08b0, 0x0000020ff31f0e00
}

Java Threads: ( => current thread )
=>0x0000020fd2377630 JavaThread "main" [_thread_in_vm, id=6968, stack(0x0000006616400000,0x0000006616500000)]
  0x0000020feec84e00 JavaThread "Reference Handler" daemon [_thread_blocked, id=13280, stack(0x0000006616b00000,0x0000006616c00000)]
  0x0000020feec85c00 JavaThread "Finalizer" daemon [_thread_blocked, id=11748, stack(0x0000006616c00000,0x0000006616d00000)]
  0x0000020feec8c850 JavaThread "Signal Dispatcher" daemon [_thread_blocked, id=19732, stack(0x0000006616d00000,0x0000006616e00000)]
  0x0000020feec90830 JavaThread "Attach Listener" daemon [_thread_blocked, id=19772, stack(0x0000006616e00000,0x0000006616f00000)]
  0x0000020feec91910 JavaThread "Service Thread" daemon [_thread_blocked, id=13076, stack(0x0000006616f00000,0x0000006617000000)]
  0x0000020feec92250 JavaThread "Monitor Deflation Thread" daemon [_thread_blocked, id=19108, stack(0x0000006617000000,0x0000006617100000)]
  0x0000020feec9f170 JavaThread "C2 CompilerThread0" daemon [_thread_blocked, id=18080, stack(0x0000006617100000,0x0000006617200000)]
  0x0000020feecaa400 JavaThread "C1 CompilerThread0" daemon [_thread_blocked, id=5308, stack(0x0000006617200000,0x0000006617300000)]
  0x0000020ff307c5e0 JavaThread "Common-Cleaner" daemon [_thread_blocked, id=19112, stack(0x0000006617300000,0x0000006617400000)]
  0x0000020ff31f08b0 JavaThread "Monitor Ctrl-Break" daemon [_thread_in_native, id=19116, stack(0x0000006617400000,0x0000006617500000)]
  0x0000020ff31f0e00 JavaThread "Notification Thread" daemon [_thread_blocked, id=19956, stack(0x0000006617500000,0x0000006617600000)]

Other Threads:
  0x0000020feec6c890 VMThread "VM Thread" [stack: 0x0000006616a00000,0x0000006616b00000] [id=13712] _threads_hazard_ptr=0x0000020ff3211f70
  0x0000020fd2378520 WatcherThread "VM Periodic Task Thread" [stack: 0x0000006617600000,0x0000006617700000] [id=13044]
  0x0000020fd23d4250 WorkerThread "GC Thread#0" [stack: 0x0000006616500000,0x0000006616600000] [id=10024]
  0x0000020fd23e4dd0 ConcurrentGCThread "G1 Main Marker" [stack: 0x0000006616600000,0x0000006616700000] [id=12672]
  0x0000020fd23e5fa0 WorkerThread "G1 Conc#0" [stack: 0x0000006616700000,0x0000006616800000] [id=15084]
  0x0000020fd243e790 ConcurrentGCThread "G1 Refine#0" [stack: 0x0000006616800000,0x0000006616900000] [id=10456]
  0x0000020feeb2c380 ConcurrentGCThread "G1 Service" [stack: 0x0000006616900000,0x0000006616a00000] [id=13536]

Threads with active compile tasks:

VM state: synchronizing (normal execution)

VM Mutex/Monitor currently owned by a thread:  ([mutex/lock_event])
[0x0000020fd23735e0] Threads_lock - owner thread: 0x0000020feec6c890

Heap address: 0x0000000083000000, size: 2000 MB, Compressed Oops mode: 32-bit

CDS archive(s) mapped at: [0x0000000800000000-0x0000000800c60000-0x0000000800c60000), size 12976128, SharedBaseAddress: 0x0000000800000000, ArchiveRelocationMode: 0.
Compressed class space mapped at: 0x0000000801000000-0x0000000841000000, reserved size: 1073741824
Narrow klass base: 0x0000000800000000, Narrow klass shift: 0, Narrow klass range: 0x100000000

GC Precious Log:
 CardTable entry size: 512
 Card Set container configuration: InlinePtr #cards 5 size 8 Array Of Cards #cards 12 size 40 Howl #buckets 4 coarsen threshold 1843 Howl Bitmap #cards 512 size 80 coarsen threshold 460 Card regions per heap region 1 cards per card region 2048
 CPUs: 8 total, 8 available
 Memory: 7996M
 Large Page Support: Disabled
 NUMA Support: Disabled
 Compressed Oops: Enabled (32-bit)
 Heap Region Size: 1M
 Heap Min Capacity: 8M
 Heap Initial Capacity: 126M
 Heap Max Capacity: 2000M
 Pre-touch: Disabled
 Parallel Workers: 8
 Concurrent Workers: 2
 Concurrent Refinement Workers: 8
 Periodic GC: Disabled

Heap:
 garbage-first heap   total 129024K, used 7168K [0x0000000083000000, 0x0000000100000000)
  region size 1024K, 8 young (8192K), 0 survivors (0K)
 Metaspace       used 1958K, committed 2112K, reserved 1114112K
  class space    used 178K, committed 256K, reserved 1048576K

Heap Regions: E=young(eden), S=young(survivor), O=old, HS=humongous(starts), HC=humongous(continues), CS=collection set, F=free, OA=open archive, CA=closed archive, TAMS=top-at-mark-start, PB=parsable bottom
|   0|0x0000000083000000, 0x0000000083000000, 0x0000000083100000|  0%| F|  |TAMS 0x0000000083000000| PB 0x0000000083000000| Untracked 
|   1|0x0000000083100000, 0x0000000083100000, 0x0000000083200000|  0%| F|  |TAMS 0x0000000083100000| PB 0x0000000083100000| Untracked 
|   2|0x0000000083200000, 0x0000000083200000, 0x0000000083300000|  0%| F|  |TAMS 0x0000000083200000| PB 0x0000000083200000| Untracked 
|   3|0x0000000083300000, 0x0000000083300000, 0x0000000083400000|  0%| F|  |TAMS 0x0000000083300000| PB 0x0000000083300000| Untracked 
|   4|0x0000000083400000, 0x0000000083400000, 0x0000000083500000|  0%| F|  |TAMS 0x0000000083400000| PB 0x0000000083400000| Untracked 
|   5|0x0000000083500000, 0x0000000083500000, 0x0000000083600000|  0%| F|  |TAMS 0x0000000083500000| PB 0x0000000083500000| Untracked 
|   6|0x0000000083600000, 0x0000000083600000, 0x0000000083700000|  0%| F|  |TAMS 0x0000000083600000| PB 0x0000000083600000| Untracked 
|   7|0x0000000083700000, 0x0000000083700000, 0x0000000083800000|  0%| F|  |TAMS 0x0000000083700000| PB 0x0000000083700000| Untracked 
|   8|0x0000000083800000, 0x0000000083800000, 0x0000000083900000|  0%| F|  |TAMS 0x0000000083800000| PB 0x0000000083800000| Untracked 
|   9|0x0000000083900000, 0x0000000083900000, 0x0000000083a00000|  0%| F|  |TAMS 0x0000000083900000| PB 0x0000000083900000| Untracked 
|  10|0x0000000083a00000, 0x0000000083a00000, 0x0000000083b00000|  0%| F|  |TAMS 0x0000000083a00000| PB 0x0000000083a00000| Untracked 
|  11|0x0000000083b00000, 0x0000000083b00000, 0x0000000083c00000|  0%| F|  |TAMS 0x0000000083b00000| PB 0x0000000083b00000| Untracked 
|  12|0x0000000083c00000, 0x0000000083c00000, 0x0000000083d00000|  0%| F|  |TAMS 0x0000000083c00000| PB 0x0000000083c00000| Untracked 
|  13|0x0000000083d00000, 0x0000000083d00000, 0x0000000083e00000|  0%| F|  |TAMS 0x0000000083d00000| PB 0x0000000083d00000| Untracked 
|  14|0x0000000083e00000, 0x0000000083e00000, 0x0000000083f00000|  0%| F|  |TAMS 0x0000000083e00000| PB 0x0000000083e00000| Untracked 
|  15|0x0000000083f00000, 0x0000000083f00000, 0x0000000084000000|  0%| F|  |TAMS 0x0000000083f00000| PB 0x0000000083f00000| Untracked 
|  16|0x0000000084000000, 0x0000000084000000, 0x0000000084100000|  0%| F|  |TAMS 0x0000000084000000| PB 0x0000000084000000| Untracked 
|  17|0x0000000084100000, 0x0000000084100000, 0x0000000084200000|  0%| F|  |TAMS 0x0000000084100000| PB 0x0000000084100000| Untracked 
|  18|0x0000000084200000, 0x0000000084200000, 0x0000000084300000|  0%| F|  |TAMS 0x0000000084200000| PB 0x0000000084200000| Untracked 
|  19|0x0000000084300000, 0x0000000084300000, 0x0000000084400000|  0%| F|  |TAMS 0x0000000084300000| PB 0x0000000084300000| Untracked 
|  20|0x0000000084400000, 0x0000000084400000, 0x0000000084500000|  0%| F|  |TAMS 0x0000000084400000| PB 0x0000000084400000| Untracked 
|  21|0x0000000084500000, 0x0000000084500000, 0x0000000084600000|  0%| F|  |TAMS 0x0000000084500000| PB 0x0000000084500000| Untracked 
|  22|0x0000000084600000, 0x0000000084600000, 0x0000000084700000|  0%| F|  |TAMS 0x0000000084600000| PB 0x0000000084600000| Untracked 
|  23|0x0000000084700000, 0x0000000084700000, 0x0000000084800000|  0%| F|  |TAMS 0x0000000084700000| PB 0x0000000084700000| Untracked 
|  24|0x0000000084800000, 0x0000000084800000, 0x0000000084900000|  0%| F|  |TAMS 0x0000000084800000| PB 0x0000000084800000| Untracked 
|  25|0x0000000084900000, 0x0000000084900000, 0x0000000084a00000|  0%| F|  |TAMS 0x0000000084900000| PB 0x0000000084900000| Untracked 
|  26|0x0000000084a00000, 0x0000000084a00000, 0x0000000084b00000|  0%| F|  |TAMS 0x0000000084a00000| PB 0x0000000084a00000| Untracked 
|  27|0x0000000084b00000, 0x0000000084b00000, 0x0000000084c00000|  0%| F|  |TAMS 0x0000000084b00000| PB 0x0000000084b00000| Untracked 
|  28|0x0000000084c00000, 0x0000000084c00000, 0x0000000084d00000|  0%| F|  |TAMS 0x0000000084c00000| PB 0x0000000084c00000| Untracked 
|  29|0x0000000084d00000, 0x0000000084d00000, 0x0000000084e00000|  0%| F|  |TAMS 0x0000000084d00000| PB 0x0000000084d00000| Untracked 
|  30|0x0000000084e00000, 0x0000000084e00000, 0x0000000084f00000|  0%| F|  |TAMS 0x0000000084e00000| PB 0x0000000084e00000| Untracked 
|  31|0x0000000084f00000, 0x0000000084f00000, 0x0000000085000000|  0%| F|  |TAMS 0x0000000084f00000| PB 0x0000000084f00000| Untracked 
|  32|0x0000000085000000, 0x0000000085000000, 0x0000000085100000|  0%| F|  |TAMS 0x0000000085000000| PB 0x0000000085000000| Untracked 
|  33|0x0000000085100000, 0x0000000085100000, 0x0000000085200000|  0%| F|  |TAMS 0x0000000085100000| PB 0x0000000085100000| Untracked 
|  34|0x0000000085200000, 0x0000000085200000, 0x0000000085300000|  0%| F|  |TAMS 0x0000000085200000| PB 0x0000000085200000| Untracked 
|  35|0x0000000085300000, 0x0000000085300000, 0x0000000085400000|  0%| F|  |TAMS 0x0000000085300000| PB 0x0000000085300000| Untracked 
|  36|0x0000000085400000, 0x0000000085400000, 0x0000000085500000|  0%| F|  |TAMS 0x0000000085400000| PB 0x0000000085400000| Untracked 
|  37|0x0000000085500000, 0x0000000085500000, 0x0000000085600000|  0%| F|  |TAMS 0x0000000085500000| PB 0x0000000085500000| Untracked 
|  38|0x0000000085600000, 0x0000000085600000, 0x0000000085700000|  0%| F|  |TAMS 0x0000000085600000| PB 0x0000000085600000| Untracked 
|  39|0x0000000085700000, 0x0000000085700000, 0x0000000085800000|  0%| F|  |TAMS 0x0000000085700000| PB 0x0000000085700000| Untracked 
|  40|0x0000000085800000, 0x0000000085800000, 0x0000000085900000|  0%| F|  |TAMS 0x0000000085800000| PB 0x0000000085800000| Untracked 
|  41|0x0000000085900000, 0x0000000085900000, 0x0000000085a00000|  0%| F|  |TAMS 0x0000000085900000| PB 0x0000000085900000| Untracked 
|  42|0x0000000085a00000, 0x0000000085a00000, 0x0000000085b00000|  0%| F|  |TAMS 0x0000000085a00000| PB 0x0000000085a00000| Untracked 
|  43|0x0000000085b00000, 0x0000000085b00000, 0x0000000085c00000|  0%| F|  |TAMS 0x0000000085b00000| PB 0x0000000085b00000| Untracked 
|  44|0x0000000085c00000, 0x0000000085c00000, 0x0000000085d00000|  0%| F|  |TAMS 0x0000000085c00000| PB 0x0000000085c00000| Untracked 
|  45|0x0000000085d00000, 0x0000000085d00000, 0x0000000085e00000|  0%| F|  |TAMS 0x0000000085d00000| PB 0x0000000085d00000| Untracked 
|  46|0x0000000085e00000, 0x0000000085e00000, 0x0000000085f00000|  0%| F|  |TAMS 0x0000000085e00000| PB 0x0000000085e00000| Untracked 
|  47|0x0000000085f00000, 0x0000000085f00000, 0x0000000086000000|  0%| F|  |TAMS 0x0000000085f00000| PB 0x0000000085f00000| Untracked 
|  48|0x0000000086000000, 0x0000000086000000, 0x0000000086100000|  0%| F|  |TAMS 0x0000000086000000| PB 0x0000000086000000| Untracked 
|  49|0x0000000086100000, 0x0000000086100000, 0x0000000086200000|  0%| F|  |TAMS 0x0000000086100000| PB 0x0000000086100000| Untracked 
|  50|0x0000000086200000, 0x0000000086200000, 0x0000000086300000|  0%| F|  |TAMS 0x0000000086200000| PB 0x0000000086200000| Untracked 
|  51|0x0000000086300000, 0x0000000086300000, 0x0000000086400000|  0%| F|  |TAMS 0x0000000086300000| PB 0x0000000086300000| Untracked 
|  52|0x0000000086400000, 0x0000000086400000, 0x0000000086500000|  0%| F|  |TAMS 0x0000000086400000| PB 0x0000000086400000| Untracked 
|  53|0x0000000086500000, 0x0000000086500000, 0x0000000086600000|  0%| F|  |TAMS 0x0000000086500000| PB 0x0000000086500000| Untracked 
|  54|0x0000000086600000, 0x0000000086600000, 0x0000000086700000|  0%| F|  |TAMS 0x0000000086600000| PB 0x0000000086600000| Untracked 
|  55|0x0000000086700000, 0x0000000086700000, 0x0000000086800000|  0%| F|  |TAMS 0x0000000086700000| PB 0x0000000086700000| Untracked 
|  56|0x0000000086800000, 0x0000000086800000, 0x0000000086900000|  0%| F|  |TAMS 0x0000000086800000| PB 0x0000000086800000| Untracked 
|  57|0x0000000086900000, 0x0000000086900000, 0x0000000086a00000|  0%| F|  |TAMS 0x0000000086900000| PB 0x0000000086900000| Untracked 
|  58|0x0000000086a00000, 0x0000000086a00000, 0x0000000086b00000|  0%| F|  |TAMS 0x0000000086a00000| PB 0x0000000086a00000| Untracked 
|  59|0x0000000086b00000, 0x0000000086b00000, 0x0000000086c00000|  0%| F|  |TAMS 0x0000000086b00000| PB 0x0000000086b00000| Untracked 
|  60|0x0000000086c00000, 0x0000000086c00000, 0x0000000086d00000|  0%| F|  |TAMS 0x0000000086c00000| PB 0x0000000086c00000| Untracked 
|  61|0x0000000086d00000, 0x0000000086d00000, 0x0000000086e00000|  0%| F|  |TAMS 0x0000000086d00000| PB 0x0000000086d00000| Untracked 
|  62|0x0000000086e00000, 0x0000000086e00000, 0x0000000086f00000|  0%| F|  |TAMS 0x0000000086e00000| PB 0x0000000086e00000| Untracked 
|  63|0x0000000086f00000, 0x0000000086f00000, 0x0000000087000000|  0%| F|  |TAMS 0x0000000086f00000| PB 0x0000000086f00000| Untracked 
|  64|0x0000000087000000, 0x0000000087000000, 0x0000000087100000|  0%| F|  |TAMS 0x0000000087000000| PB 0x0000000087000000| Untracked 
|  65|0x0000000087100000, 0x0000000087100000, 0x0000000087200000|  0%| F|  |TAMS 0x0000000087100000| PB 0x0000000087100000| Untracked 
|  66|0x0000000087200000, 0x0000000087200000, 0x0000000087300000|  0%| F|  |TAMS 0x0000000087200000| PB 0x0000000087200000| Untracked 
|  67|0x0000000087300000, 0x0000000087300000, 0x0000000087400000|  0%| F|  |TAMS 0x0000000087300000| PB 0x0000000087300000| Untracked 
|  68|0x0000000087400000, 0x0000000087400000, 0x0000000087500000|  0%| F|  |TAMS 0x0000000087400000| PB 0x0000000087400000| Untracked 
|  69|0x0000000087500000, 0x0000000087500000, 0x0000000087600000|  0%| F|  |TAMS 0x0000000087500000| PB 0x0000000087500000| Untracked 
|  70|0x0000000087600000, 0x0000000087600000, 0x0000000087700000|  0%| F|  |TAMS 0x0000000087600000| PB 0x0000000087600000| Untracked 
|  71|0x0000000087700000, 0x0000000087700000, 0x0000000087800000|  0%| F|  |TAMS 0x0000000087700000| PB 0x0000000087700000| Untracked 
|  72|0x0000000087800000, 0x0000000087800000, 0x0000000087900000|  0%| F|  |TAMS 0x0000000087800000| PB 0x0000000087800000| Untracked 
|  73|0x0000000087900000, 0x0000000087900000, 0x0000000087a00000|  0%| F|  |TAMS 0x0000000087900000| PB 0x0000000087900000| Untracked 
|  74|0x0000000087a00000, 0x0000000087a00000, 0x0000000087b00000|  0%| F|  |TAMS 0x0000000087a00000| PB 0x0000000087a00000| Untracked 
|  75|0x0000000087b00000, 0x0000000087b00000, 0x0000000087c00000|  0%| F|  |TAMS 0x0000000087b00000| PB 0x0000000087b00000| Untracked 
|  76|0x0000000087c00000, 0x0000000087c00000, 0x0000000087d00000|  0%| F|  |TAMS 0x0000000087c00000| PB 0x0000000087c00000| Untracked 
|  77|0x0000000087d00000, 0x0000000087d00000, 0x0000000087e00000|  0%| F|  |TAMS 0x0000000087d00000| PB 0x0000000087d00000| Untracked 
|  78|0x0000000087e00000, 0x0000000087e00000, 0x0000000087f00000|  0%| F|  |TAMS 0x0000000087e00000| PB 0x0000000087e00000| Untracked 
|  79|0x0000000087f00000, 0x0000000087f00000, 0x0000000088000000|  0%| F|  |TAMS 0x0000000087f00000| PB 0x0000000087f00000| Untracked 
|  80|0x0000000088000000, 0x0000000088000000, 0x0000000088100000|  0%| F|  |TAMS 0x0000000088000000| PB 0x0000000088000000| Untracked 
|  81|0x0000000088100000, 0x0000000088100000, 0x0000000088200000|  0%| F|  |TAMS 0x0000000088100000| PB 0x0000000088100000| Untracked 
|  82|0x0000000088200000, 0x0000000088200000, 0x0000000088300000|  0%| F|  |TAMS 0x0000000088200000| PB 0x0000000088200000| Untracked 
|  83|0x0000000088300000, 0x0000000088300000, 0x0000000088400000|  0%| F|  |TAMS 0x0000000088300000| PB 0x0000000088300000| Untracked 
|  84|0x0000000088400000, 0x0000000088400000, 0x0000000088500000|  0%| F|  |TAMS 0x0000000088400000| PB 0x0000000088400000| Untracked 
|  85|0x0000000088500000, 0x0000000088500000, 0x0000000088600000|  0%| F|  |TAMS 0x0000000088500000| PB 0x0000000088500000| Untracked 
|  86|0x0000000088600000, 0x0000000088600000, 0x0000000088700000|  0%| F|  |TAMS 0x0000000088600000| PB 0x0000000088600000| Untracked 
|  87|0x0000000088700000, 0x0000000088700000, 0x0000000088800000|  0%| F|  |TAMS 0x0000000088700000| PB 0x0000000088700000| Untracked 
|  88|0x0000000088800000, 0x0000000088800000, 0x0000000088900000|  0%| F|  |TAMS 0x0000000088800000| PB 0x0000000088800000| Untracked 
|  89|0x0000000088900000, 0x0000000088900000, 0x0000000088a00000|  0%| F|  |TAMS 0x0000000088900000| PB 0x0000000088900000| Untracked 
|  90|0x0000000088a00000, 0x0000000088a00000, 0x0000000088b00000|  0%| F|  |TAMS 0x0000000088a00000| PB 0x0000000088a00000| Untracked 
|  91|0x0000000088b00000, 0x0000000088b00000, 0x0000000088c00000|  0%| F|  |TAMS 0x0000000088b00000| PB 0x0000000088b00000| Untracked 
|  92|0x0000000088c00000, 0x0000000088c00000, 0x0000000088d00000|  0%| F|  |TAMS 0x0000000088c00000| PB 0x0000000088c00000| Untracked 
|  93|0x0000000088d00000, 0x0000000088d00000, 0x0000000088e00000|  0%| F|  |TAMS 0x0000000088d00000| PB 0x0000000088d00000| Untracked 
|  94|0x0000000088e00000, 0x0000000088e00000, 0x0000000088f00000|  0%| F|  |TAMS 0x0000000088e00000| PB 0x0000000088e00000| Untracked 
|  95|0x0000000088f00000, 0x0000000088f00000, 0x0000000089000000|  0%| F|  |TAMS 0x0000000088f00000| PB 0x0000000088f00000| Untracked 
|  96|0x0000000089000000, 0x0000000089000000, 0x0000000089100000|  0%| F|  |TAMS 0x0000000089000000| PB 0x0000000089000000| Untracked 
|  97|0x0000000089100000, 0x0000000089100000, 0x0000000089200000|  0%| F|  |TAMS 0x0000000089100000| PB 0x0000000089100000| Untracked 
|  98|0x0000000089200000, 0x0000000089200000, 0x0000000089300000|  0%| F|  |TAMS 0x0000000089200000| PB 0x0000000089200000| Untracked 
|  99|0x0000000089300000, 0x0000000089300000, 0x0000000089400000|  0%| F|  |TAMS 0x0000000089300000| PB 0x0000000089300000| Untracked 
| 100|0x0000000089400000, 0x0000000089400000, 0x0000000089500000|  0%| F|  |TAMS 0x0000000089400000| PB 0x0000000089400000| Untracked 
| 101|0x0000000089500000, 0x0000000089500000, 0x0000000089600000|  0%| F|  |TAMS 0x0000000089500000| PB 0x0000000089500000| Untracked 
| 102|0x0000000089600000, 0x0000000089600000, 0x0000000089700000|  0%| F|  |TAMS 0x0000000089600000| PB 0x0000000089600000| Untracked 
| 103|0x0000000089700000, 0x0000000089700000, 0x0000000089800000|  0%| F|  |TAMS 0x0000000089700000| PB 0x0000000089700000| Untracked 
| 104|0x0000000089800000, 0x0000000089800000, 0x0000000089900000|  0%| F|  |TAMS 0x0000000089800000| PB 0x0000000089800000| Untracked 
| 105|0x0000000089900000, 0x0000000089900000, 0x0000000089a00000|  0%| F|  |TAMS 0x0000000089900000| PB 0x0000000089900000| Untracked 
| 106|0x0000000089a00000, 0x0000000089a00000, 0x0000000089b00000|  0%| F|  |TAMS 0x0000000089a00000| PB 0x0000000089a00000| Untracked 
| 107|0x0000000089b00000, 0x0000000089b00000, 0x0000000089c00000|  0%| F|  |TAMS 0x0000000089b00000| PB 0x0000000089b00000| Untracked 
| 108|0x0000000089c00000, 0x0000000089c00000, 0x0000000089d00000|  0%| F|  |TAMS 0x0000000089c00000| PB 0x0000000089c00000| Untracked 
| 109|0x0000000089d00000, 0x0000000089d00000, 0x0000000089e00000|  0%| F|  |TAMS 0x0000000089d00000| PB 0x0000000089d00000| Untracked 
| 110|0x0000000089e00000, 0x0000000089e00000, 0x0000000089f00000|  0%| F|  |TAMS 0x0000000089e00000| PB 0x0000000089e00000| Untracked 
| 111|0x0000000089f00000, 0x0000000089f00000, 0x000000008a000000|  0%| F|  |TAMS 0x0000000089f00000| PB 0x0000000089f00000| Untracked 
| 112|0x000000008a000000, 0x000000008a000000, 0x000000008a100000|  0%| F|  |TAMS 0x000000008a000000| PB 0x000000008a000000| Untracked 
| 113|0x000000008a100000, 0x000000008a100000, 0x000000008a200000|  0%| F|  |TAMS 0x000000008a100000| PB 0x000000008a100000| Untracked 
| 114|0x000000008a200000, 0x000000008a200000, 0x000000008a300000|  0%| F|  |TAMS 0x000000008a200000| PB 0x000000008a200000| Untracked 
| 115|0x000000008a300000, 0x000000008a300000, 0x000000008a400000|  0%| F|  |TAMS 0x000000008a300000| PB 0x000000008a300000| Untracked 
| 116|0x000000008a400000, 0x000000008a400000, 0x000000008a500000|  0%| F|  |TAMS 0x000000008a400000| PB 0x000000008a400000| Untracked 
| 117|0x000000008a500000, 0x000000008a500000, 0x000000008a600000|  0%| F|  |TAMS 0x000000008a500000| PB 0x000000008a500000| Untracked 
| 118|0x000000008a600000, 0x000000008a6764e8, 0x000000008a700000| 46%| E|  |TAMS 0x000000008a600000| PB 0x000000008a600000| Complete 
| 119|0x000000008a700000, 0x000000008a800000, 0x000000008a800000|100%| E|CS|TAMS 0x000000008a700000| PB 0x000000008a700000| Complete 
| 120|0x000000008a800000, 0x000000008a900000, 0x000000008a900000|100%| E|CS|TAMS 0x000000008a800000| PB 0x000000008a800000| Complete 
| 121|0x000000008a900000, 0x000000008aa00000, 0x000000008aa00000|100%| E|CS|TAMS 0x000000008a900000| PB 0x000000008a900000| Complete 
| 122|0x000000008aa00000, 0x000000008ab00000, 0x000000008ab00000|100%| E|CS|TAMS 0x000000008aa00000| PB 0x000000008aa00000| Complete 
| 123|0x000000008ab00000, 0x000000008ac00000, 0x000000008ac00000|100%| E|CS|TAMS 0x000000008ab00000| PB 0x000000008ab00000| Complete 
| 124|0x000000008ac00000, 0x000000008ad00000, 0x000000008ad00000|100%| E|CS|TAMS 0x000000008ac00000| PB 0x000000008ac00000| Complete 
| 125|0x000000008ad00000, 0x000000008ae00000, 0x000000008ae00000|100%| E|CS|TAMS 0x000000008ad00000| PB 0x000000008ad00000| Complete 

Card table byte_map: [0x0000020fe9b50000,0x0000020fe9f40000] _byte_map_base: 0x0000020fe9738000

Marking Bits: (CMBitMap*) 0x0000020fd23d4880
 Bits: [0x0000020fea330000, 0x0000020fec270000)

Polling page: 0x0000020fd0350000

Metaspace:

Usage:
  Non-class:      1.74 MB used.
      Class:    178.98 KB used.
       Both:      1.91 MB used.

Virtual space:
  Non-class space:       64.00 MB reserved,       1.81 MB (  3%) committed,  1 nodes.
      Class space:        1.00 GB reserved,     256.00 KB ( <1%) committed,  1 nodes.
             Both:        1.06 GB reserved,       2.06 MB ( <1%) committed. 

Chunk freelists:
   Non-Class:  3.34 MB
       Class:  3.66 MB
        Both:  7.00 MB

MaxMetaspaceSize: unlimited
CompressedClassSpaceSize: 1.00 GB
Initial GC threshold: 21.00 MB
Current GC threshold: 21.00 MB
CDS: on
MetaspaceReclaimPolicy: balanced
 - commit_granule_bytes: 65536.
 - commit_granule_words: 8192.
 - virtual_space_node_default_size: 8388608.
 - enlarge_chunks_in_place: 1.
 - new_chunks_are_fully_committed: 0.
 - uncommit_free_chunks: 1.
 - use_allocation_guard: 0.


Internal statistics:

num_allocs_failed_limit: 0.
num_arena_births: 36.
num_arena_deaths: 0.
num_vsnodes_births: 2.
num_vsnodes_deaths: 0.
num_space_committed: 33.
num_space_uncommitted: 0.
num_chunks_returned_to_freelist: 0.
num_chunks_taken_from_freelist: 73.
num_chunk_merges: 0.
num_chunk_splits: 47.
num_chunks_enlarged: 36.
num_inconsistent_stats: 0.

CodeHeap 'non-profiled nmethods': size=120000Kb used=178Kb max_used=178Kb free=119821Kb
 bounds [0x0000020fe1f00000, 0x0000020fe2170000, 0x0000020fe9430000]
CodeHeap 'profiled nmethods': size=120000Kb used=722Kb max_used=722Kb free=119277Kb
 bounds [0x0000020fda430000, 0x0000020fda6a0000, 0x0000020fe1960000]
CodeHeap 'non-nmethods': size=5760Kb used=1383Kb max_used=1398Kb free=4376Kb
 bounds [0x0000020fe1960000, 0x0000020fe1bd0000, 0x0000020fe1f00000]
 total_blobs=946 nmethods=515 adapters=342
 compilation: enabled
              stopped_count=0, restarted_count=0
 full_count=0

Compilation events (20 events):
Event: 11.038 Thread 0x0000020feecaa400  501       1       java.net.URLStreamHandler::getDefaultPort (2 bytes)
Event: 11.038 Thread 0x0000020feecaa400 nmethod 501 0x0000020fe1f2ad10 code [0x0000020fe1f2ae80, 0x0000020fe1f2af48]
Event: 11.059 Thread 0x0000020feecaa400  503       1       java.lang.NamedPackage::module (5 bytes)
Event: 11.060 Thread 0x0000020feecaa400 nmethod 503 0x0000020fe1f2b410 code [0x0000020fe1f2b580, 0x0000020fe1f2b648]
Event: 11.064 Thread 0x0000020feecaa400  504       3       jdk.internal.loader.BuiltinClassLoader::moduleReaderFor (45 bytes)
Event: 11.064 Thread 0x0000020feecaa400 nmethod 504 0x0000020fda4d5890 code [0x0000020fda4d5a60, 0x0000020fda4d60e0]
Event: 11.064 Thread 0x0000020feecaa400  505       3       jdk.internal.module.SystemModuleFinders$SystemModuleReader::find (59 bytes)
Event: 11.064 Thread 0x0000020feec9f170  507       4       jdk.internal.jimage.ImageStringsReader::unmaskedHashCode (166 bytes)
Event: 11.065 Thread 0x0000020feecaa400 nmethod 505 0x0000020fda4d6290 code [0x0000020fda4d6520, 0x0000020fda4d7090]
Event: 11.067 Thread 0x0000020feec9f170 nmethod 507 0x0000020fe1f2bd10 code [0x0000020fe1f2bea0, 0x0000020fe1f2c060]
Event: 11.074 Thread 0x0000020feecaa400  508       3       java.io.WinNTFileSystem::normalize (224 bytes)
Event: 11.076 Thread 0x0000020feecaa400 nmethod 508 0x0000020fda4d7510 code [0x0000020fda4d78c0, 0x0000020fda4d93b0]
Event: 11.125 Thread 0x0000020feecaa400  509       3       java.util.Properties::loadConvert (540 bytes)
Event: 11.126 Thread 0x0000020feec9f170  510 %     4       java.lang.StringLatin1::replace @ 79 (198 bytes)
Event: 11.127 Thread 0x0000020feecaa400 nmethod 509 0x0000020fda4d9e10 code [0x0000020fda4da0e0, 0x0000020fda4db470]
Event: 11.128 Thread 0x0000020feecaa400  511       3       java.lang.String::endsWith (15 bytes)
Event: 11.128 Thread 0x0000020feecaa400 nmethod 511 0x0000020fda4dba90 code [0x0000020fda4dbc40, 0x0000020fda4dbf78]
Event: 11.128 Thread 0x0000020feecaa400  512       3       java.lang.StringUTF16::compress (20 bytes)
Event: 11.128 Thread 0x0000020feecaa400 nmethod 512 0x0000020fda4dc110 code [0x0000020fda4dc2a0, 0x0000020fda4dc4e0]
Event: 11.130 Thread 0x0000020feecaa400  513   !   3       java.net.URL::<init> (543 bytes)

GC Heap History (0 events):
No events

Dll operation events (12 events):
Event: 0.025 Loaded shared library C:\Users\hp\.jdks\openjdk-20.0.1\bin\java.dll
Event: 0.090 Loaded shared library C:\Users\hp\.jdks\openjdk-20.0.1\bin\jsvml.dll
Event: 0.188 Loaded shared library C:\Users\hp\.jdks\openjdk-20.0.1\bin\zip.dll
Event: 0.193 Loaded shared library C:\Users\hp\.jdks\openjdk-20.0.1\bin\instrument.dll
Event: 0.203 Loaded shared library C:\Users\hp\.jdks\openjdk-20.0.1\bin\net.dll
Event: 0.209 Loaded shared library C:\Users\hp\.jdks\openjdk-20.0.1\bin\nio.dll
Event: 0.214 Loaded shared library C:\Users\hp\.jdks\openjdk-20.0.1\bin\zip.dll
Event: 0.237 Loaded shared library C:\Users\hp\IntelliJ IDEA Community Edition 2023.1\bin\breakgen64.dll
Event: 0.251 Loaded shared library C:\Users\hp\.jdks\openjdk-20.0.1\bin\extnet.dll
Event: 0.392 Loaded shared library C:\Users\hp\.jdks\openjdk-20.0.1\bin\jimage.dll
Event: 10.843 Loaded shared library C:\Users\hp\AppData\Local\Temp\jansi-2.4.0-6c0b714f5c937697-jansi.dll
Event: 10.973 Loaded shared library C:\Users\hp\.jdks\openjdk-20.0.1\bin\verify.dll

Deoptimization events (20 events):
Event: 0.385 Thread 0x0000020fd2377630 Uncommon trap: trap_request=0xffffffc6 fr.pc=0x0000020fe1f1b170 relative=0x0000000000000b70
Event: 0.385 Thread 0x0000020fd2377630 Uncommon trap: reason=bimorphic_or_optimized_type_check action=maybe_recompile pc=0x0000020fe1f1b170 method=java.util.HashMap.putVal(ILjava/lang/Object;Ljava/lang/Object;ZZ)Ljava/lang/Object; @ 56 c2
Event: 0.385 Thread 0x0000020fd2377630 DEOPT PACKING pc=0x0000020fe1f1b170 sp=0x00000066164fd390
Event: 0.385 Thread 0x0000020fd2377630 DEOPT UNPACKING pc=0x0000020fe19c9d22 sp=0x00000066164fd328 mode 2
Event: 0.385 Thread 0x0000020fd2377630 Uncommon trap: trap_request=0xffffffc6 fr.pc=0x0000020fe1f1b170 relative=0x0000000000000b70
Event: 0.385 Thread 0x0000020fd2377630 Uncommon trap: reason=bimorphic_or_optimized_type_check action=maybe_recompile pc=0x0000020fe1f1b170 method=java.util.HashMap.putVal(ILjava/lang/Object;Ljava/lang/Object;ZZ)Ljava/lang/Object; @ 56 c2
Event: 0.385 Thread 0x0000020fd2377630 DEOPT PACKING pc=0x0000020fe1f1b170 sp=0x00000066164fd390
Event: 0.385 Thread 0x0000020fd2377630 DEOPT UNPACKING pc=0x0000020fe19c9d22 sp=0x00000066164fd328 mode 2
Event: 11.031 Thread 0x0000020fd2377630 Uncommon trap: trap_request=0xffffff45 fr.pc=0x0000020fe1f1d978 relative=0x0000000000000178
Event: 11.031 Thread 0x0000020fd2377630 Uncommon trap: reason=unstable_if action=reinterpret pc=0x0000020fe1f1d978 method=java.util.zip.ZipFile$Source.isMetaName([BII)Z @ 43 c2
Event: 11.031 Thread 0x0000020fd2377630 DEOPT PACKING pc=0x0000020fe1f1d978 sp=0x00000066164fda30
Event: 11.031 Thread 0x0000020fd2377630 DEOPT UNPACKING pc=0x0000020fe19c9d22 sp=0x00000066164fd9d8 mode 2
Event: 11.034 Thread 0x0000020fd2377630 Uncommon trap: trap_request=0xffffffde fr.pc=0x0000020fe1f25b60 relative=0x0000000000000580
Event: 11.034 Thread 0x0000020fd2377630 Uncommon trap: reason=class_check action=maybe_recompile pc=0x0000020fe1f25b60 method=java.util.HashMap.putVal(ILjava/lang/Object;Ljava/lang/Object;ZZ)Ljava/lang/Object; @ 253 c2
Event: 11.034 Thread 0x0000020fd2377630 DEOPT PACKING pc=0x0000020fe1f25b60 sp=0x00000066164fe7a0
Event: 11.035 Thread 0x0000020fd2377630 DEOPT UNPACKING pc=0x0000020fe19c9d22 sp=0x00000066164fe740 mode 2
Event: 11.131 Thread 0x0000020fd2377630 Uncommon trap: trap_request=0xffffffde fr.pc=0x0000020fe1f25b60 relative=0x0000000000000580
Event: 11.131 Thread 0x0000020fd2377630 Uncommon trap: reason=class_check action=maybe_recompile pc=0x0000020fe1f25b60 method=java.util.HashMap.putVal(ILjava/lang/Object;Ljava/lang/Object;ZZ)Ljava/lang/Object; @ 253 c2
Event: 11.131 Thread 0x0000020fd2377630 DEOPT PACKING pc=0x0000020fe1f25b60 sp=0x00000066164fe8d0
Event: 11.131 Thread 0x0000020fd2377630 DEOPT UNPACKING pc=0x0000020fe19c9d22 sp=0x00000066164fe870 mode 2

Classes loaded (20 events):
Event: 11.023 Loading class java/util/concurrent/BlockingQueue done
Event: 11.023 Loading class java/util/AbstractQueue
Event: 11.023 Loading class java/util/AbstractQueue done
Event: 11.023 Loading class java/util/concurrent/LinkedBlockingQueue done
Event: 11.024 Loading class java/util/concurrent/LinkedBlockingQueue$Node
Event: 11.024 Loading class java/util/concurrent/LinkedBlockingQueue$Node done
Event: 11.027 Loading class java/net/URLClassLoader$3
Event: 11.027 Loading class java/net/URLClassLoader$3 done
Event: 11.028 Loading class java/net/URLClassLoader$3$1
Event: 11.028 Loading class java/net/URLClassLoader$3$1 done
Event: 11.034 Loading class java/util/LinkedHashMap$LinkedKeySet
Event: 11.034 Loading class java/util/LinkedHashMap$LinkedKeySet done
Event: 11.034 Loading class java/util/LinkedHashMap$LinkedKeyIterator
Event: 11.034 Loading class java/util/LinkedHashMap$LinkedKeyIterator done
Event: 11.065 Loading class jdk/internal/loader/URLClassPath$FileLoader$1
Event: 11.073 Loading class jdk/internal/loader/URLClassPath$FileLoader$1 done
Event: 11.129 Loading class java/lang/IllegalAccessException
Event: 11.129 Loading class java/lang/IllegalAccessException done
Event: 11.129 Loading class java/lang/InstantiationException
Event: 11.129 Loading class java/lang/InstantiationException done

Classes unloaded (0 events):
No events

Classes redefined (0 events):
No events

Internal exceptions (4 events):
Event: 0.225 Thread 0x0000020fd2377630 Exception <a 'java/lang/NoSuchMethodError'{0x000000008ab4fb60}: 'void java.lang.invoke.DirectMethodHandle$Holder.invokeStatic(java.lang.Object, java.lang.Object, java.lang.Object)'> (0x000000008ab4fb60) 
thrown [s\open\src\hotspot\share\interpreter\linkResolver.cpp, line 773]
Event: 0.233 Thread 0x0000020fd2377630 Exception <a 'java/lang/NoSuchMethodError'{0x000000008ab67068}: 'java.lang.Object java.lang.invoke.Invokers$Holder.invokeExact_MT(java.lang.Object, java.lang.Object, java.lang.Object, java.lang.Object, java.lang.Object)'> (0x000000008ab67068) 
thrown [s\open\src\hotspot\share\interpreter\linkResolver.cpp, line 773]
Event: 0.253 Thread 0x0000020ff31f08b0 Exception <a 'java/lang/NoSuchMethodError'{0x000000008ab7d958}: 'void java.lang.invoke.DirectMethodHandle$Holder.invokeStatic(java.lang.Object, java.lang.Object)'> (0x000000008ab7d958) 
thrown [s\open\src\hotspot\share\interpreter\linkResolver.cpp, line 773]
Event: 0.387 Thread 0x0000020fd2377630 Exception <a 'java/lang/NullPointerException'{0x000000008a828d58}> (0x000000008a828d58) 
thrown [s\open\src\hotspot\share\interpreter\linkResolver.cpp, line 1373]

VM Operations (12 events):
Event: 0.159 Executing VM operation: HandshakeAllThreads
Event: 0.159 Executing VM operation: HandshakeAllThreads done
Event: 0.242 Executing VM operation: HandshakeAllThreads
Event: 0.242 Executing VM operation: HandshakeAllThreads done
Event: 0.384 Executing VM operation: HandshakeAllThreads
Event: 0.384 Executing VM operation: HandshakeAllThreads done
Event: 0.396 Executing VM operation: HandshakeAllThreads
Event: 0.396 Executing VM operation: HandshakeAllThreads done
Event: 1.398 Executing VM operation: Cleanup
Event: 1.398 Executing VM operation: Cleanup done
Event: 10.484 Executing VM operation: Cleanup
Event: 10.484 Executing VM operation: Cleanup done

Events (14 events):
Event: 0.090 Thread 0x0000020fd2377630 Thread added: 0x0000020fd2377630
Event: 0.108 Thread 0x0000020feec84e00 Thread added: 0x0000020feec84e00
Event: 0.108 Thread 0x0000020feec85c00 Thread added: 0x0000020feec85c00
Event: 0.109 Thread 0x0000020feec8c850 Thread added: 0x0000020feec8c850
Event: 0.109 Thread 0x0000020feec90830 Thread added: 0x0000020feec90830
Event: 0.109 Thread 0x0000020feec91910 Thread added: 0x0000020feec91910
Event: 0.109 Thread 0x0000020feec92250 Thread added: 0x0000020feec92250
Event: 0.109 Thread 0x0000020feec9f170 Thread added: 0x0000020feec9f170
Event: 0.109 Thread 0x0000020feecaa400 Thread added: 0x0000020feecaa400
Event: 0.145 Thread 0x0000020ff307c5e0 Thread added: 0x0000020ff307c5e0
Event: 0.238 Thread 0x0000020ff31f08b0 Thread added: 0x0000020ff31f08b0
Event: 0.238 Thread 0x0000020ff31f0e00 Thread added: 0x0000020ff31f0e00
Event: 0.325 Thread 0x0000020feeca8dc0 Thread added: 0x0000020feeca8dc0
Event: 5.403 Thread 0x0000020feeca8dc0 Thread exited: 0x0000020feeca8dc0


Dynamic libraries:
0x00007ff74e6b0000 - 0x00007ff74e6be000 	C:\Users\hp\.jdks\openjdk-20.0.1\bin\java.exe
0x00007fffd3a30000 - 0x00007fffd3c28000 	C:\Windows\SYSTEM32\ntdll.dll
0x00007fff9f970000 - 0x00007fff9f989000 	C:\Program Files\Avast Software\Avast\aswhook.dll
0x00007fffd1b10000 - 0x00007fffd1bcf000 	C:\Windows\System32\KERNEL32.DLL
0x00007fffd1130000 - 0x00007fffd1402000 	C:\Windows\System32\KERNELBASE.dll
0x00007fffd1630000 - 0x00007fffd1730000 	C:\Windows\System32\ucrtbase.dll
0x00007fffcc770000 - 0x00007fffcc787000 	C:\Users\hp\.jdks\openjdk-20.0.1\bin\jli.dll
0x00007fffa58f0000 - 0x00007fffa590b000 	C:\Users\hp\.jdks\openjdk-20.0.1\bin\VCRUNTIME140.dll
0x00007fffd2650000 - 0x00007fffd27f1000 	C:\Windows\System32\USER32.dll
0x00007fffd1840000 - 0x00007fffd1862000 	C:\Windows\System32\win32u.dll
0x00007fffb5760000 - 0x00007fffb59fa000 	C:\Windows\WinSxS\amd64_microsoft.windows.common-controls_6595b64144ccf1df_6.0.19041.1110_none_60b5254171f9507e\COMCTL32.dll
0x00007fffd1bd0000 - 0x00007fffd1bfb000 	C:\Windows\System32\GDI32.dll
0x00007fffd2290000 - 0x00007fffd232e000 	C:\Windows\System32\msvcrt.dll
0x00007fffd1730000 - 0x00007fffd183f000 	C:\Windows\System32\gdi32full.dll
0x00007fffd1410000 - 0x00007fffd14ad000 	C:\Windows\System32\msvcp_win.dll
0x00007fffd1c60000 - 0x00007fffd1c90000 	C:\Windows\System32\IMM32.DLL
0x00007fffb9220000 - 0x00007fffb922c000 	C:\Users\hp\.jdks\openjdk-20.0.1\bin\vcruntime140_1.dll
0x00007fff9c680000 - 0x00007fff9c70e000 	C:\Users\hp\.jdks\openjdk-20.0.1\bin\msvcp140.dll
0x00007fff8b5b0000 - 0x00007fff8c247000 	C:\Users\hp\.jdks\openjdk-20.0.1\bin\server\jvm.dll
0x00007fffd3940000 - 0x00007fffd39ee000 	C:\Windows\System32\ADVAPI32.dll
0x00007fffd36f0000 - 0x00007fffd378c000 	C:\Windows\System32\sechost.dll
0x00007fffd2330000 - 0x00007fffd2454000 	C:\Windows\System32\RPCRT4.dll
0x00007fffaee20000 - 0x00007fffaee47000 	C:\Windows\SYSTEM32\WINMM.dll
0x00007fffb8ec0000 - 0x00007fffb8ec9000 	C:\Windows\SYSTEM32\WSOCK32.dll
0x00007fffc8fc0000 - 0x00007fffc8fca000 	C:\Windows\SYSTEM32\VERSION.dll
0x00007fffd2810000 - 0x00007fffd287b000 	C:\Windows\System32\WS2_32.dll
0x00007fffcf940000 - 0x00007fffcf952000 	C:\Windows\SYSTEM32\kernel.appcore.dll
0x00007fffb47a0000 - 0x00007fffb47aa000 	C:\Users\hp\.jdks\openjdk-20.0.1\bin\jimage.dll
0x00007fffceeb0000 - 0x00007fffcf094000 	C:\Windows\SYSTEM32\DBGHELP.DLL
0x00007fffb9170000 - 0x00007fffb91a5000 	C:\Windows\SYSTEM32\dbgcore.DLL
0x00007fffd14b0000 - 0x00007fffd1532000 	C:\Windows\System32\bcryptPrimitives.dll
0x00007fffcc7e0000 - 0x00007fffcc7ee000 	C:\Users\hp\.jdks\openjdk-20.0.1\bin\instrument.dll
0x00007fffa5770000 - 0x00007fffa5796000 	C:\Users\hp\.jdks\openjdk-20.0.1\bin\java.dll
0x00007fff995d0000 - 0x00007fff996a7000 	C:\Users\hp\.jdks\openjdk-20.0.1\bin\jsvml.dll
0x00007fffd2d20000 - 0x00007fffd3465000 	C:\Windows\System32\SHELL32.dll
0x00007fffcf190000 - 0x00007fffcf922000 	C:\Windows\SYSTEM32\windows.storage.dll
0x00007fffd2910000 - 0x00007fffd2c65000 	C:\Windows\System32\combase.dll
0x00007fffd0ab0000 - 0x00007fffd0ae0000 	C:\Windows\SYSTEM32\Wldp.dll
0x00007fffd1c90000 - 0x00007fffd1d3d000 	C:\Windows\System32\SHCORE.dll
0x00007fffd1c00000 - 0x00007fffd1c55000 	C:\Windows\System32\shlwapi.dll
0x00007fffd1070000 - 0x00007fffd108f000 	C:\Windows\SYSTEM32\profapi.dll
0x00007fffa01b0000 - 0x00007fffa01c8000 	C:\Users\hp\.jdks\openjdk-20.0.1\bin\zip.dll
0x00007fffa09f0000 - 0x00007fffa0a03000 	C:\Users\hp\.jdks\openjdk-20.0.1\bin\net.dll
0x00007fffc6f40000 - 0x00007fffc704a000 	C:\Windows\SYSTEM32\WINHTTP.dll
0x00007fffd0890000 - 0x00007fffd08fa000 	C:\Windows\system32\mswsock.dll
0x00007fffcec50000 - 0x00007fffcec5a000 	C:\Windows\system32\wshqos.dll
0x00007fffcec40000 - 0x00007fffcec48000 	C:\Windows\SYSTEM32\wshtcpip.DLL
0x00007fffcec30000 - 0x00007fffcec38000 	C:\Windows\SYSTEM32\wship6.dll
0x00007fffa0840000 - 0x00007fffa0856000 	C:\Users\hp\.jdks\openjdk-20.0.1\bin\nio.dll
0x00007fffbae90000 - 0x00007fffbaeaa000 	C:\Users\hp\IntelliJ IDEA Community Edition 2023.1\bin\breakgen64.dll
0x00007fffb2ee0000 - 0x00007fffb2ee7000 	C:\Users\hp\.jdks\openjdk-20.0.1\bin\extnet.dll
0x0000000069ac0000 - 0x0000000069ae4000 	C:\Users\hp\AppData\Local\Temp\jansi-2.4.0-6c0b714f5c937697-jansi.dll
0x00007fffafa10000 - 0x00007fffafa20000 	C:\Users\hp\.jdks\openjdk-20.0.1\bin\verify.dll

dbghelp: loaded successfully - version: 4.0.5 - missing functions: none
symbol engine: initialized successfully - sym options: 0x614 - pdb path: .;C:\Users\hp\.jdks\openjdk-20.0.1\bin;C:\Windows\SYSTEM32;C:\Program Files\Avast Software\Avast;C:\Windows\WinSxS\amd64_microsoft.windows.common-controls_6595b64144ccf1df_6.0.19041.1110_none_60b5254171f9507e;C:\Users\hp\.jdks\openjdk-20.0.1\bin\server;C:\Users\hp\IntelliJ IDEA Community Edition 2023.1\bin;C:\Users\hp\AppData\Local\Temp

VM Arguments:
jvm_args: -Dmaven.multiModuleProjectDirectory=D:\Customer -Djansi.passthrough=true -Dmaven.home=C:\Users\hp\.m2\wrapper\dists\apache-maven-3.8.7-bin\1ktonn2lleg549uah6ngl1r74r\apache-maven-3.8.7 -Dclassworlds.conf=C:\Users\hp\.m2\wrapper\dists\apache-maven-3.8.7-bin\1ktonn2lleg549uah6ngl1r74r\apache-maven-3.8.7\bin\m2.conf -Dmaven.ext.class.path=C:\Users\hp\IntelliJ IDEA Community Edition 2023.1\plugins\maven\lib\maven-event-listener.jar -javaagent:C:\Users\hp\IntelliJ IDEA Community Edition 2023.1\lib\idea_rt.jar=52426:C:\Users\hp\IntelliJ IDEA Community Edition 2023.1\bin -Dfile.encoding=UTF-8 -Dsun.stdout.encoding=UTF-8 -Dsun.stderr.encoding=UTF-8 
java_command: org.codehaus.classworlds.Launcher -Didea.version=2023.1 clean
java_class_path (initial): C:\Users\hp\.m2\wrapper\dists\apache-maven-3.8.7-bin\1ktonn2lleg549uah6ngl1r74r\apache-maven-3.8.7\boot\plexus-classworlds-2.6.0.jar;C:\Users\hp\.m2\wrapper\dists\apache-maven-3.8.7-bin\1ktonn2lleg549uah6ngl1r74r\apache-maven-3.8.7\boot\plexus-classworlds.license
Launcher Type: SUN_STANDARD

[Global flags]
     intx CICompilerCount                          = 4                                         {product} {ergonomic}
     uint ConcGCThreads                            = 2                                         {product} {ergonomic}
     uint G1ConcRefinementThreads                  = 8                                         {product} {ergonomic}
   size_t G1HeapRegionSize                         = 1048576                                   {product} {ergonomic}
    uintx GCDrainStackTargetSize                   = 64                                        {product} {ergonomic}
   size_t InitialHeapSize                          = 132120576                                 {product} {ergonomic}
   size_t MarkStackSize                            = 4194304                                   {product} {ergonomic}
   size_t MaxHeapSize                              = 2097152000                                {product} {ergonomic}
   size_t MaxNewSize                               = 1258291200                                {product} {ergonomic}
   size_t MinHeapDeltaBytes                        = 1048576                                   {product} {ergonomic}
   size_t MinHeapSize                              = 8388608                                   {product} {ergonomic}
    uintx NonNMethodCodeHeapSize                   = 5839372                                {pd product} {ergonomic}
    uintx NonProfiledCodeHeapSize                  = 122909434                              {pd product} {ergonomic}
     bool PerfDisableSharedMem                     = true                                      {product} {ergonomic}
    uintx ProfiledCodeHeapSize                     = 122909434                              {pd product} {ergonomic}
    uintx ReservedCodeCacheSize                    = 251658240                              {pd product} {ergonomic}
     bool SegmentedCodeCache                       = true                                      {product} {ergonomic}
   size_t SoftMaxHeapSize                          = 2097152000                             {manageable} {ergonomic}
     bool UseCompressedClassPointers               = true                           {product lp64_product} {ergonomic}
     bool UseCompressedOops                        = true                           {product lp64_product} {ergonomic}
     bool UseG1GC                                  = true                                      {product} {ergonomic}
     bool UseLargePagesIndividualAllocation        = false                                  {pd product} {ergonomic}

Logging:
Log output configuration:
 #0: stdout all=warning uptime,level,tags foldmultilines=false
 #1: stderr all=off uptime,level,tags foldmultilines=false

Environment Variables:
PATH=C:\Program Files\NVIDIA GPU Computing Toolkit\CUDA\v12.0\bin;C:\Program Files\NVIDIA GPU Computing Toolkit\CUDA\v12.0\libnvvp;C:\Program Files\Common Files\Oracle\Java\javapath;C:\Program Files (x86)\Common Files\Oracle\Java\javapath;C:\Program Files\Python310\Scripts\;C:\Program Files\Python310\;C:\ProgramData\Oracle\Java\javapath;C:\Windows\system32;C:\Windows;C:\Windows\System32\Wbem;C:\Windows\System32\WindowsPowerShell\v1.0\;C:\Windows\System32\OpenSSH\;C:\Program Files (x86)\NVIDIA Corporation\PhysX\Common;C:\Program Files\NVIDIA Corporation\NVIDIA NvDLISR;C:\Program Files\Microsoft SQL Server\Client SDK\ODBC\170\Tools\Binn\;C:\Program Files (x86)\Microsoft SQL Server\150\Tools\Binn\;C:\Program Files\Microsoft SQL Server\150\Tools\Binn\;C:\Program Files\Microsoft SQL Server\150\DTS\Binn\;C:\Program Files (x86)\Microsoft SQL Server\150\DTS\Binn\;C:\Program Files\Azure Data Studio\bin;C:\Program Files\Git\cmd;C:\Program Files (x86)\Mozart\bin;C:\Program Files\Mozart\bin;C:\Program Files\Microsoft SQL Server\130\Tools\Binn\;C:\Program Files\dotnet\;C:\Program Files (x86)\NetCDF4Excel;C:\Program Files\NVIDIA Corporation\Nsight Compute 2022.4.0\;C:\Program Files\Docker\Docker\resources\bin;C:\Users\hp\AppData\Local\Microsoft\WindowsApps;;C:\Program Files\Azure Data Studio\bin;C:\Users\hp\.dotnet\tools;C:\Users\hp\AppData\Local\Programs\Microsoft VS Code\bin
USERNAME=hp
OS=Windows_NT
PROCESSOR_IDENTIFIER=Intel64 Family 6 Model 166 Stepping 0, GenuineIntel
TMP=C:\Users\hp\AppData\Local\Temp
TEMP=C:\Users\hp\AppData\Local\Temp




---------------  S Y S T E M  ---------------

OS:
 Windows 10 , 64 bit Build 19041 (10.0.19041.2546)
OS uptime: 0 days 1:11 hours
Hyper-V role detected

CPU: total 8 (initial active 8) (4 cores per cpu, 2 threads per core) family 6 model 166 stepping 0 microcode 0xe0, cx8, cmov, fxsr, ht, mmx, 3dnowpref, sse, sse2, sse3, ssse3, sse4.1, sse4.2, popcnt, lzcnt, tsc, tscinvbit, avx, avx2, aes, erms, clmul, bmi1, bmi2, adx, fma, vzeroupper, clflush, clflushopt, hv, rdtscp, f16c

Memory: 4k page, system-wide physical 7996M (473M free)
TotalPageFile size 11939M (AvailPageFile size 19M)
current process WorkingSet (physical memory assigned to process): 44M, peak: 44M
current process commit charge ("private bytes"): 212M, peak: 212M

vm_info: OpenJDK 64-Bit Server VM (20.0.1+9-29) for windows-amd64 JRE (20.0.1+9-29), built on 2023-03-07T13:56:11Z by "mach5one" with MS VC++ 17.1 (VS2022)

END.
