#
# There is insufficient memory for the Java Runtime Environment to continue.
# Native memory allocation (malloc) failed to allocate 32744 bytes for Chunk::new
# Possible reasons:
#   The system is out of physical RAM or swap space
#   The process is running with CompressedOops enabled, and the Java Heap may be blocking the growth of the native heap
# Possible solutions:
#   Reduce memory load on the system
#   Increase physical memory or swap space
#   Check if swap backing store is full
#   Decrease Java heap size (-Xmx/-Xms)
#   Decrease number of Java threads
#   Decrease Java thread stack sizes (-Xss)
#   Set larger code cache with -XX:ReservedCodeCacheSize=
#   JVM is running with Unscaled Compressed Oops mode in which the Java heap is
#     placed in the first 4GB address space. The Java Heap base address is the
#     maximum limit for the native heap growth. Please use -XX:HeapBaseMinAddress
#     to set the Java Heap base and to place the Java Heap above 4GB virtual address.
# This output file may be truncated or incomplete.
#
#  Out of Memory Error (arena.cpp:184), pid=12412, tid=15412
#
# JRE version: OpenJDK Runtime Environment (20.0.1+9) (build 20.0.1+9-29)
# Java VM: OpenJDK 64-Bit Server VM (20.0.1+9-29, mixed mode, sharing, tiered, compressed oops, compressed class ptrs, g1 gc, windows-amd64)
# No core dump will be written. Minidumps are not enabled by default on client versions of Windows
#

---------------  S U M M A R Y ------------

Command Line: -Dmaven.multiModuleProjectDirectory=D:\Marketer -Djansi.passthrough=true -Dmaven.home=C:\Users\hp\.m2\wrapper\dists\apache-maven-3.8.7-bin\1ktonn2lleg549uah6ngl1r74r\apache-maven-3.8.7 -Dclassworlds.conf=C:\Users\hp\.m2\wrapper\dists\apache-maven-3.8.7-bin\1ktonn2lleg549uah6ngl1r74r\apache-maven-3.8.7\bin\m2.conf -Dmaven.ext.class.path=C:\Users\hp\IntelliJ IDEA Community Edition 2023.1\plugins\maven\lib\maven-event-listener.jar -javaagent:C:\Users\hp\IntelliJ IDEA Community Edition 2023.1\lib\idea_rt.jar=52422:C:\Users\hp\IntelliJ IDEA Community Edition 2023.1\bin -Dfile.encoding=UTF-8 -Dsun.stdout.encoding=UTF-8 -Dsun.stderr.encoding=UTF-8 org.codehaus.classworlds.Launcher -Didea.version=2023.1 clean

Host: Intel(R) Core(TM) i5-10210U CPU @ 1.60GHz, 8 cores, 7G,  Windows 10 , 64 bit Build 19041 (10.0.19041.2546)
Time: Sat Apr 22 16:09:31 2023 Pacific Daylight Time elapsed time: 14.265117 seconds (0d 0h 0m 14s)

---------------  T H R E A D  ---------------

Current thread (0x000001fabaa8e1c0):  JavaThread "C1 CompilerThread0" daemon [_thread_in_native, id=15412, stack(0x000000c85e400000,0x000000c85e500000)]


Current CompileTask:
C1:  14265  480       3       java.util.Properties$LineReader::readLine (584 bytes)

Stack: [0x000000c85e400000,0x000000c85e500000]
Native frames: (J=compiled Java code, j=interpreted, Vv=VM code, C=native code)
V  [jvm.dll+0x6bb95a]
V  [jvm.dll+0x8485fa]
V  [jvm.dll+0x84a1f5]
V  [jvm.dll+0x84a8f3]
V  [jvm.dll+0x280b0f]
V  [jvm.dll+0xc2b11]
V  [jvm.dll+0xc2e35]
V  [jvm.dll+0x157c31]
V  [jvm.dll+0x17474b]
V  [jvm.dll+0x1567b2]
V  [jvm.dll+0x1758f2]
V  [jvm.dll+0x158663]
V  [jvm.dll+0x1581be]
V  [jvm.dll+0x158384]
V  [jvm.dll+0x1577c6]
V  [jvm.dll+0x1594fd]
V  [jvm.dll+0x259e1b]
V  [jvm.dll+0x2584f0]
V  [jvm.dll+0x3f2895]
V  [jvm.dll+0x7f4b56]
V  [jvm.dll+0x6ba5cb]
C  [ucrtbase.dll+0x21bb2]
C  [KERNEL32.DLL+0x17614]
C  [ntdll.dll+0x526a1]


---------------  P R O C E S S  ---------------

Threads class SMR info:
_java_thread_list=0x000001fabedf7d20, length=12, elements={
0x000001fa9e149020, 0x000001fabaa7ad50, 0x000001fabaa7bb50, 0x000001fabaa81850,
0x000001fabaa86440, 0x000001fabaa86d80, 0x000001fabaa876c0, 0x000001fabaa8a340,
0x000001fabaa8e1c0, 0x000001fabaa46960, 0x000001fabee02ee0, 0x000001fabee03430
}

Java Threads: ( => current thread )
  0x000001fa9e149020 JavaThread "main" [_thread_in_vm, id=8216, stack(0x000000c85d600000,0x000000c85d700000)]
  0x000001fabaa7ad50 JavaThread "Reference Handler" daemon [_thread_blocked, id=9196, stack(0x000000c85dd00000,0x000000c85de00000)]
  0x000001fabaa7bb50 JavaThread "Finalizer" daemon [_thread_blocked, id=14420, stack(0x000000c85de00000,0x000000c85df00000)]
  0x000001fabaa81850 JavaThread "Signal Dispatcher" daemon [_thread_blocked, id=6352, stack(0x000000c85df00000,0x000000c85e000000)]
  0x000001fabaa86440 JavaThread "Attach Listener" daemon [_thread_blocked, id=14568, stack(0x000000c85e000000,0x000000c85e100000)]
  0x000001fabaa86d80 JavaThread "Service Thread" daemon [_thread_blocked, id=1588, stack(0x000000c85e100000,0x000000c85e200000)]
  0x000001fabaa876c0 JavaThread "Monitor Deflation Thread" daemon [_thread_blocked, id=13384, stack(0x000000c85e200000,0x000000c85e300000)]
  0x000001fabaa8a340 JavaThread "C2 CompilerThread0" daemon [_thread_in_native, id=18276, stack(0x000000c85e300000,0x000000c85e400000)]
=>0x000001fabaa8e1c0 JavaThread "C1 CompilerThread0" daemon [_thread_in_native, id=15412, stack(0x000000c85e400000,0x000000c85e500000)]
  0x000001fabaa46960 JavaThread "Common-Cleaner" daemon [_thread_blocked, id=16740, stack(0x000000c85e500000,0x000000c85e600000)]
  0x000001fabee02ee0 JavaThread "Monitor Ctrl-Break" daemon [_thread_in_native, id=1548, stack(0x000000c85e600000,0x000000c85e700000)]
  0x000001fabee03430 JavaThread "Notification Thread" daemon [_thread_blocked, id=19824, stack(0x000000c85e700000,0x000000c85e800000)]

Other Threads:
  0x000001fabaa5cf00 VMThread "VM Thread" [stack: 0x000000c85dc00000,0x000000c85dd00000] [id=16904]
  0x000001fa9e149e20 WatcherThread "VM Periodic Task Thread" [stack: 0x000000c85e800000,0x000000c85e900000] [id=13552]
  0x000001fa9e1a4b00 WorkerThread "GC Thread#0" [stack: 0x000000c85d700000,0x000000c85d800000] [id=15864]
  0x000001fa9e1b54c0 ConcurrentGCThread "G1 Main Marker" [stack: 0x000000c85d800000,0x000000c85d900000] [id=2408]
  0x000001fa9e1b6670 WorkerThread "G1 Conc#0" [stack: 0x000000c85d900000,0x000000c85da00000] [id=14160]
  0x000001faba91b110 ConcurrentGCThread "G1 Refine#0" [stack: 0x000000c85da00000,0x000000c85db00000] [id=19464]
  0x000001faba91b860 ConcurrentGCThread "G1 Service" [stack: 0x000000c85db00000,0x000000c85dc00000] [id=7608]

Threads with active compile tasks:
C2 CompilerThread0    15105  486   !   4       java.util.zip.ZipFile$Source::checkAndAddEntry (249 bytes)
C1 CompilerThread0    15105  480       3       java.util.Properties$LineReader::readLine (584 bytes)

VM state: not at safepoint (normal execution)

VM Mutex/Monitor currently owned by a thread:  ([mutex/lock_event])
[0x000001fa9e141750] Metaspace_lock - owner thread: 0x000001fa9e149020

Heap address: 0x0000000083000000, size: 2000 MB, Compressed Oops mode: 32-bit

CDS archive(s) mapped at: [0x0000000800000000-0x0000000800c60000-0x0000000800c60000), size 12976128, SharedBaseAddress: 0x0000000800000000, ArchiveRelocationMode: 0.
Compressed class space mapped at: 0x0000000801000000-0x0000000841000000, reserved size: 1073741824
Narrow klass base: 0x0000000800000000, Narrow klass shift: 0, Narrow klass range: 0x100000000

GC Precious Log:
 CardTable entry size: 512
 Card Set container configuration: InlinePtr #cards 5 size 8 Array Of Cards #cards 12 size 40 Howl #buckets 4 coarsen threshold 1843 Howl Bitmap #cards 512 size 80 coarsen threshold 460 Card regions per heap region 1 cards per card region 2048
 CPUs: 8 total, 8 available
 Memory: 7996M
 Large Page Support: Disabled
 NUMA Support: Disabled
 Compressed Oops: Enabled (32-bit)
 Heap Region Size: 1M
 Heap Min Capacity: 8M
 Heap Initial Capacity: 126M
 Heap Max Capacity: 2000M
 Pre-touch: Disabled
 Parallel Workers: 8
 Concurrent Workers: 2
 Concurrent Refinement Workers: 8
 Periodic GC: Disabled

Heap:
 garbage-first heap   total 129024K, used 10240K [0x0000000083000000, 0x0000000100000000)
  region size 1024K, 11 young (11264K), 0 survivors (0K)
 Metaspace       used 2665K, committed 2752K, reserved 1114112K
  class space    used 261K, committed 320K, reserved 1048576K

Heap Regions: E=young(eden), S=young(survivor), O=old, HS=humongous(starts), HC=humongous(continues), CS=collection set, F=free, OA=open archive, CA=closed archive, TAMS=top-at-mark-start, PB=parsable bottom
|   0|0x0000000083000000, 0x0000000083000000, 0x0000000083100000|  0%| F|  |TAMS 0x0000000083000000| PB 0x0000000083000000| Untracked 
|   1|0x0000000083100000, 0x0000000083100000, 0x0000000083200000|  0%| F|  |TAMS 0x0000000083100000| PB 0x0000000083100000| Untracked 
|   2|0x0000000083200000, 0x0000000083200000, 0x0000000083300000|  0%| F|  |TAMS 0x0000000083200000| PB 0x0000000083200000| Untracked 
|   3|0x0000000083300000, 0x0000000083300000, 0x0000000083400000|  0%| F|  |TAMS 0x0000000083300000| PB 0x0000000083300000| Untracked 
|   4|0x0000000083400000, 0x0000000083400000, 0x0000000083500000|  0%| F|  |TAMS 0x0000000083400000| PB 0x0000000083400000| Untracked 
|   5|0x0000000083500000, 0x0000000083500000, 0x0000000083600000|  0%| F|  |TAMS 0x0000000083500000| PB 0x0000000083500000| Untracked 
|   6|0x0000000083600000, 0x0000000083600000, 0x0000000083700000|  0%| F|  |TAMS 0x0000000083600000| PB 0x0000000083600000| Untracked 
|   7|0x0000000083700000, 0x0000000083700000, 0x0000000083800000|  0%| F|  |TAMS 0x0000000083700000| PB 0x0000000083700000| Untracked 
|   8|0x0000000083800000, 0x0000000083800000, 0x0000000083900000|  0%| F|  |TAMS 0x0000000083800000| PB 0x0000000083800000| Untracked 
|   9|0x0000000083900000, 0x0000000083900000, 0x0000000083a00000|  0%| F|  |TAMS 0x0000000083900000| PB 0x0000000083900000| Untracked 
|  10|0x0000000083a00000, 0x0000000083a00000, 0x0000000083b00000|  0%| F|  |TAMS 0x0000000083a00000| PB 0x0000000083a00000| Untracked 
|  11|0x0000000083b00000, 0x0000000083b00000, 0x0000000083c00000|  0%| F|  |TAMS 0x0000000083b00000| PB 0x0000000083b00000| Untracked 
|  12|0x0000000083c00000, 0x0000000083c00000, 0x0000000083d00000|  0%| F|  |TAMS 0x0000000083c00000| PB 0x0000000083c00000| Untracked 
|  13|0x0000000083d00000, 0x0000000083d00000, 0x0000000083e00000|  0%| F|  |TAMS 0x0000000083d00000| PB 0x0000000083d00000| Untracked 
|  14|0x0000000083e00000, 0x0000000083e00000, 0x0000000083f00000|  0%| F|  |TAMS 0x0000000083e00000| PB 0x0000000083e00000| Untracked 
|  15|0x0000000083f00000, 0x0000000083f00000, 0x0000000084000000|  0%| F|  |TAMS 0x0000000083f00000| PB 0x0000000083f00000| Untracked 
|  16|0x0000000084000000, 0x0000000084000000, 0x0000000084100000|  0%| F|  |TAMS 0x0000000084000000| PB 0x0000000084000000| Untracked 
|  17|0x0000000084100000, 0x0000000084100000, 0x0000000084200000|  0%| F|  |TAMS 0x0000000084100000| PB 0x0000000084100000| Untracked 
|  18|0x0000000084200000, 0x0000000084200000, 0x0000000084300000|  0%| F|  |TAMS 0x0000000084200000| PB 0x0000000084200000| Untracked 
|  19|0x0000000084300000, 0x0000000084300000, 0x0000000084400000|  0%| F|  |TAMS 0x0000000084300000| PB 0x0000000084300000| Untracked 
|  20|0x0000000084400000, 0x0000000084400000, 0x0000000084500000|  0%| F|  |TAMS 0x0000000084400000| PB 0x0000000084400000| Untracked 
|  21|0x0000000084500000, 0x0000000084500000, 0x0000000084600000|  0%| F|  |TAMS 0x0000000084500000| PB 0x0000000084500000| Untracked 
|  22|0x0000000084600000, 0x0000000084600000, 0x0000000084700000|  0%| F|  |TAMS 0x0000000084600000| PB 0x0000000084600000| Untracked 
|  23|0x0000000084700000, 0x0000000084700000, 0x0000000084800000|  0%| F|  |TAMS 0x0000000084700000| PB 0x0000000084700000| Untracked 
|  24|0x0000000084800000, 0x0000000084800000, 0x0000000084900000|  0%| F|  |TAMS 0x0000000084800000| PB 0x0000000084800000| Untracked 
|  25|0x0000000084900000, 0x0000000084900000, 0x0000000084a00000|  0%| F|  |TAMS 0x0000000084900000| PB 0x0000000084900000| Untracked 
|  26|0x0000000084a00000, 0x0000000084a00000, 0x0000000084b00000|  0%| F|  |TAMS 0x0000000084a00000| PB 0x0000000084a00000| Untracked 
|  27|0x0000000084b00000, 0x0000000084b00000, 0x0000000084c00000|  0%| F|  |TAMS 0x0000000084b00000| PB 0x0000000084b00000| Untracked 
|  28|0x0000000084c00000, 0x0000000084c00000, 0x0000000084d00000|  0%| F|  |TAMS 0x0000000084c00000| PB 0x0000000084c00000| Untracked 
|  29|0x0000000084d00000, 0x0000000084d00000, 0x0000000084e00000|  0%| F|  |TAMS 0x0000000084d00000| PB 0x0000000084d00000| Untracked 
|  30|0x0000000084e00000, 0x0000000084e00000, 0x0000000084f00000|  0%| F|  |TAMS 0x0000000084e00000| PB 0x0000000084e00000| Untracked 
|  31|0x0000000084f00000, 0x0000000084f00000, 0x0000000085000000|  0%| F|  |TAMS 0x0000000084f00000| PB 0x0000000084f00000| Untracked 
|  32|0x0000000085000000, 0x0000000085000000, 0x0000000085100000|  0%| F|  |TAMS 0x0000000085000000| PB 0x0000000085000000| Untracked 
|  33|0x0000000085100000, 0x0000000085100000, 0x0000000085200000|  0%| F|  |TAMS 0x0000000085100000| PB 0x0000000085100000| Untracked 
|  34|0x0000000085200000, 0x0000000085200000, 0x0000000085300000|  0%| F|  |TAMS 0x0000000085200000| PB 0x0000000085200000| Untracked 
|  35|0x0000000085300000, 0x0000000085300000, 0x0000000085400000|  0%| F|  |TAMS 0x0000000085300000| PB 0x0000000085300000| Untracked 
|  36|0x0000000085400000, 0x0000000085400000, 0x0000000085500000|  0%| F|  |TAMS 0x0000000085400000| PB 0x0000000085400000| Untracked 
|  37|0x0000000085500000, 0x0000000085500000, 0x0000000085600000|  0%| F|  |TAMS 0x0000000085500000| PB 0x0000000085500000| Untracked 
|  38|0x0000000085600000, 0x0000000085600000, 0x0000000085700000|  0%| F|  |TAMS 0x0000000085600000| PB 0x0000000085600000| Untracked 
|  39|0x0000000085700000, 0x0000000085700000, 0x0000000085800000|  0%| F|  |TAMS 0x0000000085700000| PB 0x0000000085700000| Untracked 
|  40|0x0000000085800000, 0x0000000085800000, 0x0000000085900000|  0%| F|  |TAMS 0x0000000085800000| PB 0x0000000085800000| Untracked 
|  41|0x0000000085900000, 0x0000000085900000, 0x0000000085a00000|  0%| F|  |TAMS 0x0000000085900000| PB 0x0000000085900000| Untracked 
|  42|0x0000000085a00000, 0x0000000085a00000, 0x0000000085b00000|  0%| F|  |TAMS 0x0000000085a00000| PB 0x0000000085a00000| Untracked 
|  43|0x0000000085b00000, 0x0000000085b00000, 0x0000000085c00000|  0%| F|  |TAMS 0x0000000085b00000| PB 0x0000000085b00000| Untracked 
|  44|0x0000000085c00000, 0x0000000085c00000, 0x0000000085d00000|  0%| F|  |TAMS 0x0000000085c00000| PB 0x0000000085c00000| Untracked 
|  45|0x0000000085d00000, 0x0000000085d00000, 0x0000000085e00000|  0%| F|  |TAMS 0x0000000085d00000| PB 0x0000000085d00000| Untracked 
|  46|0x0000000085e00000, 0x0000000085e00000, 0x0000000085f00000|  0%| F|  |TAMS 0x0000000085e00000| PB 0x0000000085e00000| Untracked 
|  47|0x0000000085f00000, 0x0000000085f00000, 0x0000000086000000|  0%| F|  |TAMS 0x0000000085f00000| PB 0x0000000085f00000| Untracked 
|  48|0x0000000086000000, 0x0000000086000000, 0x0000000086100000|  0%| F|  |TAMS 0x0000000086000000| PB 0x0000000086000000| Untracked 
|  49|0x0000000086100000, 0x0000000086100000, 0x0000000086200000|  0%| F|  |TAMS 0x0000000086100000| PB 0x0000000086100000| Untracked 
|  50|0x0000000086200000, 0x0000000086200000, 0x0000000086300000|  0%| F|  |TAMS 0x0000000086200000| PB 0x0000000086200000| Untracked 
|  51|0x0000000086300000, 0x0000000086300000, 0x0000000086400000|  0%| F|  |TAMS 0x0000000086300000| PB 0x0000000086300000| Untracked 
|  52|0x0000000086400000, 0x0000000086400000, 0x0000000086500000|  0%| F|  |TAMS 0x0000000086400000| PB 0x0000000086400000| Untracked 
|  53|0x0000000086500000, 0x0000000086500000, 0x0000000086600000|  0%| F|  |TAMS 0x0000000086500000| PB 0x0000000086500000| Untracked 
|  54|0x0000000086600000, 0x0000000086600000, 0x0000000086700000|  0%| F|  |TAMS 0x0000000086600000| PB 0x0000000086600000| Untracked 
|  55|0x0000000086700000, 0x0000000086700000, 0x0000000086800000|  0%| F|  |TAMS 0x0000000086700000| PB 0x0000000086700000| Untracked 
|  56|0x0000000086800000, 0x0000000086800000, 0x0000000086900000|  0%| F|  |TAMS 0x0000000086800000| PB 0x0000000086800000| Untracked 
|  57|0x0000000086900000, 0x0000000086900000, 0x0000000086a00000|  0%| F|  |TAMS 0x0000000086900000| PB 0x0000000086900000| Untracked 
|  58|0x0000000086a00000, 0x0000000086a00000, 0x0000000086b00000|  0%| F|  |TAMS 0x0000000086a00000| PB 0x0000000086a00000| Untracked 
|  59|0x0000000086b00000, 0x0000000086b00000, 0x0000000086c00000|  0%| F|  |TAMS 0x0000000086b00000| PB 0x0000000086b00000| Untracked 
|  60|0x0000000086c00000, 0x0000000086c00000, 0x0000000086d00000|  0%| F|  |TAMS 0x0000000086c00000| PB 0x0000000086c00000| Untracked 
|  61|0x0000000086d00000, 0x0000000086d00000, 0x0000000086e00000|  0%| F|  |TAMS 0x0000000086d00000| PB 0x0000000086d00000| Untracked 
|  62|0x0000000086e00000, 0x0000000086e00000, 0x0000000086f00000|  0%| F|  |TAMS 0x0000000086e00000| PB 0x0000000086e00000| Untracked 
|  63|0x0000000086f00000, 0x0000000086f00000, 0x0000000087000000|  0%| F|  |TAMS 0x0000000086f00000| PB 0x0000000086f00000| Untracked 
|  64|0x0000000087000000, 0x0000000087000000, 0x0000000087100000|  0%| F|  |TAMS 0x0000000087000000| PB 0x0000000087000000| Untracked 
|  65|0x0000000087100000, 0x0000000087100000, 0x0000000087200000|  0%| F|  |TAMS 0x0000000087100000| PB 0x0000000087100000| Untracked 
|  66|0x0000000087200000, 0x0000000087200000, 0x0000000087300000|  0%| F|  |TAMS 0x0000000087200000| PB 0x0000000087200000| Untracked 
|  67|0x0000000087300000, 0x0000000087300000, 0x0000000087400000|  0%| F|  |TAMS 0x0000000087300000| PB 0x0000000087300000| Untracked 
|  68|0x0000000087400000, 0x0000000087400000, 0x0000000087500000|  0%| F|  |TAMS 0x0000000087400000| PB 0x0000000087400000| Untracked 
|  69|0x0000000087500000, 0x0000000087500000, 0x0000000087600000|  0%| F|  |TAMS 0x0000000087500000| PB 0x0000000087500000| Untracked 
|  70|0x0000000087600000, 0x0000000087600000, 0x0000000087700000|  0%| F|  |TAMS 0x0000000087600000| PB 0x0000000087600000| Untracked 
|  71|0x0000000087700000, 0x0000000087700000, 0x0000000087800000|  0%| F|  |TAMS 0x0000000087700000| PB 0x0000000087700000| Untracked 
|  72|0x0000000087800000, 0x0000000087800000, 0x0000000087900000|  0%| F|  |TAMS 0x0000000087800000| PB 0x0000000087800000| Untracked 
|  73|0x0000000087900000, 0x0000000087900000, 0x0000000087a00000|  0%| F|  |TAMS 0x0000000087900000| PB 0x0000000087900000| Untracked 
|  74|0x0000000087a00000, 0x0000000087a00000, 0x0000000087b00000|  0%| F|  |TAMS 0x0000000087a00000| PB 0x0000000087a00000| Untracked 
|  75|0x0000000087b00000, 0x0000000087b00000, 0x0000000087c00000|  0%| F|  |TAMS 0x0000000087b00000| PB 0x0000000087b00000| Untracked 
|  76|0x0000000087c00000, 0x0000000087c00000, 0x0000000087d00000|  0%| F|  |TAMS 0x0000000087c00000| PB 0x0000000087c00000| Untracked 
|  77|0x0000000087d00000, 0x0000000087d00000, 0x0000000087e00000|  0%| F|  |TAMS 0x0000000087d00000| PB 0x0000000087d00000| Untracked 
|  78|0x0000000087e00000, 0x0000000087e00000, 0x0000000087f00000|  0%| F|  |TAMS 0x0000000087e00000| PB 0x0000000087e00000| Untracked 
|  79|0x0000000087f00000, 0x0000000087f00000, 0x0000000088000000|  0%| F|  |TAMS 0x0000000087f00000| PB 0x0000000087f00000| Untracked 
|  80|0x0000000088000000, 0x0000000088000000, 0x0000000088100000|  0%| F|  |TAMS 0x0000000088000000| PB 0x0000000088000000| Untracked 
|  81|0x0000000088100000, 0x0000000088100000, 0x0000000088200000|  0%| F|  |TAMS 0x0000000088100000| PB 0x0000000088100000| Untracked 
|  82|0x0000000088200000, 0x0000000088200000, 0x0000000088300000|  0%| F|  |TAMS 0x0000000088200000| PB 0x0000000088200000| Untracked 
|  83|0x0000000088300000, 0x0000000088300000, 0x0000000088400000|  0%| F|  |TAMS 0x0000000088300000| PB 0x0000000088300000| Untracked 
|  84|0x0000000088400000, 0x0000000088400000, 0x0000000088500000|  0%| F|  |TAMS 0x0000000088400000| PB 0x0000000088400000| Untracked 
|  85|0x0000000088500000, 0x0000000088500000, 0x0000000088600000|  0%| F|  |TAMS 0x0000000088500000| PB 0x0000000088500000| Untracked 
|  86|0x0000000088600000, 0x0000000088600000, 0x0000000088700000|  0%| F|  |TAMS 0x0000000088600000| PB 0x0000000088600000| Untracked 
|  87|0x0000000088700000, 0x0000000088700000, 0x0000000088800000|  0%| F|  |TAMS 0x0000000088700000| PB 0x0000000088700000| Untracked 
|  88|0x0000000088800000, 0x0000000088800000, 0x0000000088900000|  0%| F|  |TAMS 0x0000000088800000| PB 0x0000000088800000| Untracked 
|  89|0x0000000088900000, 0x0000000088900000, 0x0000000088a00000|  0%| F|  |TAMS 0x0000000088900000| PB 0x0000000088900000| Untracked 
|  90|0x0000000088a00000, 0x0000000088a00000, 0x0000000088b00000|  0%| F|  |TAMS 0x0000000088a00000| PB 0x0000000088a00000| Untracked 
|  91|0x0000000088b00000, 0x0000000088b00000, 0x0000000088c00000|  0%| F|  |TAMS 0x0000000088b00000| PB 0x0000000088b00000| Untracked 
|  92|0x0000000088c00000, 0x0000000088c00000, 0x0000000088d00000|  0%| F|  |TAMS 0x0000000088c00000| PB 0x0000000088c00000| Untracked 
|  93|0x0000000088d00000, 0x0000000088d00000, 0x0000000088e00000|  0%| F|  |TAMS 0x0000000088d00000| PB 0x0000000088d00000| Untracked 
|  94|0x0000000088e00000, 0x0000000088e00000, 0x0000000088f00000|  0%| F|  |TAMS 0x0000000088e00000| PB 0x0000000088e00000| Untracked 
|  95|0x0000000088f00000, 0x0000000088f00000, 0x0000000089000000|  0%| F|  |TAMS 0x0000000088f00000| PB 0x0000000088f00000| Untracked 
|  96|0x0000000089000000, 0x0000000089000000, 0x0000000089100000|  0%| F|  |TAMS 0x0000000089000000| PB 0x0000000089000000| Untracked 
|  97|0x0000000089100000, 0x0000000089100000, 0x0000000089200000|  0%| F|  |TAMS 0x0000000089100000| PB 0x0000000089100000| Untracked 
|  98|0x0000000089200000, 0x0000000089200000, 0x0000000089300000|  0%| F|  |TAMS 0x0000000089200000| PB 0x0000000089200000| Untracked 
|  99|0x0000000089300000, 0x0000000089300000, 0x0000000089400000|  0%| F|  |TAMS 0x0000000089300000| PB 0x0000000089300000| Untracked 
| 100|0x0000000089400000, 0x0000000089400000, 0x0000000089500000|  0%| F|  |TAMS 0x0000000089400000| PB 0x0000000089400000| Untracked 
| 101|0x0000000089500000, 0x0000000089500000, 0x0000000089600000|  0%| F|  |TAMS 0x0000000089500000| PB 0x0000000089500000| Untracked 
| 102|0x0000000089600000, 0x0000000089600000, 0x0000000089700000|  0%| F|  |TAMS 0x0000000089600000| PB 0x0000000089600000| Untracked 
| 103|0x0000000089700000, 0x0000000089700000, 0x0000000089800000|  0%| F|  |TAMS 0x0000000089700000| PB 0x0000000089700000| Untracked 
| 104|0x0000000089800000, 0x0000000089800000, 0x0000000089900000|  0%| F|  |TAMS 0x0000000089800000| PB 0x0000000089800000| Untracked 
| 105|0x0000000089900000, 0x0000000089900000, 0x0000000089a00000|  0%| F|  |TAMS 0x0000000089900000| PB 0x0000000089900000| Untracked 
| 106|0x0000000089a00000, 0x0000000089a00000, 0x0000000089b00000|  0%| F|  |TAMS 0x0000000089a00000| PB 0x0000000089a00000| Untracked 
| 107|0x0000000089b00000, 0x0000000089b00000, 0x0000000089c00000|  0%| F|  |TAMS 0x0000000089b00000| PB 0x0000000089b00000| Untracked 
| 108|0x0000000089c00000, 0x0000000089c00000, 0x0000000089d00000|  0%| F|  |TAMS 0x0000000089c00000| PB 0x0000000089c00000| Untracked 
| 109|0x0000000089d00000, 0x0000000089d00000, 0x0000000089e00000|  0%| F|  |TAMS 0x0000000089d00000| PB 0x0000000089d00000| Untracked 
| 110|0x0000000089e00000, 0x0000000089e00000, 0x0000000089f00000|  0%| F|  |TAMS 0x0000000089e00000| PB 0x0000000089e00000| Untracked 
| 111|0x0000000089f00000, 0x0000000089f00000, 0x000000008a000000|  0%| F|  |TAMS 0x0000000089f00000| PB 0x0000000089f00000| Untracked 
| 112|0x000000008a000000, 0x000000008a000000, 0x000000008a100000|  0%| F|  |TAMS 0x000000008a000000| PB 0x000000008a000000| Untracked 
| 113|0x000000008a100000, 0x000000008a100000, 0x000000008a200000|  0%| F|  |TAMS 0x000000008a100000| PB 0x000000008a100000| Untracked 
| 114|0x000000008a200000, 0x000000008a200000, 0x000000008a300000|  0%| F|  |TAMS 0x000000008a200000| PB 0x000000008a200000| Untracked 
| 115|0x000000008a300000, 0x000000008a376c40, 0x000000008a400000| 46%| E|  |TAMS 0x000000008a300000| PB 0x000000008a300000| Complete 
| 116|0x000000008a400000, 0x000000008a500000, 0x000000008a500000|100%| E|CS|TAMS 0x000000008a400000| PB 0x000000008a400000| Complete 
| 117|0x000000008a500000, 0x000000008a600000, 0x000000008a600000|100%| E|CS|TAMS 0x000000008a500000| PB 0x000000008a500000| Complete 
| 118|0x000000008a600000, 0x000000008a700000, 0x000000008a700000|100%| E|CS|TAMS 0x000000008a600000| PB 0x000000008a600000| Complete 
| 119|0x000000008a700000, 0x000000008a800000, 0x000000008a800000|100%| E|CS|TAMS 0x000000008a700000| PB 0x000000008a700000| Complete 
| 120|0x000000008a800000, 0x000000008a900000, 0x000000008a900000|100%| E|CS|TAMS 0x000000008a800000| PB 0x000000008a800000| Complete 
| 121|0x000000008a900000, 0x000000008aa00000, 0x000000008aa00000|100%| E|CS|TAMS 0x000000008a900000| PB 0x000000008a900000| Complete 
| 122|0x000000008aa00000, 0x000000008ab00000, 0x000000008ab00000|100%| E|CS|TAMS 0x000000008aa00000| PB 0x000000008aa00000| Complete 
| 123|0x000000008ab00000, 0x000000008ac00000, 0x000000008ac00000|100%| E|CS|TAMS 0x000000008ab00000| PB 0x000000008ab00000| Complete 
| 124|0x000000008ac00000, 0x000000008ad00000, 0x000000008ad00000|100%| E|CS|TAMS 0x000000008ac00000| PB 0x000000008ac00000| Complete 
| 125|0x000000008ad00000, 0x000000008ae00000, 0x000000008ae00000|100%| E|CS|TAMS 0x000000008ad00000| PB 0x000000008ad00000| Complete 

Card table byte_map: [0x000001fab5920000,0x000001fab5d10000] _byte_map_base: 0x000001fab5508000

Marking Bits: (CMBitMap*) 0x000001fa9e1a5040
 Bits: [0x000001fab6100000, 0x000001fab8040000)

Polling page: 0x000001fa9c0d0000

Metaspace:

Usage:
  Non-class:      2.35 MB used.
      Class:    261.91 KB used.
       Both:      2.60 MB used.

Virtual space:
  Non-class space:       64.00 MB reserved,       2.38 MB (  4%) committed,  1 nodes.
      Class space:        1.00 GB reserved,     320.00 KB ( <1%) committed,  1 nodes.
             Both:        1.06 GB reserved,       2.69 MB ( <1%) committed. 

Chunk freelists:
   Non-Class:  2.92 MB
       Class:  3.60 MB
        Both:  6.52 MB

MaxMetaspaceSize: unlimited
CompressedClassSpaceSize: 1.00 GB
Initial GC threshold: 21.00 MB
Current GC threshold: 21.00 MB
CDS: on
MetaspaceReclaimPolicy: balanced
 - commit_granule_bytes: 65536.
 - commit_granule_words: 8192.
 - virtual_space_node_default_size: 8388608.
 - enlarge_chunks_in_place: 1.
 - new_chunks_are_fully_committed: 0.
 - uncommit_free_chunks: 1.
 - use_allocation_guard: 0.


Internal statistics:

num_allocs_failed_limit: 0.
num_arena_births: 38.
num_arena_deaths: 0.
num_vsnodes_births: 2.
num_vsnodes_deaths: 0.
num_space_committed: 43.
num_space_uncommitted: 0.
num_chunks_returned_to_freelist: 0.
num_chunks_taken_from_freelist: 93.
num_chunk_merges: 0.
num_chunk_splits: 64.
num_chunks_enlarged: 49.
num_inconsistent_stats: 0.

CodeHeap 'non-profiled nmethods': size=120000Kb used=161Kb max_used=161Kb free=119838Kb
 bounds [0x000001faadcd0000, 0x000001faadf40000, 0x000001fab5200000]
CodeHeap 'profiled nmethods': size=120000Kb used=666Kb max_used=666Kb free=119333Kb
 bounds [0x000001faa6200000, 0x000001faa6470000, 0x000001faad730000]
CodeHeap 'non-nmethods': size=5760Kb used=1399Kb max_used=1399Kb free=4360Kb
 bounds [0x000001faad730000, 0x000001faad9a0000, 0x000001faadcd0000]
 total_blobs=926 nmethods=482 adapters=355
 compilation: enabled
              stopped_count=0, restarted_count=0
 full_count=0

Compilation events (20 events):
Event: 14.113 Thread 0x000001fabaa8e1c0 nmethod 469 0x000001faadcf6790 code [0x000001faadcf6900, 0x000001faadcf69c8]
Event: 14.113 Thread 0x000001fabaa8e1c0  470       1       java.util.concurrent.ConcurrentHashMap$MapEntry::getValue (5 bytes)
Event: 14.113 Thread 0x000001fabaa8e1c0 nmethod 470 0x000001faadcf6a90 code [0x000001faadcf6c00, 0x000001faadcf6cc8]
Event: 14.113 Thread 0x000001fabaa8e1c0  471       3       java.lang.String::getChars (55 bytes)
Event: 14.115 Thread 0x000001fabaa8e1c0 nmethod 471 0x000001faa62a3a10 code [0x000001faa62a3c20, 0x000001faa62a4358]
Event: 14.115 Thread 0x000001fabaa8e1c0  472       3       java.lang.StringLatin1::getChars (12 bytes)
Event: 14.115 Thread 0x000001fabaa8e1c0 nmethod 472 0x000001faa62a4690 code [0x000001faa62a4820, 0x000001faa62a4940]
Event: 14.115 Thread 0x000001fabaa8e1c0  473       1       jdk.internal.jimage.ImageHeader::getTableLength (5 bytes)
Event: 14.116 Thread 0x000001fabaa8a340  474       4       java.nio.DirectByteBuffer::ix (10 bytes)
Event: 14.116 Thread 0x000001fabaa8e1c0 nmethod 473 0x000001faadcf6d90 code [0x000001faadcf6f00, 0x000001faadcf6fc8]
Event: 14.116 Thread 0x000001fabaa8e1c0  476   !   3       java.nio.DirectIntBufferU::get (34 bytes)
Event: 14.116 Thread 0x000001fabaa8a340 nmethod 474 0x000001faadcf7490 code [0x000001faadcf7600, 0x000001faadcf7690]
Event: 14.117 Thread 0x000001fabaa8e1c0 nmethod 476 0x000001faa62a4a10 code [0x000001faa62a4c40, 0x000001faa62a55a0]
Event: 14.117 Thread 0x000001fabaa8e1c0  477       3       java.nio.DirectIntBufferU::ix (10 bytes)
Event: 14.117 Thread 0x000001fabaa8e1c0 nmethod 477 0x000001faa62a5a90 code [0x000001faa62a5c20, 0x000001faa62a5d40]
Event: 14.117 Thread 0x000001fabaa8e1c0  478       3       java.lang.String::<init> (74 bytes)
Event: 14.118 Thread 0x000001fabaa8e1c0 nmethod 478 0x000001faa62a5e10 code [0x000001faa62a5fe0, 0x000001faa62a63e0]
Event: 14.118 Thread 0x000001fabaa8e1c0  479       3       java.util.ArrayDeque::inc (12 bytes)
Event: 14.118 Thread 0x000001fabaa8e1c0 nmethod 479 0x000001faa62a6510 code [0x000001faa62a66a0, 0x000001faa62a67d0]
Event: 14.118 Thread 0x000001fabaa8e1c0  480       3       java.util.Properties$LineReader::readLine (584 bytes)

GC Heap History (0 events):
No events

Dll operation events (12 events):
Event: 0.319 Loaded shared library C:\Users\hp\.jdks\openjdk-20.0.1\bin\java.dll
Event: 0.354 Loaded shared library C:\Users\hp\.jdks\openjdk-20.0.1\bin\jsvml.dll
Event: 0.577 Loaded shared library C:\Users\hp\.jdks\openjdk-20.0.1\bin\zip.dll
Event: 0.649 Loaded shared library C:\Users\hp\.jdks\openjdk-20.0.1\bin\instrument.dll
Event: 0.670 Loaded shared library C:\Users\hp\.jdks\openjdk-20.0.1\bin\net.dll
Event: 0.674 Loaded shared library C:\Users\hp\.jdks\openjdk-20.0.1\bin\nio.dll
Event: 0.678 Loaded shared library C:\Users\hp\.jdks\openjdk-20.0.1\bin\zip.dll
Event: 0.771 Loaded shared library C:\Users\hp\IntelliJ IDEA Community Edition 2023.1\bin\breakgen64.dll
Event: 0.840 Loaded shared library C:\Users\hp\.jdks\openjdk-20.0.1\bin\extnet.dll
Event: 1.324 Loaded shared library C:\Users\hp\.jdks\openjdk-20.0.1\bin\jimage.dll
Event: 13.955 Loaded shared library C:\Users\hp\AppData\Local\Temp\jansi-2.4.0-bb9507eb1f93beed-jansi.dll
Event: 14.086 Loaded shared library C:\Users\hp\.jdks\openjdk-20.0.1\bin\verify.dll

Deoptimization events (20 events):
Event: 0.938 Thread 0x000001fabee02ee0 Uncommon trap: trap_request=0xffffff45 fr.pc=0x000001faadce3d64 relative=0x0000000000000064
Event: 0.938 Thread 0x000001fabee02ee0 Uncommon trap: reason=unstable_if action=reinterpret pc=0x000001faadce3d64 method=java.net.URI.match(CJJ)Z @ 19 c2
Event: 0.938 Thread 0x000001fabee02ee0 DEOPT PACKING pc=0x000001faadce3d64 sp=0x000000c85e6feb90
Event: 0.938 Thread 0x000001fabee02ee0 DEOPT UNPACKING pc=0x000001faad799d22 sp=0x000000c85e6feaf8 mode 2
Event: 1.282 Thread 0x000001fa9e149020 Uncommon trap: trap_request=0xffffffc6 fr.pc=0x000001faadcec170 relative=0x0000000000000b70
Event: 1.282 Thread 0x000001fa9e149020 Uncommon trap: reason=bimorphic_or_optimized_type_check action=maybe_recompile pc=0x000001faadcec170 method=java.util.HashMap.putVal(ILjava/lang/Object;Ljava/lang/Object;ZZ)Ljava/lang/Object; @ 56 c2
Event: 1.282 Thread 0x000001fa9e149020 DEOPT PACKING pc=0x000001faadcec170 sp=0x000000c85d6fd4d0
Event: 1.282 Thread 0x000001fa9e149020 DEOPT UNPACKING pc=0x000001faad799d22 sp=0x000000c85d6fd468 mode 2
Event: 1.282 Thread 0x000001fa9e149020 Uncommon trap: trap_request=0xffffffc6 fr.pc=0x000001faadcec170 relative=0x0000000000000b70
Event: 1.282 Thread 0x000001fa9e149020 Uncommon trap: reason=bimorphic_or_optimized_type_check action=maybe_recompile pc=0x000001faadcec170 method=java.util.HashMap.putVal(ILjava/lang/Object;Ljava/lang/Object;ZZ)Ljava/lang/Object; @ 56 c2
Event: 1.282 Thread 0x000001fa9e149020 DEOPT PACKING pc=0x000001faadcec170 sp=0x000000c85d6fd4d0
Event: 1.282 Thread 0x000001fa9e149020 DEOPT UNPACKING pc=0x000001faad799d22 sp=0x000000c85d6fd468 mode 2
Event: 1.282 Thread 0x000001fa9e149020 Uncommon trap: trap_request=0xffffffc6 fr.pc=0x000001faadcec170 relative=0x0000000000000b70
Event: 1.282 Thread 0x000001fa9e149020 Uncommon trap: reason=bimorphic_or_optimized_type_check action=maybe_recompile pc=0x000001faadcec170 method=java.util.HashMap.putVal(ILjava/lang/Object;Ljava/lang/Object;ZZ)Ljava/lang/Object; @ 56 c2
Event: 1.282 Thread 0x000001fa9e149020 DEOPT PACKING pc=0x000001faadcec170 sp=0x000000c85d6fd4d0
Event: 1.282 Thread 0x000001fa9e149020 DEOPT UNPACKING pc=0x000001faad799d22 sp=0x000000c85d6fd468 mode 2
Event: 1.282 Thread 0x000001fa9e149020 Uncommon trap: trap_request=0xffffffc6 fr.pc=0x000001faadcec170 relative=0x0000000000000b70
Event: 1.282 Thread 0x000001fa9e149020 Uncommon trap: reason=bimorphic_or_optimized_type_check action=maybe_recompile pc=0x000001faadcec170 method=java.util.HashMap.putVal(ILjava/lang/Object;Ljava/lang/Object;ZZ)Ljava/lang/Object; @ 56 c2
Event: 1.282 Thread 0x000001fa9e149020 DEOPT PACKING pc=0x000001faadcec170 sp=0x000000c85d6fd4d0
Event: 1.282 Thread 0x000001fa9e149020 DEOPT UNPACKING pc=0x000001faad799d22 sp=0x000000c85d6fd468 mode 2

Classes loaded (20 events):
Event: 14.092 Loading class java/lang/UnsupportedOperationException
Event: 14.093 Loading class java/lang/UnsupportedOperationException done
Event: 14.093 Loading class java/lang/CloneNotSupportedException
Event: 14.093 Loading class java/lang/CloneNotSupportedException done
Event: 14.103 Loading class java/util/LinkedHashMap$LinkedValues
Event: 14.103 Loading class java/util/LinkedHashMap$LinkedValues done
Event: 14.103 Loading class java/util/LinkedHashMap$LinkedValueIterator
Event: 14.103 Loading class java/util/LinkedHashMap$LinkedValueIterator done
Event: 14.106 Loading class java/util/AbstractList$ListItr
Event: 14.106 Loading class java/util/AbstractList$Itr
Event: 14.106 Loading class java/util/AbstractList$Itr done
Event: 14.106 Loading class java/util/AbstractList$ListItr done
Event: 14.107 Loading class java/util/LinkedList$Node
Event: 14.107 Loading class java/util/LinkedList$Node done
Event: 14.110 Loading class java/util/Collections$UnmodifiableMap$UnmodifiableEntrySet
Event: 14.110 Loading class java/util/Collections$UnmodifiableMap$UnmodifiableEntrySet done
Event: 14.110 Loading class java/util/Collections$UnmodifiableMap$UnmodifiableEntrySet$1
Event: 14.110 Loading class java/util/Collections$UnmodifiableMap$UnmodifiableEntrySet$1 done
Event: 14.110 Loading class java/util/Collections$UnmodifiableMap$UnmodifiableEntrySet$UnmodifiableEntry
Event: 14.111 Loading class java/util/Collections$UnmodifiableMap$UnmodifiableEntrySet$UnmodifiableEntry done

Classes unloaded (0 events):
No events

Classes redefined (0 events):
No events

Internal exceptions (4 events):
Event: 0.685 Thread 0x000001fa9e149020 Exception <a 'java/lang/NoSuchMethodError'{0x000000008ab4fb60}: 'void java.lang.invoke.DirectMethodHandle$Holder.invokeStatic(java.lang.Object, java.lang.Object, java.lang.Object)'> (0x000000008ab4fb60) 
thrown [s\open\src\hotspot\share\interpreter\linkResolver.cpp, line 773]
Event: 0.691 Thread 0x000001fa9e149020 Exception <a 'java/lang/NoSuchMethodError'{0x000000008ab67068}: 'java.lang.Object java.lang.invoke.Invokers$Holder.invokeExact_MT(java.lang.Object, java.lang.Object, java.lang.Object, java.lang.Object, java.lang.Object)'> (0x000000008ab67068) 
thrown [s\open\src\hotspot\share\interpreter\linkResolver.cpp, line 773]
Event: 0.846 Thread 0x000001fabee02ee0 Exception <a 'java/lang/NoSuchMethodError'{0x000000008ab7d958}: 'void java.lang.invoke.DirectMethodHandle$Holder.invokeStatic(java.lang.Object, java.lang.Object)'> (0x000000008ab7d958) 
thrown [s\open\src\hotspot\share\interpreter\linkResolver.cpp, line 773]
Event: 1.286 Thread 0x000001fa9e149020 Exception <a 'java/lang/NullPointerException'{0x000000008a829558}> (0x000000008a829558) 
thrown [s\open\src\hotspot\share\interpreter\linkResolver.cpp, line 1373]

VM Operations (12 events):
Event: 0.525 Executing VM operation: HandshakeAllThreads
Event: 0.525 Executing VM operation: HandshakeAllThreads done
Event: 0.774 Executing VM operation: HandshakeAllThreads
Event: 0.774 Executing VM operation: HandshakeAllThreads done
Event: 1.281 Executing VM operation: HandshakeAllThreads
Event: 1.281 Executing VM operation: HandshakeAllThreads done
Event: 1.332 Executing VM operation: HandshakeAllThreads
Event: 1.332 Executing VM operation: HandshakeAllThreads done
Event: 2.344 Executing VM operation: Cleanup
Event: 2.344 Executing VM operation: Cleanup done
Event: 13.428 Executing VM operation: Cleanup
Event: 13.428 Executing VM operation: Cleanup done

Events (12 events):
Event: 0.354 Thread 0x000001fa9e149020 Thread added: 0x000001fa9e149020
Event: 0.393 Thread 0x000001fabaa7ad50 Thread added: 0x000001fabaa7ad50
Event: 0.394 Thread 0x000001fabaa7bb50 Thread added: 0x000001fabaa7bb50
Event: 0.394 Thread 0x000001fabaa81850 Thread added: 0x000001fabaa81850
Event: 0.395 Thread 0x000001fabaa86440 Thread added: 0x000001fabaa86440
Event: 0.395 Thread 0x000001fabaa86d80 Thread added: 0x000001fabaa86d80
Event: 0.395 Thread 0x000001fabaa876c0 Thread added: 0x000001fabaa876c0
Event: 0.395 Thread 0x000001fabaa8a340 Thread added: 0x000001fabaa8a340
Event: 0.395 Thread 0x000001fabaa8e1c0 Thread added: 0x000001fabaa8e1c0
Event: 0.471 Thread 0x000001fabaa46960 Thread added: 0x000001fabaa46960
Event: 0.771 Thread 0x000001fabee02ee0 Thread added: 0x000001fabee02ee0
Event: 0.772 Thread 0x000001fabee03430 Thread added: 0x000001fabee03430


Dynamic libraries:
0x00007ff74e6b0000 - 0x00007ff74e6be000 	C:\Users\hp\.jdks\openjdk-20.0.1\bin\java.exe
0x00007fffd3a30000 - 0x00007fffd3c28000 	C:\Windows\SYSTEM32\ntdll.dll
0x00007fff9f970000 - 0x00007fff9f989000 	C:\Program Files\Avast Software\Avast\aswhook.dll
0x00007fffd1b10000 - 0x00007fffd1bcf000 	C:\Windows\System32\KERNEL32.DLL
0x00007fffd1130000 - 0x00007fffd1402000 	C:\Windows\System32\KERNELBASE.dll
0x00007fffd1630000 - 0x00007fffd1730000 	C:\Windows\System32\ucrtbase.dll
0x00007fffcc770000 - 0x00007fffcc787000 	C:\Users\hp\.jdks\openjdk-20.0.1\bin\jli.dll
0x00007fffa58f0000 - 0x00007fffa590b000 	C:\Users\hp\.jdks\openjdk-20.0.1\bin\VCRUNTIME140.dll
0x00007fffd2650000 - 0x00007fffd27f1000 	C:\Windows\System32\USER32.dll
0x00007fffd1840000 - 0x00007fffd1862000 	C:\Windows\System32\win32u.dll
0x00007fffb5760000 - 0x00007fffb59fa000 	C:\Windows\WinSxS\amd64_microsoft.windows.common-controls_6595b64144ccf1df_6.0.19041.1110_none_60b5254171f9507e\COMCTL32.dll
0x00007fffd1bd0000 - 0x00007fffd1bfb000 	C:\Windows\System32\GDI32.dll
0x00007fffd2290000 - 0x00007fffd232e000 	C:\Windows\System32\msvcrt.dll
0x00007fffd1730000 - 0x00007fffd183f000 	C:\Windows\System32\gdi32full.dll
0x00007fffd1410000 - 0x00007fffd14ad000 	C:\Windows\System32\msvcp_win.dll
0x00007fffd1c60000 - 0x00007fffd1c90000 	C:\Windows\System32\IMM32.DLL
0x00007fffb9220000 - 0x00007fffb922c000 	C:\Users\hp\.jdks\openjdk-20.0.1\bin\vcruntime140_1.dll
0x00007fff9c680000 - 0x00007fff9c70e000 	C:\Users\hp\.jdks\openjdk-20.0.1\bin\msvcp140.dll
0x00007fff8b5b0000 - 0x00007fff8c247000 	C:\Users\hp\.jdks\openjdk-20.0.1\bin\server\jvm.dll
0x00007fffd3940000 - 0x00007fffd39ee000 	C:\Windows\System32\ADVAPI32.dll
0x00007fffd36f0000 - 0x00007fffd378c000 	C:\Windows\System32\sechost.dll
0x00007fffd2330000 - 0x00007fffd2454000 	C:\Windows\System32\RPCRT4.dll
0x00007fffb8ec0000 - 0x00007fffb8ec9000 	C:\Windows\SYSTEM32\WSOCK32.dll
0x00007fffd2810000 - 0x00007fffd287b000 	C:\Windows\System32\WS2_32.dll
0x00007fffaee20000 - 0x00007fffaee47000 	C:\Windows\SYSTEM32\WINMM.dll
0x00007fffc8fc0000 - 0x00007fffc8fca000 	C:\Windows\SYSTEM32\VERSION.dll
0x00007fffcf940000 - 0x00007fffcf952000 	C:\Windows\SYSTEM32\kernel.appcore.dll
0x00007fffb47a0000 - 0x00007fffb47aa000 	C:\Users\hp\.jdks\openjdk-20.0.1\bin\jimage.dll
0x00007fffceeb0000 - 0x00007fffcf094000 	C:\Windows\SYSTEM32\DBGHELP.DLL
0x00007fffb9170000 - 0x00007fffb91a5000 	C:\Windows\SYSTEM32\dbgcore.DLL
0x00007fffd14b0000 - 0x00007fffd1532000 	C:\Windows\System32\bcryptPrimitives.dll
0x00007fffcc7e0000 - 0x00007fffcc7ee000 	C:\Users\hp\.jdks\openjdk-20.0.1\bin\instrument.dll
0x00007fffa5770000 - 0x00007fffa5796000 	C:\Users\hp\.jdks\openjdk-20.0.1\bin\java.dll
0x00007fff995d0000 - 0x00007fff996a7000 	C:\Users\hp\.jdks\openjdk-20.0.1\bin\jsvml.dll
0x00007fffd2d20000 - 0x00007fffd3465000 	C:\Windows\System32\SHELL32.dll
0x00007fffcf190000 - 0x00007fffcf922000 	C:\Windows\SYSTEM32\windows.storage.dll
0x00007fffd2910000 - 0x00007fffd2c65000 	C:\Windows\System32\combase.dll
0x00007fffd0ab0000 - 0x00007fffd0ae0000 	C:\Windows\SYSTEM32\Wldp.dll
0x00007fffd1c90000 - 0x00007fffd1d3d000 	C:\Windows\System32\SHCORE.dll
0x00007fffd1c00000 - 0x00007fffd1c55000 	C:\Windows\System32\shlwapi.dll
0x00007fffd1070000 - 0x00007fffd108f000 	C:\Windows\SYSTEM32\profapi.dll
0x00007fffa01b0000 - 0x00007fffa01c8000 	C:\Users\hp\.jdks\openjdk-20.0.1\bin\zip.dll
0x00007fffa09f0000 - 0x00007fffa0a03000 	C:\Users\hp\.jdks\openjdk-20.0.1\bin\net.dll
0x00007fffc6f40000 - 0x00007fffc704a000 	C:\Windows\SYSTEM32\WINHTTP.dll
0x00007fffd0890000 - 0x00007fffd08fa000 	C:\Windows\system32\mswsock.dll
0x00007fffcec50000 - 0x00007fffcec5a000 	C:\Windows\system32\wshqos.dll
0x00007fffcec40000 - 0x00007fffcec48000 	C:\Windows\SYSTEM32\wshtcpip.DLL
0x00007fffcec30000 - 0x00007fffcec38000 	C:\Windows\SYSTEM32\wship6.dll
0x00007fffa0840000 - 0x00007fffa0856000 	C:\Users\hp\.jdks\openjdk-20.0.1\bin\nio.dll
0x00007fffbae90000 - 0x00007fffbaeaa000 	C:\Users\hp\IntelliJ IDEA Community Edition 2023.1\bin\breakgen64.dll
0x00007fffb2ee0000 - 0x00007fffb2ee7000 	C:\Users\hp\.jdks\openjdk-20.0.1\bin\extnet.dll
0x0000000069ac0000 - 0x0000000069ae4000 	C:\Users\hp\AppData\Local\Temp\jansi-2.4.0-bb9507eb1f93beed-jansi.dll
0x00007fffafa10000 - 0x00007fffafa20000 	C:\Users\hp\.jdks\openjdk-20.0.1\bin\verify.dll

dbghelp: loaded successfully - version: 4.0.5 - missing functions: none
symbol engine: initialized successfully - sym options: 0x614 - pdb path: .;C:\Users\hp\.jdks\openjdk-20.0.1\bin;C:\Windows\SYSTEM32;C:\Program Files\Avast Software\Avast;C:\Windows\WinSxS\amd64_microsoft.windows.common-controls_6595b64144ccf1df_6.0.19041.1110_none_60b5254171f9507e;C:\Users\hp\.jdks\openjdk-20.0.1\bin\server;C:\Users\hp\IntelliJ IDEA Community Edition 2023.1\bin;C:\Users\hp\AppData\Local\Temp

VM Arguments:
jvm_args: -Dmaven.multiModuleProjectDirectory=D:\Marketer -Djansi.passthrough=true -Dmaven.home=C:\Users\hp\.m2\wrapper\dists\apache-maven-3.8.7-bin\1ktonn2lleg549uah6ngl1r74r\apache-maven-3.8.7 -Dclassworlds.conf=C:\Users\hp\.m2\wrapper\dists\apache-maven-3.8.7-bin\1ktonn2lleg549uah6ngl1r74r\apache-maven-3.8.7\bin\m2.conf -Dmaven.ext.class.path=C:\Users\hp\IntelliJ IDEA Community Edition 2023.1\plugins\maven\lib\maven-event-listener.jar -javaagent:C:\Users\hp\IntelliJ IDEA Community Edition 2023.1\lib\idea_rt.jar=52422:C:\Users\hp\IntelliJ IDEA Community Edition 2023.1\bin -Dfile.encoding=UTF-8 -Dsun.stdout.encoding=UTF-8 -Dsun.stderr.encoding=UTF-8 
java_command: org.codehaus.classworlds.Launcher -Didea.version=2023.1 clean
java_class_path (initial): C:\Users\hp\.m2\wrapper\dists\apache-maven-3.8.7-bin\1ktonn2lleg549uah6ngl1r74r\apache-maven-3.8.7\boot\plexus-classworlds-2.6.0.jar;C:\Users\hp\.m2\wrapper\dists\apache-maven-3.8.7-bin\1ktonn2lleg549uah6ngl1r74r\apache-maven-3.8.7\boot\plexus-classworlds.license
Launcher Type: SUN_STANDARD

[Global flags]
     intx CICompilerCount                          = 4                                         {product} {ergonomic}
     uint ConcGCThreads                            = 2                                         {product} {ergonomic}
     uint G1ConcRefinementThreads                  = 8                                         {product} {ergonomic}
   size_t G1HeapRegionSize                         = 1048576                                   {product} {ergonomic}
    uintx GCDrainStackTargetSize                   = 64                                        {product} {ergonomic}
   size_t InitialHeapSize                          = 132120576                                 {product} {ergonomic}
   size_t MarkStackSize                            = 4194304                                   {product} {ergonomic}
   size_t MaxHeapSize                              = 2097152000                                {product} {ergonomic}
   size_t MaxNewSize                               = 1258291200                                {product} {ergonomic}
   size_t MinHeapDeltaBytes                        = 1048576                                   {product} {ergonomic}
   size_t MinHeapSize                              = 8388608                                   {product} {ergonomic}
    uintx NonNMethodCodeHeapSize                   = 5839372                                {pd product} {ergonomic}
    uintx NonProfiledCodeHeapSize                  = 122909434                              {pd product} {ergonomic}
     bool PerfDisableSharedMem                     = true                                      {product} {ergonomic}
    uintx ProfiledCodeHeapSize                     = 122909434                              {pd product} {ergonomic}
    uintx ReservedCodeCacheSize                    = 251658240                              {pd product} {ergonomic}
     bool SegmentedCodeCache                       = true                                      {product} {ergonomic}
   size_t SoftMaxHeapSize                          = 2097152000                             {manageable} {ergonomic}
     bool UseCompressedClassPointers               = true                           {product lp64_product} {ergonomic}
     bool UseCompressedOops                        = true                           {product lp64_product} {ergonomic}
     bool UseG1GC                                  = true                                      {product} {ergonomic}
     bool UseLargePagesIndividualAllocation        = false                                  {pd product} {ergonomic}

Logging:
Log output configuration:
 #0: stdout all=warning uptime,level,tags foldmultilines=false
 #1: stderr all=off uptime,level,tags foldmultilines=false

Environment Variables:
PATH=C:\Program Files\NVIDIA GPU Computing Toolkit\CUDA\v12.0\bin;C:\Program Files\NVIDIA GPU Computing Toolkit\CUDA\v12.0\libnvvp;C:\Program Files\Common Files\Oracle\Java\javapath;C:\Program Files (x86)\Common Files\Oracle\Java\javapath;C:\Program Files\Python310\Scripts\;C:\Program Files\Python310\;C:\ProgramData\Oracle\Java\javapath;C:\Windows\system32;C:\Windows;C:\Windows\System32\Wbem;C:\Windows\System32\WindowsPowerShell\v1.0\;C:\Windows\System32\OpenSSH\;C:\Program Files (x86)\NVIDIA Corporation\PhysX\Common;C:\Program Files\NVIDIA Corporation\NVIDIA NvDLISR;C:\Program Files\Microsoft SQL Server\Client SDK\ODBC\170\Tools\Binn\;C:\Program Files (x86)\Microsoft SQL Server\150\Tools\Binn\;C:\Program Files\Microsoft SQL Server\150\Tools\Binn\;C:\Program Files\Microsoft SQL Server\150\DTS\Binn\;C:\Program Files (x86)\Microsoft SQL Server\150\DTS\Binn\;C:\Program Files\Azure Data Studio\bin;C:\Program Files\Git\cmd;C:\Program Files (x86)\Mozart\bin;C:\Program Files\Mozart\bin;C:\Program Files\Microsoft SQL Server\130\Tools\Binn\;C:\Program Files\dotnet\;C:\Program Files (x86)\NetCDF4Excel;C:\Program Files\NVIDIA Corporation\Nsight Compute 2022.4.0\;C:\Program Files\Docker\Docker\resources\bin;C:\Users\hp\AppData\Local\Microsoft\WindowsApps;;C:\Program Files\Azure Data Studio\bin;C:\Users\hp\.dotnet\tools;C:\Users\hp\AppData\Local\Programs\Microsoft VS Code\bin
USERNAME=hp
OS=Windows_NT
PROCESSOR_IDENTIFIER=Intel64 Family 6 Model 166 Stepping 0, GenuineIntel
TMP=C:\Users\hp\AppData\Local\Temp
TEMP=C:\Users\hp\AppData\Local\Temp




---------------  S Y S T E M  ---------------

OS:
 Windows 10 , 64 bit Build 19041 (10.0.19041.2546)
OS uptime: 0 days 1:11 hours
Hyper-V role detected

CPU: total 8 (initial active 8) (4 cores per cpu, 2 threads per core) family 6 model 166 stepping 0 microcode 0xe0, cx8, cmov, fxsr, ht, mmx, 3dnowpref, sse, sse2, sse3, ssse3, sse4.1, sse4.2, popcnt, lzcnt, tsc, tscinvbit, avx, avx2, aes, erms, clmul, bmi1, bmi2, adx, fma, vzeroupper, clflush, clflushopt, hv, rdtscp, f16c

Memory: 4k page, system-wide physical 7996M (473M free)
TotalPageFile size 11939M (AvailPageFile size 19M)
current process WorkingSet (physical memory assigned to process): 50M, peak: 50M
current process commit charge ("private bytes"): 213M, peak: 213M

vm_info: OpenJDK 64-Bit Server VM (20.0.1+9-29) for windows-amd64 JRE (20.0.1+9-29), built on 2023-03-07T13:56:11Z by "mach5one" with MS VC++ 17.1 (VS2022)

END.
