#
# There is insufficient memory for the Java Runtime Environment to continue.
# Native memory allocation (malloc) failed to allocate 1048592 bytes for Chunk::new
# Possible reasons:
#   The system is out of physical RAM or swap space
#   The process is running with CompressedOops enabled, and the Java Heap may be blocking the growth of the native heap
# Possible solutions:
#   Reduce memory load on the system
#   Increase physical memory or swap space
#   Check if swap backing store is full
#   Decrease Java heap size (-Xmx/-Xms)
#   Decrease number of Java threads
#   Decrease Java thread stack sizes (-Xss)
#   Set larger code cache with -XX:ReservedCodeCacheSize=
#   JVM is running with Unscaled Compressed Oops mode in which the Java heap is
#     placed in the first 4GB address space. The Java Heap base address is the
#     maximum limit for the native heap growth. Please use -XX:HeapBaseMinAddress
#     to set the Java Heap base and to place the Java Heap above 4GB virtual address.
# This output file may be truncated or incomplete.
#
#  Out of Memory Error (arena.cpp:184), pid=3176, tid=17716
#
# JRE version: OpenJDK Runtime Environment (20.0.1+9) (build 20.0.1+9-29)
# Java VM: OpenJDK 64-Bit Server VM (20.0.1+9-29, mixed mode, sharing, tiered, compressed oops, compressed class ptrs, g1 gc, windows-amd64)
# No core dump will be written. Minidumps are not enabled by default on client versions of Windows
#

---------------  S U M M A R Y ------------

Command Line: -Dmaven.multiModuleProjectDirectory=D:\Marketer -Djansi.passthrough=true -Dmaven.home=C:\Users\hp\.m2\wrapper\dists\apache-maven-3.8.7-bin\1ktonn2lleg549uah6ngl1r74r\apache-maven-3.8.7 -Dclassworlds.conf=C:\Users\hp\.m2\wrapper\dists\apache-maven-3.8.7-bin\1ktonn2lleg549uah6ngl1r74r\apache-maven-3.8.7\bin\m2.conf -Dmaven.ext.class.path=C:\Users\hp\IntelliJ IDEA Community Edition 2023.1\plugins\maven\lib\maven-event-listener.jar -javaagent:C:\Users\hp\IntelliJ IDEA Community Edition 2023.1\lib\idea_rt.jar=52491:C:\Users\hp\IntelliJ IDEA Community Edition 2023.1\bin -Dfile.encoding=UTF-8 -Dsun.stdout.encoding=UTF-8 -Dsun.stderr.encoding=UTF-8 org.codehaus.classworlds.Launcher -Didea.version=2023.1 install

Host: Intel(R) Core(TM) i5-10210U CPU @ 1.60GHz, 8 cores, 7G,  Windows 10 , 64 bit Build 19041 (10.0.19041.2546)
Time: Sat Apr 22 16:19:55 2023 Pacific Daylight Time elapsed time: 59.049398 seconds (0d 0h 0m 59s)

---------------  T H R E A D  ---------------

Current thread (0x0000025efc5e1900):  JavaThread "C2 CompilerThread0" daemon [_thread_in_native, id=17716, stack(0x000000da82800000,0x000000da82900000)]


Current CompileTask:
C2:  59049 7108       4       org.codehaus.plexus.classworlds.realm.ClassRealm::loadClass (7 bytes)

Stack: [0x000000da82800000,0x000000da82900000]
Native frames: (J=compiled Java code, j=interpreted, Vv=VM code, C=native code)
V  [jvm.dll+0x6bb95a]
V  [jvm.dll+0x8485fa]
V  [jvm.dll+0x84a1f5]
V  [jvm.dll+0x84a8f3]
V  [jvm.dll+0x280b0f]
V  [jvm.dll+0xc2b11]
V  [jvm.dll+0xc2e35]
V  [jvm.dll+0xc2c34]
V  [jvm.dll+0x143bc6]
V  [jvm.dll+0x708069]
V  [jvm.dll+0x707521]
V  [jvm.dll+0x1e6d41]
V  [jvm.dll+0x24b3ab]
V  [jvm.dll+0x24a651]
V  [jvm.dll+0x1ce491]
V  [jvm.dll+0x259e1b]
V  [jvm.dll+0x2584f0]
V  [jvm.dll+0x3f2895]
V  [jvm.dll+0x7f4b56]
V  [jvm.dll+0x6ba5cb]
C  [ucrtbase.dll+0x21bb2]
C  [KERNEL32.DLL+0x17614]
C  [ntdll.dll+0x526a1]


---------------  P R O C E S S  ---------------

Threads class SMR info:
_java_thread_list=0x0000025efedef5c0, length=12, elements={
0x0000025eeec966f0, 0x0000025efc5d84e0, 0x0000025efc5d92e0, 0x0000025efc5dd6a0,
0x0000025efc5df790, 0x0000025efc5e00d0, 0x0000025efc5e0a10, 0x0000025efc5e1900,
0x0000025efc5e2a20, 0x0000025efc7f6de0, 0x0000025efc956600, 0x0000025efc956b50
}

Java Threads: ( => current thread )
  0x0000025eeec966f0 JavaThread "main" [_thread_in_native, id=16264, stack(0x000000da81b00000,0x000000da81c00000)]
  0x0000025efc5d84e0 JavaThread "Reference Handler" daemon [_thread_blocked, id=1832, stack(0x000000da82200000,0x000000da82300000)]
  0x0000025efc5d92e0 JavaThread "Finalizer" daemon [_thread_blocked, id=12656, stack(0x000000da82300000,0x000000da82400000)]
  0x0000025efc5dd6a0 JavaThread "Signal Dispatcher" daemon [_thread_blocked, id=9620, stack(0x000000da82400000,0x000000da82500000)]
  0x0000025efc5df790 JavaThread "Attach Listener" daemon [_thread_blocked, id=11608, stack(0x000000da82500000,0x000000da82600000)]
  0x0000025efc5e00d0 JavaThread "Service Thread" daemon [_thread_blocked, id=17440, stack(0x000000da82600000,0x000000da82700000)]
  0x0000025efc5e0a10 JavaThread "Monitor Deflation Thread" daemon [_thread_blocked, id=13272, stack(0x000000da82700000,0x000000da82800000)]
=>0x0000025efc5e1900 JavaThread "C2 CompilerThread0" daemon [_thread_in_native, id=17716, stack(0x000000da82800000,0x000000da82900000)]
  0x0000025efc5e2a20 JavaThread "C1 CompilerThread0" daemon [_thread_blocked, id=13368, stack(0x000000da82900000,0x000000da82a00000)]
  0x0000025efc7f6de0 JavaThread "Common-Cleaner" daemon [_thread_blocked, id=7380, stack(0x000000da82a00000,0x000000da82b00000)]
  0x0000025efc956600 JavaThread "Monitor Ctrl-Break" daemon [_thread_in_native, id=16484, stack(0x000000da82b00000,0x000000da82c00000)]
  0x0000025efc956b50 JavaThread "Notification Thread" daemon [_thread_blocked, id=16376, stack(0x000000da82c00000,0x000000da82d00000)]

Other Threads:
  0x0000025efc5bad90 VMThread "VM Thread" [stack: 0x000000da82100000,0x000000da82200000] [id=19128]
  0x0000025efc9570a0 WatcherThread "VM Periodic Task Thread" [stack: 0x000000da82d00000,0x000000da82e00000] [id=19904]
  0x0000025eeecf28d0 WorkerThread "GC Thread#0" [stack: 0x000000da81c00000,0x000000da81d00000] [id=16092]
  0x0000025efd13d9d0 WorkerThread "GC Thread#1" [stack: 0x000000da83000000,0x000000da83100000] [id=6624]
  0x0000025efd13d160 WorkerThread "GC Thread#2" [stack: 0x000000da83100000,0x000000da83200000] [id=7844]
  0x0000025efd13c350 WorkerThread "GC Thread#3" [stack: 0x000000da83200000,0x000000da83300000] [id=19184]
  0x0000025efd13dca0 WorkerThread "GC Thread#4" [stack: 0x000000da83300000,0x000000da83400000] [id=19648]
  0x0000025efd13c080 WorkerThread "GC Thread#5" [stack: 0x000000da83400000,0x000000da83500000] [id=12596]
  0x0000025efd13c620 WorkerThread "GC Thread#6" [stack: 0x000000da83500000,0x000000da83600000] [id=15372]
  0x0000025efd13d700 WorkerThread "GC Thread#7" [stack: 0x000000da83600000,0x000000da83700000] [id=16424]
  0x0000025eeed031e0 ConcurrentGCThread "G1 Main Marker" [stack: 0x000000da81d00000,0x000000da81e00000] [id=15008]
  0x0000025eeed05560 WorkerThread "G1 Conc#0" [stack: 0x000000da81e00000,0x000000da81f00000] [id=10192]
  0x0000025efe024aa0 WorkerThread "G1 Conc#1" [stack: 0x000000da82e00000,0x000000da82f00000] [id=7484]
  0x0000025eeed5ec20 ConcurrentGCThread "G1 Refine#0" [stack: 0x000000da81f00000,0x000000da82000000] [id=17008]
  0x0000025efc478c40 ConcurrentGCThread "G1 Service" [stack: 0x000000da82000000,0x000000da82100000] [id=18812]

Threads with active compile tasks:
C2 CompilerThread0    59999 7108       4       org.codehaus.plexus.classworlds.realm.ClassRealm::loadClass (7 bytes)

VM state: not at safepoint (normal execution)

VM Mutex/Monitor currently owned by a thread: None

Heap address: 0x0000000083000000, size: 2000 MB, Compressed Oops mode: 32-bit

CDS archive(s) mapped at: [0x0000000800000000-0x0000000800c60000-0x0000000800c60000), size 12976128, SharedBaseAddress: 0x0000000800000000, ArchiveRelocationMode: 0.
Compressed class space mapped at: 0x0000000801000000-0x0000000841000000, reserved size: 1073741824
Narrow klass base: 0x0000000800000000, Narrow klass shift: 0, Narrow klass range: 0x100000000

GC Precious Log:
 CardTable entry size: 512
 Card Set container configuration: InlinePtr #cards 5 size 8 Array Of Cards #cards 12 size 40 Howl #buckets 4 coarsen threshold 1843 Howl Bitmap #cards 512 size 80 coarsen threshold 460 Card regions per heap region 1 cards per card region 2048
 CPUs: 8 total, 8 available
 Memory: 7996M
 Large Page Support: Disabled
 NUMA Support: Disabled
 Compressed Oops: Enabled (32-bit)
 Heap Region Size: 1M
 Heap Min Capacity: 8M
 Heap Initial Capacity: 126M
 Heap Max Capacity: 2000M
 Pre-touch: Disabled
 Parallel Workers: 8
 Concurrent Workers: 2
 Concurrent Refinement Workers: 8
 Periodic GC: Disabled

Heap:
 garbage-first heap   total 93184K, used 34586K [0x0000000083000000, 0x0000000100000000)
  region size 1024K, 6 young (6144K), 5 survivors (5120K)
 Metaspace       used 31622K, committed 32256K, reserved 1114112K
  class space    used 3513K, committed 3840K, reserved 1048576K

Heap Regions: E=young(eden), S=young(survivor), O=old, HS=humongous(starts), HC=humongous(continues), CS=collection set, F=free, OA=open archive, CA=closed archive, TAMS=top-at-mark-start, PB=parsable bottom
|   0|0x0000000083000000, 0x0000000083100000, 0x0000000083100000|100%| O|  |TAMS 0x0000000083000000| PB 0x0000000083000000| Untracked 
|   1|0x0000000083100000, 0x0000000083200000, 0x0000000083200000|100%| O|  |TAMS 0x0000000083100000| PB 0x0000000083100000| Untracked 
|   2|0x0000000083200000, 0x0000000083300000, 0x0000000083300000|100%| O|  |TAMS 0x0000000083200000| PB 0x0000000083200000| Untracked 
|   3|0x0000000083300000, 0x0000000083400000, 0x0000000083400000|100%| O|  |TAMS 0x0000000083300000| PB 0x0000000083300000| Untracked 
|   4|0x0000000083400000, 0x0000000083400000, 0x0000000083500000|  0%| F|  |TAMS 0x0000000083400000| PB 0x0000000083400000| Untracked 
|   5|0x0000000083500000, 0x0000000083600000, 0x0000000083600000|100%| O|  |TAMS 0x0000000083500000| PB 0x0000000083500000| Untracked 
|   6|0x0000000083600000, 0x0000000083700000, 0x0000000083700000|100%| O|  |TAMS 0x0000000083600000| PB 0x0000000083600000| Untracked 
|   7|0x0000000083700000, 0x0000000083800000, 0x0000000083800000|100%| O|  |TAMS 0x0000000083700000| PB 0x0000000083700000| Untracked 
|   8|0x0000000083800000, 0x0000000083900000, 0x0000000083900000|100%| O|  |TAMS 0x0000000083800000| PB 0x0000000083800000| Untracked 
|   9|0x0000000083900000, 0x0000000083a00000, 0x0000000083a00000|100%| O|  |TAMS 0x0000000083900000| PB 0x0000000083900000| Untracked 
|  10|0x0000000083a00000, 0x0000000083b00000, 0x0000000083b00000|100%| O|  |TAMS 0x0000000083a00000| PB 0x0000000083a00000| Untracked 
|  11|0x0000000083b00000, 0x0000000083c00000, 0x0000000083c00000|100%| O|  |TAMS 0x0000000083b00000| PB 0x0000000083b00000| Untracked 
|  12|0x0000000083c00000, 0x0000000083cfca00, 0x0000000083d00000| 98%| O|  |TAMS 0x0000000083c00000| PB 0x0000000083c00000| Untracked 
|  13|0x0000000083d00000, 0x0000000083d00000, 0x0000000083e00000|  0%| F|  |TAMS 0x0000000083d00000| PB 0x0000000083d00000| Untracked 
|  14|0x0000000083e00000, 0x0000000083f00000, 0x0000000083f00000|100%|HS|  |TAMS 0x0000000083e00000| PB 0x0000000083e00000| Complete 
|  15|0x0000000083f00000, 0x0000000084000000, 0x0000000084000000|100%| O|  |TAMS 0x0000000083f00000| PB 0x0000000083f00000| Untracked 
|  16|0x0000000084000000, 0x0000000084000000, 0x0000000084100000|  0%| F|  |TAMS 0x0000000084000000| PB 0x0000000084000000| Untracked 
|  17|0x0000000084100000, 0x0000000084100000, 0x0000000084200000|  0%| F|  |TAMS 0x0000000084100000| PB 0x0000000084100000| Untracked 
|  18|0x0000000084200000, 0x0000000084200000, 0x0000000084300000|  0%| F|  |TAMS 0x0000000084200000| PB 0x0000000084200000| Untracked 
|  19|0x0000000084300000, 0x0000000084400000, 0x0000000084400000|100%| O|  |TAMS 0x0000000084300000| PB 0x0000000084300000| Untracked 
|  20|0x0000000084400000, 0x0000000084500000, 0x0000000084500000|100%| O|  |TAMS 0x0000000084400000| PB 0x0000000084400000| Untracked 
|  21|0x0000000084500000, 0x0000000084600000, 0x0000000084600000|100%| O|  |TAMS 0x0000000084500000| PB 0x0000000084500000| Untracked 
|  22|0x0000000084600000, 0x0000000084600000, 0x0000000084700000|  0%| F|  |TAMS 0x0000000084600000| PB 0x0000000084600000| Untracked 
|  23|0x0000000084700000, 0x0000000084700000, 0x0000000084800000|  0%| F|  |TAMS 0x0000000084700000| PB 0x0000000084700000| Untracked 
|  24|0x0000000084800000, 0x0000000084900000, 0x0000000084900000|100%| O|  |TAMS 0x0000000084800000| PB 0x0000000084800000| Untracked 
|  25|0x0000000084900000, 0x0000000084a00000, 0x0000000084a00000|100%| O|  |TAMS 0x0000000084900000| PB 0x0000000084900000| Untracked 
|  26|0x0000000084a00000, 0x0000000084b00000, 0x0000000084b00000|100%| O|  |TAMS 0x0000000084a00000| PB 0x0000000084a00000| Untracked 
|  27|0x0000000084b00000, 0x0000000084b76200, 0x0000000084c00000| 46%| O|  |TAMS 0x0000000084b00000| PB 0x0000000084b00000| Untracked 
|  28|0x0000000084c00000, 0x0000000084c00000, 0x0000000084d00000|  0%| F|  |TAMS 0x0000000084c00000| PB 0x0000000084c00000| Untracked 
|  29|0x0000000084d00000, 0x0000000084e00000, 0x0000000084e00000|100%| O|  |TAMS 0x0000000084d00000| PB 0x0000000084d00000| Untracked 
|  30|0x0000000084e00000, 0x0000000084f00000, 0x0000000084f00000|100%| O|  |TAMS 0x0000000084e00000| PB 0x0000000084e00000| Untracked 
|  31|0x0000000084f00000, 0x0000000084f00000, 0x0000000085000000|  0%| F|  |TAMS 0x0000000084f00000| PB 0x0000000084f00000| Untracked 
|  32|0x0000000085000000, 0x0000000085000000, 0x0000000085100000|  0%| F|  |TAMS 0x0000000085000000| PB 0x0000000085000000| Untracked 
|  33|0x0000000085100000, 0x0000000085100000, 0x0000000085200000|  0%| F|  |TAMS 0x0000000085100000| PB 0x0000000085100000| Untracked 
|  34|0x0000000085200000, 0x0000000085200000, 0x0000000085300000|  0%| F|  |TAMS 0x0000000085200000| PB 0x0000000085200000| Untracked 
|  35|0x0000000085300000, 0x0000000085353ff0, 0x0000000085400000| 32%| S|CS|TAMS 0x0000000085300000| PB 0x0000000085300000| Complete 
|  36|0x0000000085400000, 0x0000000085500000, 0x0000000085500000|100%| S|CS|TAMS 0x0000000085400000| PB 0x0000000085400000| Complete 
|  37|0x0000000085500000, 0x0000000085600000, 0x0000000085600000|100%| S|CS|TAMS 0x0000000085500000| PB 0x0000000085500000| Complete 
|  38|0x0000000085600000, 0x0000000085700000, 0x0000000085700000|100%| S|CS|TAMS 0x0000000085600000| PB 0x0000000085600000| Complete 
|  39|0x0000000085700000, 0x0000000085800000, 0x0000000085800000|100%| S|CS|TAMS 0x0000000085700000| PB 0x0000000085700000| Complete 
|  40|0x0000000085800000, 0x0000000085800000, 0x0000000085900000|  0%| F|  |TAMS 0x0000000085800000| PB 0x0000000085800000| Untracked 
|  41|0x0000000085900000, 0x0000000085900000, 0x0000000085a00000|  0%| F|  |TAMS 0x0000000085900000| PB 0x0000000085900000| Untracked 
|  42|0x0000000085a00000, 0x0000000085a00000, 0x0000000085b00000|  0%| F|  |TAMS 0x0000000085a00000| PB 0x0000000085a00000| Untracked 
|  43|0x0000000085b00000, 0x0000000085b00000, 0x0000000085c00000|  0%| F|  |TAMS 0x0000000085b00000| PB 0x0000000085b00000| Untracked 
|  44|0x0000000085c00000, 0x0000000085c00000, 0x0000000085d00000|  0%| F|  |TAMS 0x0000000085c00000| PB 0x0000000085c00000| Untracked 
|  45|0x0000000085d00000, 0x0000000085d00000, 0x0000000085e00000|  0%| F|  |TAMS 0x0000000085d00000| PB 0x0000000085d00000| Untracked 
|  46|0x0000000085e00000, 0x0000000085e00000, 0x0000000085f00000|  0%| F|  |TAMS 0x0000000085e00000| PB 0x0000000085e00000| Untracked 
|  47|0x0000000085f00000, 0x0000000085f00000, 0x0000000086000000|  0%| F|  |TAMS 0x0000000085f00000| PB 0x0000000085f00000| Untracked 
|  48|0x0000000086000000, 0x0000000086000000, 0x0000000086100000|  0%| F|  |TAMS 0x0000000086000000| PB 0x0000000086000000| Untracked 
|  49|0x0000000086100000, 0x0000000086100000, 0x0000000086200000|  0%| F|  |TAMS 0x0000000086100000| PB 0x0000000086100000| Untracked 
|  50|0x0000000086200000, 0x0000000086200000, 0x0000000086300000|  0%| F|  |TAMS 0x0000000086200000| PB 0x0000000086200000| Untracked 
|  51|0x0000000086300000, 0x0000000086300000, 0x0000000086400000|  0%| F|  |TAMS 0x0000000086300000| PB 0x0000000086300000| Untracked 
|  52|0x0000000086400000, 0x0000000086400000, 0x0000000086500000|  0%| F|  |TAMS 0x0000000086400000| PB 0x0000000086400000| Untracked 
|  53|0x0000000086500000, 0x0000000086500000, 0x0000000086600000|  0%| F|  |TAMS 0x0000000086500000| PB 0x0000000086500000| Untracked 
|  54|0x0000000086600000, 0x0000000086600000, 0x0000000086700000|  0%| F|  |TAMS 0x0000000086600000| PB 0x0000000086600000| Untracked 
|  55|0x0000000086700000, 0x0000000086700000, 0x0000000086800000|  0%| F|  |TAMS 0x0000000086700000| PB 0x0000000086700000| Untracked 
|  56|0x0000000086800000, 0x0000000086800000, 0x0000000086900000|  0%| F|  |TAMS 0x0000000086800000| PB 0x0000000086800000| Untracked 
|  57|0x0000000086900000, 0x0000000086900000, 0x0000000086a00000|  0%| F|  |TAMS 0x0000000086900000| PB 0x0000000086900000| Untracked 
|  58|0x0000000086a00000, 0x0000000086a00000, 0x0000000086b00000|  0%| F|  |TAMS 0x0000000086a00000| PB 0x0000000086a00000| Untracked 
|  59|0x0000000086b00000, 0x0000000086b00000, 0x0000000086c00000|  0%| F|  |TAMS 0x0000000086b00000| PB 0x0000000086b00000| Untracked 
|  60|0x0000000086c00000, 0x0000000086c00000, 0x0000000086d00000|  0%| F|  |TAMS 0x0000000086c00000| PB 0x0000000086c00000| Untracked 
|  61|0x0000000086d00000, 0x0000000086d00000, 0x0000000086e00000|  0%| F|  |TAMS 0x0000000086d00000| PB 0x0000000086d00000| Untracked 
|  62|0x0000000086e00000, 0x0000000086e00000, 0x0000000086f00000|  0%| F|  |TAMS 0x0000000086e00000| PB 0x0000000086e00000| Untracked 
|  63|0x0000000086f00000, 0x0000000086f00000, 0x0000000087000000|  0%| F|  |TAMS 0x0000000086f00000| PB 0x0000000086f00000| Untracked 
|  64|0x0000000087000000, 0x0000000087000000, 0x0000000087100000|  0%| F|  |TAMS 0x0000000087000000| PB 0x0000000087000000| Untracked 
|  65|0x0000000087100000, 0x0000000087100000, 0x0000000087200000|  0%| F|  |TAMS 0x0000000087100000| PB 0x0000000087100000| Untracked 
|  66|0x0000000087200000, 0x0000000087200000, 0x0000000087300000|  0%| F|  |TAMS 0x0000000087200000| PB 0x0000000087200000| Untracked 
|  67|0x0000000087300000, 0x0000000087300000, 0x0000000087400000|  0%| F|  |TAMS 0x0000000087300000| PB 0x0000000087300000| Untracked 
|  68|0x0000000087400000, 0x0000000087400000, 0x0000000087500000|  0%| F|  |TAMS 0x0000000087400000| PB 0x0000000087400000| Untracked 
|  69|0x0000000087500000, 0x0000000087500000, 0x0000000087600000|  0%| F|  |TAMS 0x0000000087500000| PB 0x0000000087500000| Untracked 
|  70|0x0000000087600000, 0x0000000087600000, 0x0000000087700000|  0%| F|  |TAMS 0x0000000087600000| PB 0x0000000087600000| Untracked 
|  71|0x0000000087700000, 0x0000000087700000, 0x0000000087800000|  0%| F|  |TAMS 0x0000000087700000| PB 0x0000000087700000| Untracked 
|  72|0x0000000087800000, 0x0000000087800000, 0x0000000087900000|  0%| F|  |TAMS 0x0000000087800000| PB 0x0000000087800000| Untracked 
|  73|0x0000000087900000, 0x0000000087900000, 0x0000000087a00000|  0%| F|  |TAMS 0x0000000087900000| PB 0x0000000087900000| Untracked 
|  74|0x0000000087a00000, 0x0000000087a00000, 0x0000000087b00000|  0%| F|  |TAMS 0x0000000087a00000| PB 0x0000000087a00000| Untracked 
|  75|0x0000000087b00000, 0x0000000087b00000, 0x0000000087c00000|  0%| F|  |TAMS 0x0000000087b00000| PB 0x0000000087b00000| Untracked 
|  76|0x0000000087c00000, 0x0000000087c00000, 0x0000000087d00000|  0%| F|  |TAMS 0x0000000087c00000| PB 0x0000000087c00000| Untracked 
|  82|0x0000000088200000, 0x0000000088200000, 0x0000000088300000|  0%| F|  |TAMS 0x0000000088200000| PB 0x0000000088200000| Untracked 
|  83|0x0000000088300000, 0x0000000088300000, 0x0000000088400000|  0%| F|  |TAMS 0x0000000088300000| PB 0x0000000088300000| Untracked 
|  84|0x0000000088400000, 0x0000000088400000, 0x0000000088500000|  0%| F|  |TAMS 0x0000000088400000| PB 0x0000000088400000| Untracked 
|  85|0x0000000088500000, 0x0000000088500000, 0x0000000088600000|  0%| F|  |TAMS 0x0000000088500000| PB 0x0000000088500000| Untracked 
| 125|0x000000008ad00000, 0x000000008ad00000, 0x000000008ae00000|  0%| F|  |TAMS 0x000000008ad00000| PB 0x000000008ad00000| Untracked 
|1991|0x00000000ff700000, 0x00000000ff800000, 0x00000000ff800000|100%| O|  |TAMS 0x00000000ff700000| PB 0x00000000ff700000| Untracked 
|1992|0x00000000ff800000, 0x00000000ff900000, 0x00000000ff900000|100%| O|  |TAMS 0x00000000ff800000| PB 0x00000000ff800000| Untracked 
|1993|0x00000000ff900000, 0x00000000ffa00000, 0x00000000ffa00000|100%| O|  |TAMS 0x00000000ff900000| PB 0x00000000ff900000| Untracked 
|1994|0x00000000ffa00000, 0x00000000ffa00000, 0x00000000ffb00000|  0%| F|  |TAMS 0x00000000ffa00000| PB 0x00000000ffa00000| Untracked 
|1995|0x00000000ffb00000, 0x00000000ffc00000, 0x00000000ffc00000|100%| O|  |TAMS 0x00000000ffb00000| PB 0x00000000ffb00000| Untracked 
|1996|0x00000000ffc00000, 0x00000000ffd00000, 0x00000000ffd00000|100%| O|  |TAMS 0x00000000ffc00000| PB 0x00000000ffc00000| Untracked 
|1997|0x00000000ffd00000, 0x00000000ffe00000, 0x00000000ffe00000|100%| O|  |TAMS 0x00000000ffd00000| PB 0x00000000ffd00000| Untracked 
|1998|0x00000000ffe00000, 0x00000000fff00000, 0x00000000fff00000|100%| E|  |TAMS 0x00000000ffe00000| PB 0x00000000ffe00000| Complete 
|1999|0x00000000fff00000, 0x0000000100000000, 0x0000000100000000|100%| O|  |TAMS 0x00000000fff00000| PB 0x00000000fff00000| Untracked 

Card table byte_map: [0x0000025ef7480000,0x0000025ef7870000] _byte_map_base: 0x0000025ef7068000

Marking Bits: (CMBitMap*) 0x0000025eeecf2f00
 Bits: [0x0000025ef7c60000, 0x0000025ef9ba0000)

Polling page: 0x0000025eecc10000

Metaspace:

Usage:
  Non-class:     27.45 MB used.
      Class:      3.43 MB used.
       Both:     30.88 MB used.

Virtual space:
  Non-class space:       64.00 MB reserved,      27.75 MB ( 43%) committed,  1 nodes.
      Class space:        1.00 GB reserved,       3.75 MB ( <1%) committed,  1 nodes.
             Both:        1.06 GB reserved,      31.50 MB (  3%) committed. 

Chunk freelists:
   Non-Class:  16.00 KB
       Class:  302.00 KB
        Both:  318.00 KB

MaxMetaspaceSize: unlimited
CompressedClassSpaceSize: 1.00 GB
Initial GC threshold: 21.00 MB
Current GC threshold: 47.12 MB
CDS: on
MetaspaceReclaimPolicy: balanced
 - commit_granule_bytes: 65536.
 - commit_granule_words: 8192.
 - virtual_space_node_default_size: 8388608.
 - enlarge_chunks_in_place: 1.
 - new_chunks_are_fully_committed: 0.
 - uncommit_free_chunks: 1.
 - use_allocation_guard: 0.


Internal statistics:

num_allocs_failed_limit: 3.
num_arena_births: 614.
num_arena_deaths: 0.
num_vsnodes_births: 2.
num_vsnodes_deaths: 0.
num_space_committed: 504.
num_space_uncommitted: 0.
num_chunks_returned_to_freelist: 3.
num_chunks_taken_from_freelist: 1753.
num_chunk_merges: 3.
num_chunk_splits: 1245.
num_chunks_enlarged: 937.
num_inconsistent_stats: 0.

CodeHeap 'non-profiled nmethods': size=120000Kb used=3780Kb max_used=3805Kb free=116219Kb
 bounds [0x0000025e87ad0000, 0x0000025e87ea0000, 0x0000025e8f000000]
CodeHeap 'profiled nmethods': size=120000Kb used=13629Kb max_used=14051Kb free=106371Kb
 bounds [0x0000025e80000000, 0x0000025e80dc0000, 0x0000025e87530000]
CodeHeap 'non-nmethods': size=5760Kb used=1565Kb max_used=1635Kb free=4194Kb
 bounds [0x0000025e87530000, 0x0000025e877a0000, 0x0000025e87ad0000]
 total_blobs=7061 nmethods=6482 adapters=489
 compilation: enabled
              stopped_count=0, restarted_count=0
 full_count=0

Compilation events (20 events):
Event: 57.277 Thread 0x0000025efc5e2a20 7142       3       java.lang.invoke.InvokerBytecodeGenerator::classData (170 bytes)
Event: 57.278 Thread 0x0000025efc5e2a20 nmethod 7142 0x0000025e80248e10 code [0x0000025e80249080, 0x0000025e80249d38]
Event: 57.279 Thread 0x0000025efc5e2a20 7145       3       java.lang.invoke.LambdaForm::arguments (47 bytes)
Event: 57.280 Thread 0x0000025efc5e2a20 nmethod 7145 0x0000025e8040fa90 code [0x0000025e8040fca0, 0x0000025e80410520]
Event: 57.280 Thread 0x0000025efc5e2a20 7149       3       java.lang.invoke.LambdaForm$Name::withConstraint (20 bytes)
Event: 57.280 Thread 0x0000025efc5e2a20 nmethod 7149 0x0000025e802b4290 code [0x0000025e802b4420, 0x0000025e802b4638]
Event: 57.281 Thread 0x0000025efc5e2a20 7150       3       java.lang.invoke.InvokerBytecodeGenerator::<init> (126 bytes)
Event: 57.284 Thread 0x0000025efc5e2a20 nmethod 7150 0x0000025e80434510 code [0x0000025e804347e0, 0x0000025e80435878]
Event: 57.284 Thread 0x0000025efc5e2a20 7155       3       java.lang.invoke.LambdaFormBuffer::endEdit (313 bytes)
Event: 57.286 Thread 0x0000025efc5e2a20 nmethod 7155 0x0000025e8039fe90 code [0x0000025e803a00e0, 0x0000025e803a0ed0]
Event: 57.286 Thread 0x0000025efc5e2a20 7157       3       jdk.internal.org.objectweb.asm.ClassWriter::visitEnd (1 bytes)
Event: 57.286 Thread 0x0000025efc5e2a20 nmethod 7157 0x0000025e80091710 code [0x0000025e800918a0, 0x0000025e800919b0]
Event: 57.291 Thread 0x0000025efc5e2a20 7158       3       jdk.internal.org.objectweb.asm.MethodVisitor::visitFieldInsn (20 bytes)
Event: 57.292 Thread 0x0000025efc5e2a20 nmethod 7158 0x0000025e80248990 code [0x0000025e80248b20, 0x0000025e80248d28]
Event: 57.293 Thread 0x0000025efc5e2a20 7159       3       jdk.internal.org.objectweb.asm.MethodVisitor::visitMethodInsn (80 bytes)
Event: 57.294 Thread 0x0000025efc5e2a20 nmethod 7159 0x0000025e8040f290 code [0x0000025e8040f460, 0x0000025e8040f928]
Event: 58.013 Thread 0x0000025efc5e2a20 7160       3       java.util.jar.Attributes$Name::<init> (22 bytes)
Event: 58.014 Thread 0x0000025efc5e2a20 nmethod 7160 0x0000025e80434010 code [0x0000025e804341c0, 0x0000025e80434408]
Event: 58.018 Thread 0x0000025efc5e2a20 7161       3       java.io.ByteArrayOutputStream::<init> (7 bytes)
Event: 58.019 Thread 0x0000025efc5e2a20 nmethod 7161 0x0000025e80509990 code [0x0000025e80509b20, 0x0000025e80509c60]

GC Heap History (20 events):
Event: 1.162 GC heap before
{Heap before GC invocations=0 (full 0):
 garbage-first heap   total 129024K, used 23552K [0x0000000083000000, 0x0000000100000000)
  region size 1024K, 23 young (23552K), 0 survivors (0K)
 Metaspace       used 5320K, committed 5440K, reserved 1114112K
  class space    used 601K, committed 640K, reserved 1048576K
}
Event: 1.172 GC heap after
{Heap after GC invocations=1 (full 0):
 garbage-first heap   total 129024K, used 3669K [0x0000000083000000, 0x0000000100000000)
  region size 1024K, 3 young (3072K), 3 survivors (3072K)
 Metaspace       used 5320K, committed 5440K, reserved 1114112K
  class space    used 601K, committed 640K, reserved 1048576K
}
Event: 2.380 GC heap before
{Heap before GC invocations=1 (full 0):
 garbage-first heap   total 129024K, used 34389K [0x0000000083000000, 0x0000000100000000)
  region size 1024K, 33 young (33792K), 3 survivors (3072K)
 Metaspace       used 10398K, committed 10624K, reserved 1114112K
  class space    used 1244K, committed 1344K, reserved 1048576K
}
Event: 2.389 GC heap after
{Heap after GC invocations=2 (full 0):
 garbage-first heap   total 129024K, used 5872K [0x0000000083000000, 0x0000000100000000)
  region size 1024K, 3 young (3072K), 3 survivors (3072K)
 Metaspace       used 10398K, committed 10624K, reserved 1114112K
  class space    used 1244K, committed 1344K, reserved 1048576K
}
Event: 11.202 GC heap before
{Heap before GC invocations=2 (full 0):
 garbage-first heap   total 129024K, used 79600K [0x0000000083000000, 0x0000000100000000)
  region size 1024K, 75 young (76800K), 3 survivors (3072K)
 Metaspace       used 13915K, committed 14208K, reserved 1114112K
  class space    used 1534K, committed 1664K, reserved 1048576K
}
Event: 11.246 GC heap after
{Heap after GC invocations=3 (full 0):
 garbage-first heap   total 129024K, used 13373K [0x0000000083000000, 0x0000000100000000)
  region size 1024K, 10 young (10240K), 10 survivors (10240K)
 Metaspace       used 13915K, committed 14208K, reserved 1114112K
  class space    used 1534K, committed 1664K, reserved 1048576K
}
Event: 23.076 GC heap before
{Heap before GC invocations=3 (full 0):
 garbage-first heap   total 129024K, used 53309K [0x0000000083000000, 0x0000000100000000)
  region size 1024K, 50 young (51200K), 10 survivors (10240K)
 Metaspace       used 21155K, committed 21504K, reserved 1114112K
  class space    used 2333K, committed 2496K, reserved 1048576K
}
Event: 23.111 GC heap after
{Heap after GC invocations=4 (full 0):
 garbage-first heap   total 129024K, used 15830K [0x0000000083000000, 0x0000000100000000)
  region size 1024K, 4 young (4096K), 4 survivors (4096K)
 Metaspace       used 21155K, committed 21504K, reserved 1114112K
  class space    used 2333K, committed 2496K, reserved 1048576K
}
Event: 25.522 GC heap before
{Heap before GC invocations=5 (full 0):
 garbage-first heap   total 58368K, used 57814K [0x0000000083000000, 0x0000000100000000)
  region size 1024K, 43 young (44032K), 4 survivors (4096K)
 Metaspace       used 23981K, committed 24384K, reserved 1114112K
  class space    used 2645K, committed 2816K, reserved 1048576K
}
Event: 25.562 GC heap after
{Heap after GC invocations=6 (full 0):
 garbage-first heap   total 74752K, used 30706K [0x0000000083000000, 0x0000000100000000)
  region size 1024K, 10 young (10240K), 10 survivors (10240K)
 Metaspace       used 23981K, committed 24384K, reserved 1114112K
  class space    used 2645K, committed 2816K, reserved 1048576K
}
Event: 27.064 GC heap before
{Heap before GC invocations=6 (full 0):
 garbage-first heap   total 74752K, used 59378K [0x0000000083000000, 0x0000000100000000)
  region size 1024K, 38 young (38912K), 10 survivors (10240K)
 Metaspace       used 25301K, committed 25728K, reserved 1114112K
  class space    used 2795K, committed 3008K, reserved 1048576K
}
Event: 27.104 GC heap after
{Heap after GC invocations=7 (full 0):
 garbage-first heap   total 75776K, used 35314K [0x0000000083000000, 0x0000000100000000)
  region size 1024K, 4 young (4096K), 4 survivors (4096K)
 Metaspace       used 25301K, committed 25728K, reserved 1114112K
  class space    used 2795K, committed 3008K, reserved 1048576K
}
Event: 28.516 GC heap before
{Heap before GC invocations=7 (full 0):
 garbage-first heap   total 75776K, used 61938K [0x0000000083000000, 0x0000000100000000)
  region size 1024K, 31 young (31744K), 4 survivors (4096K)
 Metaspace       used 27343K, committed 27840K, reserved 1114112K
  class space    used 3023K, committed 3264K, reserved 1048576K
}
Event: 28.532 GC heap after
{Heap after GC invocations=8 (full 0):
 garbage-first heap   total 75776K, used 35826K [0x0000000083000000, 0x0000000100000000)
  region size 1024K, 1 young (1024K), 1 survivors (1024K)
 Metaspace       used 27343K, committed 27840K, reserved 1114112K
  class space    used 3023K, committed 3264K, reserved 1048576K
}
Event: 36.931 GC heap before
{Heap before GC invocations=8 (full 0):
 garbage-first heap   total 75776K, used 64498K [0x0000000083000000, 0x0000000100000000)
  region size 1024K, 29 young (29696K), 1 survivors (1024K)
 Metaspace       used 28346K, committed 28864K, reserved 1114112K
  class space    used 3121K, committed 3392K, reserved 1048576K
}
Event: 36.945 GC heap after
{Heap after GC invocations=9 (full 0):
 garbage-first heap   total 75776K, used 36850K [0x0000000083000000, 0x0000000100000000)
  region size 1024K, 3 young (3072K), 3 survivors (3072K)
 Metaspace       used 28346K, committed 28864K, reserved 1114112K
  class space    used 3121K, committed 3392K, reserved 1048576K
}
Event: 42.693 GC heap before
{Heap before GC invocations=10 (full 0):
 garbage-first heap   total 88064K, used 88050K [0x0000000083000000, 0x0000000100000000)
  region size 1024K, 29 young (29696K), 3 survivors (3072K)
 Metaspace       used 30779K, committed 31360K, reserved 1114112K
  class space    used 3419K, committed 3712K, reserved 1048576K
}
Event: 42.708 GC heap after
{Heap after GC invocations=11 (full 0):
 garbage-first heap   total 93184K, used 38638K [0x0000000083000000, 0x0000000100000000)
  region size 1024K, 2 young (2048K), 2 survivors (2048K)
 Metaspace       used 30779K, committed 31360K, reserved 1114112K
  class space    used 3419K, committed 3712K, reserved 1048576K
}
Event: 58.467 GC heap before
{Heap before GC invocations=11 (full 0):
 garbage-first heap   total 93184K, used 80622K [0x0000000083000000, 0x0000000100000000)
  region size 1024K, 42 young (43008K), 2 survivors (2048K)
 Metaspace       used 31622K, committed 32256K, reserved 1114112K
  class space    used 3513K, committed 3840K, reserved 1048576K
}
Event: 58.481 GC heap after
{Heap after GC invocations=12 (full 0):
 garbage-first heap   total 93184K, used 34586K [0x0000000083000000, 0x0000000100000000)
  region size 1024K, 5 young (5120K), 5 survivors (5120K)
 Metaspace       used 31622K, committed 32256K, reserved 1114112K
  class space    used 3513K, committed 3840K, reserved 1048576K
}

Dll operation events (12 events):
Event: 0.007 Loaded shared library C:\Users\hp\.jdks\openjdk-20.0.1\bin\java.dll
Event: 0.018 Loaded shared library C:\Users\hp\.jdks\openjdk-20.0.1\bin\jsvml.dll
Event: 0.079 Loaded shared library C:\Users\hp\.jdks\openjdk-20.0.1\bin\zip.dll
Event: 0.082 Loaded shared library C:\Users\hp\.jdks\openjdk-20.0.1\bin\instrument.dll
Event: 0.088 Loaded shared library C:\Users\hp\.jdks\openjdk-20.0.1\bin\net.dll
Event: 0.091 Loaded shared library C:\Users\hp\.jdks\openjdk-20.0.1\bin\nio.dll
Event: 0.095 Loaded shared library C:\Users\hp\.jdks\openjdk-20.0.1\bin\zip.dll
Event: 0.109 Loaded shared library C:\Users\hp\IntelliJ IDEA Community Edition 2023.1\bin\breakgen64.dll
Event: 0.120 Loaded shared library C:\Users\hp\.jdks\openjdk-20.0.1\bin\extnet.dll
Event: 0.333 Loaded shared library C:\Users\hp\.jdks\openjdk-20.0.1\bin\jimage.dll
Event: 0.423 Loaded shared library C:\Users\hp\AppData\Local\Temp\jansi-2.4.0-3456e7998fd5bce5-jansi.dll
Event: 0.454 Loaded shared library C:\Users\hp\.jdks\openjdk-20.0.1\bin\verify.dll

Deoptimization events (20 events):
Event: 43.102 Thread 0x0000025eeec966f0 DEOPT PACKING pc=0x0000025e8057aa76 sp=0x000000da81bfca60
Event: 43.102 Thread 0x0000025eeec966f0 DEOPT UNPACKING pc=0x0000025e8759a4c2 sp=0x000000da81bfbf10 mode 0
Event: 45.033 Thread 0x0000025eeec966f0 DEOPT PACKING pc=0x0000025e800b35f4 sp=0x000000da81bfbe90
Event: 45.033 Thread 0x0000025eeec966f0 DEOPT UNPACKING pc=0x0000025e8759a4c2 sp=0x000000da81bfb3e8 mode 0
Event: 50.811 Thread 0x0000025eeec966f0 Uncommon trap: trap_request=0xffffff45 fr.pc=0x0000025e87b75a5c relative=0x0000000000001c9c
Event: 50.811 Thread 0x0000025eeec966f0 Uncommon trap: reason=unstable_if action=reinterpret pc=0x0000025e87b75a5c method=org.apache.maven.model.interpolation.StringVisitorModelInterpolator$ModelVisitor.visit(Lorg/apache/maven/model/Dependency;)V @ 159 c2
Event: 50.811 Thread 0x0000025eeec966f0 DEOPT PACKING pc=0x0000025e87b75a5c sp=0x000000da81bfd250
Event: 50.811 Thread 0x0000025eeec966f0 DEOPT UNPACKING pc=0x0000025e87599d22 sp=0x000000da81bfd208 mode 2
Event: 50.812 Thread 0x0000025eeec966f0 Uncommon trap: trap_request=0xffffff45 fr.pc=0x0000025e87c8d158 relative=0x0000000000001458
Event: 50.812 Thread 0x0000025eeec966f0 Uncommon trap: reason=unstable_if action=reinterpret pc=0x0000025e87c8d158 method=org.apache.maven.model.validation.DefaultModelValidator.validateEffectiveDependency(Lorg/apache/maven/model/building/ModelProblemCollector;Lorg/apache/maven/model/Dependency
Event: 50.812 Thread 0x0000025eeec966f0 DEOPT PACKING pc=0x0000025e87c8d158 sp=0x000000da81bfd2e0
Event: 50.812 Thread 0x0000025eeec966f0 DEOPT UNPACKING pc=0x0000025e87599d22 sp=0x000000da81bfd2b0 mode 2
Event: 51.248 Thread 0x0000025eeec966f0 DEOPT PACKING pc=0x0000025e80b2bcbe sp=0x000000da81bfddb0
Event: 51.248 Thread 0x0000025eeec966f0 DEOPT UNPACKING pc=0x0000025e8759a4c2 sp=0x000000da81bfd298 mode 0
Event: 55.204 Thread 0x0000025eeec966f0 DEOPT PACKING pc=0x0000025e80d89af5 sp=0x000000da81bfd440
Event: 55.205 Thread 0x0000025eeec966f0 DEOPT UNPACKING pc=0x0000025e8759a4c2 sp=0x000000da81bfca00 mode 0
Event: 56.827 Thread 0x0000025eeec966f0 Uncommon trap: trap_request=0xffffff76 fr.pc=0x0000025e87b0a2e8 relative=0x0000000000000948
Event: 56.827 Thread 0x0000025eeec966f0 Uncommon trap: reason=predicate action=maybe_recompile pc=0x0000025e87b0a2e8 method=java.util.TimSort.binarySort([Ljava/lang/Object;IIILjava/util/Comparator;)V @ 34 c2
Event: 56.827 Thread 0x0000025eeec966f0 DEOPT PACKING pc=0x0000025e87b0a2e8 sp=0x000000da81bfda40
Event: 56.827 Thread 0x0000025eeec966f0 DEOPT UNPACKING pc=0x0000025e87599d22 sp=0x000000da81bfd9f0 mode 2

Classes loaded (20 events):
Event: 41.034 Loading class java/util/concurrent/ConcurrentLinkedQueue$Itr
Event: 41.034 Loading class java/util/concurrent/ConcurrentLinkedQueue$Itr done
Event: 41.065 Loading class java/nio/StringCharBuffer
Event: 41.095 Loading class java/nio/StringCharBuffer done
Event: 41.156 Loading class java/util/concurrent/ConcurrentLinkedDeque$Itr
Event: 41.156 Loading class java/util/concurrent/ConcurrentLinkedDeque$AbstractItr
Event: 41.163 Loading class java/util/concurrent/ConcurrentLinkedDeque$AbstractItr done
Event: 41.163 Loading class java/util/concurrent/ConcurrentLinkedDeque$Itr done
Event: 56.945 Loading class javax/management/ReflectionException
Event: 56.945 Loading class javax/management/JMException
Event: 56.945 Loading class javax/management/JMException done
Event: 56.945 Loading class javax/management/ReflectionException done
Event: 56.946 Loading class javax/management/MBeanServerConnection
Event: 56.946 Loading class javax/management/MBeanServerConnection done
Event: 56.975 Loading class javax/management/InstanceNotFoundException
Event: 56.975 Loading class javax/management/OperationsException
Event: 56.975 Loading class javax/management/OperationsException done
Event: 56.975 Loading class javax/management/InstanceNotFoundException done
Event: 56.995 Loading class java/util/jar/JarOutputStream
Event: 57.035 Loading class java/util/jar/JarOutputStream done

Classes unloaded (0 events):
No events

Classes redefined (0 events):
No events

Internal exceptions (20 events):
Event: 28.832 Thread 0x0000025eeec966f0 Exception <a 'sun/nio/fs/WindowsException'{0x000000008821ce70}> (0x000000008821ce70) 
thrown [s\open\src\hotspot\share\prims\jni.cpp, line 519]
Event: 28.832 Thread 0x0000025eeec966f0 Exception <a 'sun/nio/fs/WindowsException'{0x000000008821d4e0}> (0x000000008821d4e0) 
thrown [s\open\src\hotspot\share\prims\jni.cpp, line 519]
Event: 28.832 Thread 0x0000025eeec966f0 Exception <a 'sun/nio/fs/WindowsException'{0x000000008821dbb8}> (0x000000008821dbb8) 
thrown [s\open\src\hotspot\share\prims\jni.cpp, line 519]
Event: 28.847 Thread 0x0000025eeec966f0 Exception <a 'sun/nio/fs/WindowsException'{0x000000008823fc08}> (0x000000008823fc08) 
thrown [s\open\src\hotspot\share\prims\jni.cpp, line 519]
Event: 28.848 Thread 0x0000025eeec966f0 Exception <a 'sun/nio/fs/WindowsException'{0x0000000088240290}> (0x0000000088240290) 
thrown [s\open\src\hotspot\share\prims\jni.cpp, line 519]
Event: 28.848 Thread 0x0000025eeec966f0 Exception <a 'sun/nio/fs/WindowsException'{0x00000000882409b0}> (0x00000000882409b0) 
thrown [s\open\src\hotspot\share\prims\jni.cpp, line 519]
Event: 28.848 Thread 0x0000025eeec966f0 Exception <a 'sun/nio/fs/WindowsException'{0x0000000088241098}> (0x0000000088241098) 
thrown [s\open\src\hotspot\share\prims\jni.cpp, line 519]
Event: 28.914 Thread 0x0000025eeec966f0 Exception <a 'sun/nio/fs/WindowsException'{0x0000000088250778}> (0x0000000088250778) 
thrown [s\open\src\hotspot\share\prims\jni.cpp, line 519]
Event: 28.914 Thread 0x0000025eeec966f0 Exception <a 'sun/nio/fs/WindowsException'{0x0000000088250de0}> (0x0000000088250de0) 
thrown [s\open\src\hotspot\share\prims\jni.cpp, line 519]
Event: 28.914 Thread 0x0000025eeec966f0 Exception <a 'sun/nio/fs/WindowsException'{0x0000000088251450}> (0x0000000088251450) 
thrown [s\open\src\hotspot\share\prims\jni.cpp, line 519]
Event: 28.915 Thread 0x0000025eeec966f0 Exception <a 'sun/nio/fs/WindowsException'{0x0000000088251b28}> (0x0000000088251b28) 
thrown [s\open\src\hotspot\share\prims\jni.cpp, line 519]
Event: 37.048 Thread 0x0000025eeec966f0 Implicit null exception at 0x0000025e87e00d51 to 0x0000025e87e00f44
Event: 37.215 Thread 0x0000025eeec966f0 Exception <a 'java/lang/NoSuchMethodError'{0x000000008849fcc0}: 'java.lang.String org.apache.maven.execution.MavenExecutionRequest.getFailureBehavior()'> (0x000000008849fcc0) 
thrown [s\open\src\hotspot\share\interpreter\linkResolver.cpp, line 869]
Event: 37.454 Thread 0x0000025efd6bab30 Exception <a 'java/lang/NoSuchMethodError'{0x000000008830cbe8}: 'java.lang.Object java.lang.invoke.DirectMethodHandle$Holder.invokeStatic(java.lang.Object, long, java.lang.Object)'> (0x000000008830cbe8) 
thrown [s\open\src\hotspot\share\interpreter\linkResolver.cpp, line 773]
Event: 37.455 Thread 0x0000025efd6bab30 Exception <a 'java/lang/NoSuchMethodError'{0x000000008830ff90}: 'java.lang.Object java.lang.invoke.DirectMethodHandle$Holder.invokeStaticInit(java.lang.Object, long, java.lang.Object)'> (0x000000008830ff90) 
thrown [s\open\src\hotspot\share\interpreter\linkResolver.cpp, line 773]
Event: 37.456 Thread 0x0000025efd6bab30 Exception <a 'java/lang/NoSuchMethodError'{0x0000000088315910}: 'java.lang.Object java.lang.invoke.DirectMethodHandle$Holder.newInvokeSpecial(java.lang.Object, long)'> (0x0000000088315910) 
thrown [s\open\src\hotspot\share\interpreter\linkResolver.cpp, line 773]
Event: 37.492 Thread 0x0000025efd6bab30 Exception <a 'java/lang/NoSuchMethodError'{0x0000000088319de0}: 'long java.lang.invoke.DirectMethodHandle$Holder.invokeInterface(java.lang.Object, java.lang.Object)'> (0x0000000088319de0) 
thrown [s\open\src\hotspot\share\interpreter\linkResolver.cpp, line 773]
Event: 37.493 Thread 0x0000025efd6bab30 Exception <a 'java/lang/NoSuchMethodError'{0x000000008831d448}: 'long java.lang.invoke.DelegatingMethodHandle$Holder.reinvoke_L(java.lang.Object, java.lang.Object)'> (0x000000008831d448) 
thrown [s\open\src\hotspot\share\interpreter\linkResolver.cpp, line 773]
Event: 40.872 Thread 0x0000025eeec966f0 Exception <a 'java/lang/NoSuchMethodError'{0x0000000085ee3940}: 'void java.lang.invoke.DirectMethodHandle$Holder.invokeStaticInit(java.lang.Object, java.lang.Object)'> (0x0000000085ee3940) 
thrown [s\open\src\hotspot\share\interpreter\linkResolver.cpp, line 773]
Event: 57.108 Thread 0x0000025eeec966f0 Exception <a 'java/lang/NoClassDefFoundError'{0x0000000085d83428}: org/sonatype/aether/graph/Dependency> (0x0000000085d83428) 
thrown [s\open\src\hotspot\share\classfile\systemDictionary.cpp, line 294]

VM Operations (20 events):
Event: 42.693 Executing VM operation: G1CollectForAllocation
Event: 42.708 Executing VM operation: G1CollectForAllocation done
Event: 43.712 Executing VM operation: Cleanup
Event: 43.712 Executing VM operation: Cleanup done
Event: 44.720 Executing VM operation: Cleanup
Event: 44.720 Executing VM operation: Cleanup done
Event: 48.753 Executing VM operation: Cleanup
Event: 48.753 Executing VM operation: Cleanup done
Event: 49.754 Executing VM operation: Cleanup
Event: 49.754 Executing VM operation: Cleanup done
Event: 50.767 Executing VM operation: Cleanup
Event: 50.767 Executing VM operation: Cleanup done
Event: 51.772 Executing VM operation: Cleanup
Event: 51.772 Executing VM operation: Cleanup done
Event: 56.804 Executing VM operation: Cleanup
Event: 56.804 Executing VM operation: Cleanup done
Event: 57.815 Executing VM operation: Cleanup
Event: 57.815 Executing VM operation: Cleanup done
Event: 58.467 Executing VM operation: G1CollectForAllocation
Event: 58.481 Executing VM operation: G1CollectForAllocation done

Events (20 events):
Event: 37.031 Thread 0x0000025efc5bad90 flushing nmethod 0x0000025e87ad1510
Event: 37.036 Thread 0x0000025efd6bab30 Thread added: 0x0000025efd6bab30
Event: 37.493 Thread 0x0000025e93367a70 Thread exited: 0x0000025e93367a70
Event: 37.496 Thread 0x0000025efd6bab30 Thread exited: 0x0000025efd6bab30
Event: 41.027 Thread 0x0000025efd6bb080 Thread added: 0x0000025efd6bb080
Event: 41.028 Thread 0x0000025efe1a0190 Thread added: 0x0000025efe1a0190
Event: 41.029 Thread 0x0000025efe1a06e0 Thread added: 0x0000025efe1a06e0
Event: 41.030 Thread 0x0000025efe19bc80 Thread added: 0x0000025efe19bc80
Event: 41.030 Thread 0x0000025efe19c1d0 Thread added: 0x0000025efe19c1d0
Event: 41.030 Thread 0x0000025efe19d710 Thread added: 0x0000025efe19d710
Event: 41.031 Thread 0x0000025efe19dc60 Thread added: 0x0000025efe19dc60
Event: 41.032 Thread 0x0000025efe19e1b0 Thread added: 0x0000025efe19e1b0
Event: 41.693 Thread 0x0000025efe19d710 Thread exited: 0x0000025efe19d710
Event: 41.694 Thread 0x0000025efe19c1d0 Thread exited: 0x0000025efe19c1d0
Event: 41.694 Thread 0x0000025efe1a0190 Thread exited: 0x0000025efe1a0190
Event: 41.694 Thread 0x0000025efe1a06e0 Thread exited: 0x0000025efe1a06e0
Event: 41.694 Thread 0x0000025efe19bc80 Thread exited: 0x0000025efe19bc80
Event: 41.694 Thread 0x0000025efd6bb080 Thread exited: 0x0000025efd6bb080
Event: 41.694 Thread 0x0000025efe19dc60 Thread exited: 0x0000025efe19dc60
Event: 41.695 Thread 0x0000025efe19e1b0 Thread exited: 0x0000025efe19e1b0


Dynamic libraries:
0x00007ff74e6b0000 - 0x00007ff74e6be000 	C:\Users\hp\.jdks\openjdk-20.0.1\bin\java.exe
0x00007fffd3a30000 - 0x00007fffd3c28000 	C:\Windows\SYSTEM32\ntdll.dll
0x00007fff9f970000 - 0x00007fff9f989000 	C:\Program Files\Avast Software\Avast\aswhook.dll
0x00007fffd1b10000 - 0x00007fffd1bcf000 	C:\Windows\System32\KERNEL32.DLL
0x00007fffd1130000 - 0x00007fffd1402000 	C:\Windows\System32\KERNELBASE.dll
0x00007fffd1630000 - 0x00007fffd1730000 	C:\Windows\System32\ucrtbase.dll
0x00007fffcc770000 - 0x00007fffcc787000 	C:\Users\hp\.jdks\openjdk-20.0.1\bin\jli.dll
0x00007fffa58f0000 - 0x00007fffa590b000 	C:\Users\hp\.jdks\openjdk-20.0.1\bin\VCRUNTIME140.dll
0x00007fffd2650000 - 0x00007fffd27f1000 	C:\Windows\System32\USER32.dll
0x00007fffd1840000 - 0x00007fffd1862000 	C:\Windows\System32\win32u.dll
0x00007fffb5760000 - 0x00007fffb59fa000 	C:\Windows\WinSxS\amd64_microsoft.windows.common-controls_6595b64144ccf1df_6.0.19041.1110_none_60b5254171f9507e\COMCTL32.dll
0x00007fffd1bd0000 - 0x00007fffd1bfb000 	C:\Windows\System32\GDI32.dll
0x00007fffd2290000 - 0x00007fffd232e000 	C:\Windows\System32\msvcrt.dll
0x00007fffd1730000 - 0x00007fffd183f000 	C:\Windows\System32\gdi32full.dll
0x00007fffd1410000 - 0x00007fffd14ad000 	C:\Windows\System32\msvcp_win.dll
0x00007fffd1c60000 - 0x00007fffd1c90000 	C:\Windows\System32\IMM32.DLL
0x00007fffb9220000 - 0x00007fffb922c000 	C:\Users\hp\.jdks\openjdk-20.0.1\bin\vcruntime140_1.dll
0x00007fff9c680000 - 0x00007fff9c70e000 	C:\Users\hp\.jdks\openjdk-20.0.1\bin\msvcp140.dll
0x00007fff8b5b0000 - 0x00007fff8c247000 	C:\Users\hp\.jdks\openjdk-20.0.1\bin\server\jvm.dll
0x00007fffd3940000 - 0x00007fffd39ee000 	C:\Windows\System32\ADVAPI32.dll
0x00007fffd36f0000 - 0x00007fffd378c000 	C:\Windows\System32\sechost.dll
0x00007fffd2330000 - 0x00007fffd2454000 	C:\Windows\System32\RPCRT4.dll
0x00007fffaee20000 - 0x00007fffaee47000 	C:\Windows\SYSTEM32\WINMM.dll
0x00007fffc8fc0000 - 0x00007fffc8fca000 	C:\Windows\SYSTEM32\VERSION.dll
0x00007fffb8ec0000 - 0x00007fffb8ec9000 	C:\Windows\SYSTEM32\WSOCK32.dll
0x00007fffd2810000 - 0x00007fffd287b000 	C:\Windows\System32\WS2_32.dll
0x00007fffcf940000 - 0x00007fffcf952000 	C:\Windows\SYSTEM32\kernel.appcore.dll
0x00007fffb47a0000 - 0x00007fffb47aa000 	C:\Users\hp\.jdks\openjdk-20.0.1\bin\jimage.dll
0x00007fffceeb0000 - 0x00007fffcf094000 	C:\Windows\SYSTEM32\DBGHELP.DLL
0x00007fffb9170000 - 0x00007fffb91a5000 	C:\Windows\SYSTEM32\dbgcore.DLL
0x00007fffd14b0000 - 0x00007fffd1532000 	C:\Windows\System32\bcryptPrimitives.dll
0x00007fffcc7e0000 - 0x00007fffcc7ee000 	C:\Users\hp\.jdks\openjdk-20.0.1\bin\instrument.dll
0x00007fffa5770000 - 0x00007fffa5796000 	C:\Users\hp\.jdks\openjdk-20.0.1\bin\java.dll
0x00007fff995d0000 - 0x00007fff996a7000 	C:\Users\hp\.jdks\openjdk-20.0.1\bin\jsvml.dll
0x00007fffd2d20000 - 0x00007fffd3465000 	C:\Windows\System32\SHELL32.dll
0x00007fffcf190000 - 0x00007fffcf922000 	C:\Windows\SYSTEM32\windows.storage.dll
0x00007fffd2910000 - 0x00007fffd2c65000 	C:\Windows\System32\combase.dll
0x00007fffd0ab0000 - 0x00007fffd0ae0000 	C:\Windows\SYSTEM32\Wldp.dll
0x00007fffd1c90000 - 0x00007fffd1d3d000 	C:\Windows\System32\SHCORE.dll
0x00007fffd1c00000 - 0x00007fffd1c55000 	C:\Windows\System32\shlwapi.dll
0x00007fffd1070000 - 0x00007fffd108f000 	C:\Windows\SYSTEM32\profapi.dll
0x00007fffa01b0000 - 0x00007fffa01c8000 	C:\Users\hp\.jdks\openjdk-20.0.1\bin\zip.dll
0x00007fffa09f0000 - 0x00007fffa0a03000 	C:\Users\hp\.jdks\openjdk-20.0.1\bin\net.dll
0x00007fffc6f40000 - 0x00007fffc704a000 	C:\Windows\SYSTEM32\WINHTTP.dll
0x00007fffd0890000 - 0x00007fffd08fa000 	C:\Windows\system32\mswsock.dll
0x00007fffcec50000 - 0x00007fffcec5a000 	C:\Windows\system32\wshqos.dll
0x00007fffcec40000 - 0x00007fffcec48000 	C:\Windows\SYSTEM32\wshtcpip.DLL
0x00007fffcec30000 - 0x00007fffcec38000 	C:\Windows\SYSTEM32\wship6.dll
0x00007fffa0840000 - 0x00007fffa0856000 	C:\Users\hp\.jdks\openjdk-20.0.1\bin\nio.dll
0x00007fffb63f0000 - 0x00007fffb640a000 	C:\Users\hp\IntelliJ IDEA Community Edition 2023.1\bin\breakgen64.dll
0x00007fffb2ee0000 - 0x00007fffb2ee7000 	C:\Users\hp\.jdks\openjdk-20.0.1\bin\extnet.dll
0x0000000069ac0000 - 0x0000000069ae4000 	C:\Users\hp\AppData\Local\Temp\jansi-2.4.0-3456e7998fd5bce5-jansi.dll
0x00007fffafa10000 - 0x00007fffafa20000 	C:\Users\hp\.jdks\openjdk-20.0.1\bin\verify.dll

dbghelp: loaded successfully - version: 4.0.5 - missing functions: none
symbol engine: initialized successfully - sym options: 0x614 - pdb path: .;C:\Users\hp\.jdks\openjdk-20.0.1\bin;C:\Windows\SYSTEM32;C:\Program Files\Avast Software\Avast;C:\Windows\WinSxS\amd64_microsoft.windows.common-controls_6595b64144ccf1df_6.0.19041.1110_none_60b5254171f9507e;C:\Users\hp\.jdks\openjdk-20.0.1\bin\server;C:\Users\hp\IntelliJ IDEA Community Edition 2023.1\bin;C:\Users\hp\AppData\Local\Temp

VM Arguments:
jvm_args: -Dmaven.multiModuleProjectDirectory=D:\Marketer -Djansi.passthrough=true -Dmaven.home=C:\Users\hp\.m2\wrapper\dists\apache-maven-3.8.7-bin\1ktonn2lleg549uah6ngl1r74r\apache-maven-3.8.7 -Dclassworlds.conf=C:\Users\hp\.m2\wrapper\dists\apache-maven-3.8.7-bin\1ktonn2lleg549uah6ngl1r74r\apache-maven-3.8.7\bin\m2.conf -Dmaven.ext.class.path=C:\Users\hp\IntelliJ IDEA Community Edition 2023.1\plugins\maven\lib\maven-event-listener.jar -javaagent:C:\Users\hp\IntelliJ IDEA Community Edition 2023.1\lib\idea_rt.jar=52491:C:\Users\hp\IntelliJ IDEA Community Edition 2023.1\bin -Dfile.encoding=UTF-8 -Dsun.stdout.encoding=UTF-8 -Dsun.stderr.encoding=UTF-8 
java_command: org.codehaus.classworlds.Launcher -Didea.version=2023.1 install
java_class_path (initial): C:\Users\hp\.m2\wrapper\dists\apache-maven-3.8.7-bin\1ktonn2lleg549uah6ngl1r74r\apache-maven-3.8.7\boot\plexus-classworlds-2.6.0.jar;C:\Users\hp\.m2\wrapper\dists\apache-maven-3.8.7-bin\1ktonn2lleg549uah6ngl1r74r\apache-maven-3.8.7\boot\plexus-classworlds.license
Launcher Type: SUN_STANDARD

[Global flags]
     intx CICompilerCount                          = 4                                         {product} {ergonomic}
     uint ConcGCThreads                            = 2                                         {product} {ergonomic}
     uint G1ConcRefinementThreads                  = 8                                         {product} {ergonomic}
   size_t G1HeapRegionSize                         = 1048576                                   {product} {ergonomic}
    uintx GCDrainStackTargetSize                   = 64                                        {product} {ergonomic}
   size_t InitialHeapSize                          = 132120576                                 {product} {ergonomic}
   size_t MarkStackSize                            = 4194304                                   {product} {ergonomic}
   size_t MaxHeapSize                              = 2097152000                                {product} {ergonomic}
   size_t MaxNewSize                               = 1258291200                                {product} {ergonomic}
   size_t MinHeapDeltaBytes                        = 1048576                                   {product} {ergonomic}
   size_t MinHeapSize                              = 8388608                                   {product} {ergonomic}
    uintx NonNMethodCodeHeapSize                   = 5839372                                {pd product} {ergonomic}
    uintx NonProfiledCodeHeapSize                  = 122909434                              {pd product} {ergonomic}
     bool PerfDisableSharedMem                     = true                                      {product} {ergonomic}
    uintx ProfiledCodeHeapSize                     = 122909434                              {pd product} {ergonomic}
    uintx ReservedCodeCacheSize                    = 251658240                              {pd product} {ergonomic}
     bool SegmentedCodeCache                       = true                                      {product} {ergonomic}
   size_t SoftMaxHeapSize                          = 2097152000                             {manageable} {ergonomic}
     bool UseCompressedClassPointers               = true                           {product lp64_product} {ergonomic}
     bool UseCompressedOops                        = true                           {product lp64_product} {ergonomic}
     bool UseG1GC                                  = true                                      {product} {ergonomic}
     bool UseLargePagesIndividualAllocation        = false                                  {pd product} {ergonomic}

Logging:
Log output configuration:
 #0: stdout all=warning uptime,level,tags foldmultilines=false
 #1: stderr all=off uptime,level,tags foldmultilines=false

Environment Variables:
PATH=C:\Program Files\NVIDIA GPU Computing Toolkit\CUDA\v12.0\bin;C:\Program Files\NVIDIA GPU Computing Toolkit\CUDA\v12.0\libnvvp;C:\Program Files\Common Files\Oracle\Java\javapath;C:\Program Files (x86)\Common Files\Oracle\Java\javapath;C:\Program Files\Python310\Scripts\;C:\Program Files\Python310\;C:\ProgramData\Oracle\Java\javapath;C:\Windows\system32;C:\Windows;C:\Windows\System32\Wbem;C:\Windows\System32\WindowsPowerShell\v1.0\;C:\Windows\System32\OpenSSH\;C:\Program Files (x86)\NVIDIA Corporation\PhysX\Common;C:\Program Files\NVIDIA Corporation\NVIDIA NvDLISR;C:\Program Files\Microsoft SQL Server\Client SDK\ODBC\170\Tools\Binn\;C:\Program Files (x86)\Microsoft SQL Server\150\Tools\Binn\;C:\Program Files\Microsoft SQL Server\150\Tools\Binn\;C:\Program Files\Microsoft SQL Server\150\DTS\Binn\;C:\Program Files (x86)\Microsoft SQL Server\150\DTS\Binn\;C:\Program Files\Azure Data Studio\bin;C:\Program Files\Git\cmd;C:\Program Files (x86)\Mozart\bin;C:\Program Files\Mozart\bin;C:\Program Files\Microsoft SQL Server\130\Tools\Binn\;C:\Program Files\dotnet\;C:\Program Files (x86)\NetCDF4Excel;C:\Program Files\NVIDIA Corporation\Nsight Compute 2022.4.0\;C:\Program Files\Docker\Docker\resources\bin;C:\Users\hp\AppData\Local\Microsoft\WindowsApps;;C:\Program Files\Azure Data Studio\bin;C:\Users\hp\.dotnet\tools;C:\Users\hp\AppData\Local\Programs\Microsoft VS Code\bin
USERNAME=hp
OS=Windows_NT
PROCESSOR_IDENTIFIER=Intel64 Family 6 Model 166 Stepping 0, GenuineIntel
TMP=C:\Users\hp\AppData\Local\Temp
TEMP=C:\Users\hp\AppData\Local\Temp




---------------  S Y S T E M  ---------------

OS:
 Windows 10 , 64 bit Build 19041 (10.0.19041.2546)
OS uptime: 0 days 1:21 hours
Hyper-V role detected

CPU: total 8 (initial active 8) (4 cores per cpu, 2 threads per core) family 6 model 166 stepping 0 microcode 0xe0, cx8, cmov, fxsr, ht, mmx, 3dnowpref, sse, sse2, sse3, ssse3, sse4.1, sse4.2, popcnt, lzcnt, tsc, tscinvbit, avx, avx2, aes, erms, clmul, bmi1, bmi2, adx, fma, vzeroupper, clflush, clflushopt, hv, rdtscp, f16c

Memory: 4k page, system-wide physical 7996M (281M free)
TotalPageFile size 11939M (AvailPageFile size 4M)
current process WorkingSet (physical memory assigned to process): 265M, peak: 273M
current process commit charge ("private bytes"): 341M, peak: 342M

vm_info: OpenJDK 64-Bit Server VM (20.0.1+9-29) for windows-amd64 JRE (20.0.1+9-29), built on 2023-03-07T13:56:11Z by "mach5one" with MS VC++ 17.1 (VS2022)

END.
